#
# There is insufficient memory for the Java Runtime Environment to continue.
# Native memory allocation (mmap) failed to map 127926272 bytes for committing reserved memory.
# Possible reasons:
#   The system is out of physical RAM or swap space
#   In 32 bit mode, the process size limit was hit
# Possible solutions:
#   Reduce memory load on the system
#   Increase physical memory or swap space
#   Check if swap backing store is full
#   Use 64 bit Java on a 64 bit OS
#   Decrease Java heap size (-Xmx/-Xms)
#   Decrease number of Java threads
#   Decrease Java thread stack sizes (-Xss)
#   Set larger code cache with -XX:ReservedCodeCacheSize=
# This output file may be truncated or incomplete.
#
#  Out of Memory Error (os_linux.cpp:2630), pid=16614, tid=140062443017984
#
# JRE version: OpenJDK Runtime Environment (8.0_91-b14) (build 1.8.0_91-8u91-b14-3ubuntu1~16.04.1-b14)
# Java VM: OpenJDK 64-Bit Server VM (25.91-b14 mixed mode linux-amd64 compressed oops)
# Failed to write core dump. Core dumps have been disabled. To enable core dumping, try "ulimit -c unlimited" before starting Java again
#

---------------  T H R E A D  ---------------

Current thread (0x00007f62e8077800):  VMThread [stack: 0x00007f62d4199000,0x00007f62d429a000] [id=16642]

Stack: [0x00007f62d4199000,0x00007f62d429a000],  sp=0x00007f62d42984c0,  free space=1021k
Native frames: (J=compiled Java code, j=interpreted, Vv=VM code, C=native code)
V  [libjvm.so+0xa5de1b]
V  [libjvm.so+0x4c178c]
V  [libjvm.so+0x8ae9d0]
V  [libjvm.so+0x8a8e4e]
V  [libjvm.so+0x922f46]
V  [libjvm.so+0x924273]
V  [libjvm.so+0x920923]
V  [libjvm.so+0x920bec]
V  [libjvm.so+0x8d3263]
V  [libjvm.so+0xa5fad2]
V  [libjvm.so+0xa64b57]
V  [libjvm.so+0xa62327]
V  [libjvm.so+0xa637af]
V  [libjvm.so+0xa63ca1]
V  [libjvm.so+0x8abeb2]

VM_Operation (0x00007f62cf1f6ea0): ParallelGCFailedAllocation, mode: safepoint, requested by thread 0x00007f62e8174000


---------------  P R O C E S S  ---------------

Java Threads: ( => current thread )
  0x00007f62e817b000 JavaThread "pool-1-thread-4" [_thread_blocked, id=16689, stack(0x00007f62cecf4000,0x00007f62cedf5000)]
  0x00007f62e8179800 JavaThread "pool-1-thread-3" [_thread_blocked, id=16688, stack(0x00007f62cedf5000,0x00007f62ceef6000)]
  0x00007f62e8178000 JavaThread "pool-1-thread-2" [_thread_blocked, id=16687, stack(0x00007f62ceef6000,0x00007f62ceff7000)]
  0x00007f62e8176800 JavaThread "pool-2-thread-1" [_thread_blocked, id=16686, stack(0x00007f62ceff7000,0x00007f62cf0f8000)]
  0x00007f62e8174000 JavaThread "pool-1-thread-1" [_thread_blocked, id=16685, stack(0x00007f62cf0f8000,0x00007f62cf1f9000)]
  0x00007f62e80ba000 JavaThread "Service Thread" daemon [_thread_blocked, id=16668, stack(0x00007f62cf2fa000,0x00007f62cf3fb000)]
  0x00007f62e80b3000 JavaThread "C1 CompilerThread2" daemon [_thread_blocked, id=16667, stack(0x00007f62cf3fb000,0x00007f62cf4fc000)]
  0x00007f62e80b1000 JavaThread "C2 CompilerThread1" daemon [_thread_blocked, id=16666, stack(0x00007f62cf4fc000,0x00007f62cf5fd000)]
  0x00007f62e80ae000 JavaThread "C2 CompilerThread0" daemon [_thread_blocked, id=16665, stack(0x00007f62cf5fd000,0x00007f62cf6fe000)]
  0x00007f62e80ac000 JavaThread "Signal Dispatcher" daemon [_thread_blocked, id=16660, stack(0x00007f62cf6fe000,0x00007f62cf7ff000)]
  0x00007f62e8084000 JavaThread "Finalizer" daemon [_thread_blocked, id=16649, stack(0x00007f62cfeff000,0x00007f62d0000000)]
  0x00007f62e807f000 JavaThread "Reference Handler" daemon [_thread_blocked, id=16648, stack(0x00007f62d4098000,0x00007f62d4199000)]
  0x00007f62e800a000 JavaThread "main" [_thread_blocked, id=16620, stack(0x00007f62eef26000,0x00007f62ef027000)]

Other Threads:
=>0x00007f62e8077800 VMThread [stack: 0x00007f62d4199000,0x00007f62d429a000] [id=16642]
  0x00007f62e80bc800 WatcherThread [stack: 0x00007f62cf1f9000,0x00007f62cf2fa000] [id=16669]

VM state:at safepoint (normal execution)

VM Mutex/Monitor currently owned by a thread:  ([mutex/lock_event])
[0x00007f62e8006800] Threads_lock - owner thread: 0x00007f62e8077800
[0x00007f62e8006d00] Heap_lock - owner thread: 0x00007f62e8174000

Heap:
 PSYoungGen      total 99840K, used 3581K [0x00000000eab00000, 0x00000000f1000000, 0x0000000100000000)
  eden space 96256K, 0% used [0x00000000eab00000,0x00000000eab00000,0x00000000f0900000)
  from space 3584K, 99% used [0x00000000f0900000,0x00000000f0c7f6f0,0x00000000f0c80000)
  to   space 3584K, 0% used [0x00000000f0c80000,0x00000000f0c80000,0x00000000f1000000)
 ParOldGen       total 62976K, used 32785K [0x00000000c0000000, 0x00000000c3d80000, 0x00000000eab00000)
  object space 62976K, 52% used [0x00000000c0000000,0x00000000c2004680,0x00000000c3d80000)
 Metaspace       used 5975K, capacity 7024K, committed 7296K, reserved 1056768K
  class space    used 580K, capacity 616K, committed 640K, reserved 1048576K

Card table byte_map: [0x00007f62d81ff000,0x00007f62d8400000] byte_map_base: 0x00007f62d7bff000

Marking Bits: (ParMarkBitMap*) 0x00007f62ee1f7fc0
 Begin Bits: [0x00007f62d5dfb000, 0x00007f62d6dfb000)
 End Bits:   [0x00007f62d6dfb000, 0x00007f62d7dfb000)

Polling page: 0x00007f62ef049000

CodeCache: size=245760Kb used=5655Kb max_used=5656Kb free=240104Kb
 bounds [0x00007f62d87c0000, 0x00007f62d8d50000, 0x00007f62e77c0000]
 total_blobs=1711 nmethods=1443 adapters=182
 compilation: enabled

Compilation events (10 events):
Event: 7.345 Thread 0x00007f62e80b3000 nmethod 1792% 0x00007f62d8d3b950 code [0x00007f62d8d3bc00, 0x00007f62d8d3ce68]
Event: 7.345 Thread 0x00007f62e80b3000 1794       3       com.android.dx.rop.type.Prototype::makeParameterArray (131 bytes)
Event: 7.348 Thread 0x00007f62e80b3000 nmethod 1794 0x00007f62d8d3d750 code [0x00007f62d8d3d980, 0x00007f62d8d3e538]
Event: 7.348 Thread 0x00007f62e80b3000 1796       3       com.android.dx.cf.code.BasicBlocker::getBlockList (208 bytes)
Event: 7.354 Thread 0x00007f62e80b1000 nmethod 1630 0x00007f62d8d43c90 code [0x00007f62d8d44080, 0x00007f62d8d46590]
Event: 7.354 Thread 0x00007f62e80b1000 1720       4       java.util.HashMap::getNode (148 bytes)
Event: 7.359 Thread 0x00007f62e80b3000 nmethod 1796 0x00007f62d8d41d50 code [0x00007f62d8d41fe0, 0x00007f62d8d43208]
Event: 7.359 Thread 0x00007f62e80b3000 1793 %     3       com.android.dx.dex.code.BlockAddresses::setupArrays @ 13 (113 bytes)
Event: 7.368 Thread 0x00007f62e80b3000 nmethod 1793% 0x00007f62d8d3f150 code [0x00007f62d8d3f420, 0x00007f62d8d40ed8]
Event: 7.368 Thread 0x00007f62e80b3000 1795 %     3       com.android.dx.dex.code.RopTranslator::outputInstructions @ 19 (69 bytes)

GC Heap History (9 events):
Event: 2.490 GC heap before
{Heap before GC invocations=1 (full 0):
 PSYoungGen      total 27648K, used 24064K [0x00000000eab00000, 0x00000000ec980000, 0x0000000100000000)
  eden space 24064K, 100% used [0x00000000eab00000,0x00000000ec280000,0x00000000ec280000)
  from space 3584K, 0% used [0x00000000ec600000,0x00000000ec600000,0x00000000ec980000)
  to   space 3584K, 0% used [0x00000000ec280000,0x00000000ec280000,0x00000000ec600000)
 ParOldGen       total 62976K, used 0K [0x00000000c0000000, 0x00000000c3d80000, 0x00000000eab00000)
  object space 62976K, 0% used [0x00000000c0000000,0x00000000c0000000,0x00000000c3d80000)
 Metaspace       used 5506K, capacity 6704K, committed 6784K, reserved 1056768K
  class space    used 554K, capacity 616K, committed 640K, reserved 1048576K
Event: 2.548 GC heap after
Heap after GC invocations=1 (full 0):
 PSYoungGen      total 27648K, used 3575K [0x00000000eab00000, 0x00000000ee100000, 0x0000000100000000)
  eden space 24064K, 0% used [0x00000000eab00000,0x00000000eab00000,0x00000000ec280000)
  from space 3584K, 99% used [0x00000000ec280000,0x00000000ec5fdc78,0x00000000ec600000)
  to   space 3584K, 0% used [0x00000000edd80000,0x00000000edd80000,0x00000000ee100000)
 ParOldGen       total 62976K, used 1822K [0x00000000c0000000, 0x00000000c3d80000, 0x00000000eab00000)
  object space 62976K, 2% used [0x00000000c0000000,0x00000000c01c7a30,0x00000000c3d80000)
 Metaspace       used 5506K, capacity 6704K, committed 6784K, reserved 1056768K
  class space    used 554K, capacity 616K, committed 640K, reserved 1048576K
}
Event: 3.764 GC heap before
{Heap before GC invocations=2 (full 0):
 PSYoungGen      total 27648K, used 27639K [0x00000000eab00000, 0x00000000ee100000, 0x0000000100000000)
  eden space 24064K, 100% used [0x00000000eab00000,0x00000000ec280000,0x00000000ec280000)
  from space 3584K, 99% used [0x00000000ec280000,0x00000000ec5fdc78,0x00000000ec600000)
  to   space 3584K, 0% used [0x00000000edd80000,0x00000000edd80000,0x00000000ee100000)
 ParOldGen       total 62976K, used 1822K [0x00000000c0000000, 0x00000000c3d80000, 0x00000000eab00000)
  object space 62976K, 2% used [0x00000000c0000000,0x00000000c01c7a30,0x00000000c3d80000)
 Metaspace       used 5645K, capacity 6832K, committed 7040K, reserved 1056768K
  class space    used 561K, capacity 616K, committed 640K, reserved 1048576K
Event: 3.832 GC heap after
Heap after GC invocations=2 (full 0):
 PSYoungGen      total 51712K, used 3568K [0x00000000eab00000, 0x00000000ee100000, 0x0000000100000000)
  eden space 48128K, 0% used [0x00000000eab00000,0x00000000eab00000,0x00000000eda00000)
  from space 3584K, 99% used [0x00000000edd80000,0x00000000ee0fc058,0x00000000ee100000)
  to   space 3584K, 0% used [0x00000000eda00000,0x00000000eda00000,0x00000000edd80000)
 ParOldGen       total 62976K, used 5114K [0x00000000c0000000, 0x00000000c3d80000, 0x00000000eab00000)
  object space 62976K, 8% used [0x00000000c0000000,0x00000000c04feb40,0x00000000c3d80000)
 Metaspace       used 5645K, capacity 6832K, committed 7040K, reserved 1056768K
  class space    used 561K, capacity 616K, committed 640K, reserved 1048576K
}
Event: 4.964 GC heap before
{Heap before GC invocations=3 (full 0):
 PSYoungGen      total 51712K, used 51696K [0x00000000eab00000, 0x00000000ee100000, 0x0000000100000000)
  eden space 48128K, 100% used [0x00000000eab00000,0x00000000eda00000,0x00000000eda00000)
  from space 3584K, 99% used [0x00000000edd80000,0x00000000ee0fc058,0x00000000ee100000)
  to   space 3584K, 0% used [0x00000000eda00000,0x00000000eda00000,0x00000000edd80000)
 ParOldGen       total 62976K, used 5114K [0x00000000c0000000, 0x00000000c3d80000, 0x00000000eab00000)
  object space 62976K, 8% used [0x00000000c0000000,0x00000000c04feb40,0x00000000c3d80000)
 Metaspace       used 5750K, capacity 6960K, committed 7040K, reserved 1056768K
  class space    used 562K, capacity 616K, committed 640K, reserved 1048576K
Event: 5.052 GC heap after
Heap after GC invocations=3 (full 0):
 PSYoungGen      total 51712K, used 3562K [0x00000000eab00000, 0x00000000f1000000, 0x0000000100000000)
  eden space 48128K, 0% used [0x00000000eab00000,0x00000000eab00000,0x00000000eda00000)
  from space 3584K, 99% used [0x00000000eda00000,0x00000000edd7aaa0,0x00000000edd80000)
  to   space 3584K, 0% used [0x00000000f0c80000,0x00000000f0c80000,0x00000000f1000000)
 ParOldGen       total 62976K, used 12422K [0x00000000c0000000, 0x00000000c3d80000, 0x00000000eab00000)
  object space 62976K, 19% used [0x00000000c0000000,0x00000000c0c218f0,0x00000000c3d80000)
 Metaspace       used 5750K, capacity 6960K, committed 7040K, reserved 1056768K
  class space    used 562K, capacity 616K, committed 640K, reserved 1048576K
}
Event: 5.828 GC heap before
{Heap before GC invocations=4 (full 0):
 PSYoungGen      total 51712K, used 51690K [0x00000000eab00000, 0x00000000f1000000, 0x0000000100000000)
  eden space 48128K, 100% used [0x00000000eab00000,0x00000000eda00000,0x00000000eda00000)
  from space 3584K, 99% used [0x00000000eda00000,0x00000000edd7aaa0,0x00000000edd80000)
  to   space 3584K, 0% used [0x00000000f0c80000,0x00000000f0c80000,0x00000000f1000000)
 ParOldGen       total 62976K, used 12422K [0x00000000c0000000, 0x00000000c3d80000, 0x00000000eab00000)
  object space 62976K, 19% used [0x00000000c0000000,0x00000000c0c218f0,0x00000000c3d80000)
 Metaspace       used 5776K, capacity 6960K, committed 7040K, reserved 1056768K
  class space    used 562K, capacity 616K, committed 640K, reserved 1048576K
Event: 5.925 GC heap after
Heap after GC invocations=4 (full 0):
 PSYoungGen      total 99840K, used 3562K [0x00000000eab00000, 0x00000000f1000000, 0x0000000100000000)
  eden space 96256K, 0% used [0x00000000eab00000,0x00000000eab00000,0x00000000f0900000)
  from space 3584K, 99% used [0x00000000f0c80000,0x00000000f0ffaaa0,0x00000000f1000000)
  to   space 3584K, 0% used [0x00000000f0900000,0x00000000f0900000,0x00000000f0c80000)
 ParOldGen       total 62976K, used 18941K [0x00000000c0000000, 0x00000000c3d80000, 0x00000000eab00000)
  object space 62976K, 30% used [0x00000000c0000000,0x00000000c127f418,0x00000000c3d80000)
 Metaspace       used 5776K, capacity 6960K, committed 7040K, reserved 1056768K
  class space    used 562K, capacity 616K, committed 640K, reserved 1048576K
}
Event: 7.392 GC heap before
{Heap before GC invocations=5 (full 0):
 PSYoungGen      total 99840K, used 99818K [0x00000000eab00000, 0x00000000f1000000, 0x0000000100000000)
  eden space 96256K, 100% used [0x00000000eab00000,0x00000000f0900000,0x00000000f0900000)
  from space 3584K, 99% used [0x00000000f0c80000,0x00000000f0ffaaa0,0x00000000f1000000)
  to   space 3584K, 0% used [0x00000000f0900000,0x00000000f0900000,0x00000000f0c80000)
 ParOldGen       total 62976K, used 18941K [0x00000000c0000000, 0x00000000c3d80000, 0x00000000eab00000)
  object space 62976K, 30% used [0x00000000c0000000,0x00000000c127f418,0x00000000c3d80000)
 Metaspace       used 5975K, capacity 7024K, committed 7296K, reserved 1056768K
  class space    used 580K, capacity 616K, committed 640K, reserved 1048576K

Deoptimization events (10 events):
Event: 2.949 Thread 0x00007f62e800a000 Uncommon trap: reason=unstable_if action=reinterpret pc=0x00007f62d89f7f9c method=com.android.dx.rop.cst.Constant.compareTo(Lcom/android/dx/rop/cst/Constant;)I @ 12
Event: 3.325 Thread 0x00007f62e8174000 Uncommon trap: reason=unstable_if action=reinterpret pc=0x00007f62d89fb034 method=com.android.dx.rop.code.RegisterSpec.equals(ILcom/android/dx/rop/type/TypeBearer;Lcom/android/dx/rop/code/LocalItem;)Z @ 42
Event: 3.473 Thread 0x00007f62e800a000 Uncommon trap: reason=bimorphic action=maybe_recompile pc=0x00007f62d89dd75c method=java.util.HashMap.getNode(ILjava/lang/Object;)Ljava/util/HashMap$Node; @ 126
Event: 3.645 Thread 0x00007f62e8174000 Uncommon trap: reason=unstable_if action=reinterpret pc=0x00007f62d8964f80 method=java.lang.String.replace(CC)Ljava/lang/String; @ 26
Event: 4.062 Thread 0x00007f62e8174000 Uncommon trap: reason=unstable_if action=reinterpret pc=0x00007f62d89dd73c method=java.util.HashMap.getNode(ILjava/lang/Object;)Ljava/util/HashMap$Node; @ 84
Event: 5.941 Thread 0x00007f62e817b000 Uncommon trap: reason=class_check action=maybe_recompile pc=0x00007f62d8c4cc54 method=java.util.HashMap.putVal(ILjava/lang/Object;Ljava/lang/Object;ZZ)Ljava/lang/Object; @ 203
Event: 6.133 Thread 0x00007f62e8179800 Uncommon trap: reason=class_check action=maybe_recompile pc=0x00007f62d8c4cc54 method=java.util.HashMap.putVal(ILjava/lang/Object;Ljava/lang/Object;ZZ)Ljava/lang/Object; @ 203
Event: 6.573 Thread 0x00007f62e817b000 Uncommon trap: reason=unstable_if action=reinterpret pc=0x00007f62d8ab532c method=java.util.HashMap.putVal(ILjava/lang/Object;Ljava/lang/Object;ZZ)Ljava/lang/Object; @ 162
Event: 7.084 Thread 0x00007f62e800a000 Uncommon trap: reason=class_check action=maybe_recompile pc=0x00007f62d8c4cc54 method=java.util.HashMap.putVal(ILjava/lang/Object;Ljava/lang/Object;ZZ)Ljava/lang/Object; @ 203
Event: 7.364 Thread 0x00007f62e8174000 Uncommon trap: reason=class_check action=maybe_recompile pc=0x00007f62d8c4cc54 method=java.util.HashMap.putVal(ILjava/lang/Object;Ljava/lang/Object;ZZ)Ljava/lang/Object; @ 203

Internal exceptions (6 events):
Event: 0.074 Thread 0x00007f62e800a000 Exception <a 'java/lang/NoSuchMethodError': Method sun.misc.Unsafe.defineClass(Ljava/lang/String;[BII)Ljava/lang/Class; name or signature does not match> (0x00000000eab07cc0) thrown at [/build/openjdk-8-W1Ghxo/openjdk-8-8u91-b14/src/hotspot/src/share/vm/p
Event: 0.074 Thread 0x00007f62e800a000 Exception <a 'java/lang/NoSuchMethodError': Method sun.misc.Unsafe.prefetchRead(Ljava/lang/Object;J)V name or signature does not match> (0x00000000eab07fa8) thrown at [/build/openjdk-8-W1Ghxo/openjdk-8-8u91-b14/src/hotspot/src/share/vm/prims/jni.cpp, line
Event: 2.924 Thread 0x00007f62e800a000 Implicit null exception at 0x00007f62d8a7533a to 0x00007f62d8a78099
Event: 6.584 Thread 0x00007f62e817b000 Exception <a 'java/lang/ArrayIndexOutOfBoundsException': 18> (0x00000000ede7bd28) thrown at [/build/openjdk-8-W1Ghxo/openjdk-8-8u91-b14/src/hotspot/src/share/vm/interpreter/interpreterRuntime.cpp, line 366]
Event: 6.585 Thread 0x00007f62e817b000 Exception <a 'java/lang/ArrayIndexOutOfBoundsException': 145> (0x00000000edfafe28) thrown at [/build/openjdk-8-W1Ghxo/openjdk-8-8u91-b14/src/hotspot/src/share/vm/interpreter/interpreterRuntime.cpp, line 366]
Event: 6.586 Thread 0x00007f62e817b000 Exception <a 'java/lang/ArrayIndexOutOfBoundsException': 40> (0x00000000edfb1110) thrown at [/build/openjdk-8-W1Ghxo/openjdk-8-8u91-b14/src/hotspot/src/share/vm/interpreter/interpreterRuntime.cpp, line 366]

Events (10 events):
Event: 7.146 Thread 0x00007f62e8179800 DEOPT PACKING pc=0x00007f62d8b8dbe8 sp=0x00007f62ceef3ee0
Event: 7.146 Thread 0x00007f62e8179800 DEOPT UNPACKING pc=0x00007f62d8807373 sp=0x00007f62ceef3c10 mode 0
Event: 7.202 Thread 0x00007f62e800a000 DEOPT PACKING pc=0x00007f62d89b8ff9 sp=0x00007f62ef0249b0
Event: 7.202 Thread 0x00007f62e800a000 DEOPT UNPACKING pc=0x00007f62d8807373 sp=0x00007f62ef024700 mode 0
Event: 7.325 Thread 0x00007f62e800a000 DEOPT PACKING pc=0x00007f62d8b9dc7f sp=0x00007f62ef024bc0
Event: 7.325 Thread 0x00007f62e800a000 DEOPT UNPACKING pc=0x00007f62d8807373 sp=0x00007f62ef024940 mode 0
Event: 7.364 Thread 0x00007f62e8174000 Uncommon trap: trap_request=0xffffffde fr.pc=0x00007f62d8c4cc54
Event: 7.364 Thread 0x00007f62e8174000 DEOPT PACKING pc=0x00007f62d8c4cc54 sp=0x00007f62cf1f6e70
Event: 7.364 Thread 0x00007f62e8174000 DEOPT UNPACKING pc=0x00007f62d87c4f69 sp=0x00007f62cf1f6e18 mode 2
Event: 7.375 Executing VM operation: ParallelGCFailedAllocation


Dynamic libraries:
00400000-00401000 r-xp 00000000 08:03 3153741                            /usr/lib/jvm/java-8-openjdk-amd64/jre/bin/java
00600000-00601000 r--p 00000000 08:03 3153741                            /usr/lib/jvm/java-8-openjdk-amd64/jre/bin/java
00601000-00602000 rw-p 00001000 08:03 3153741                            /usr/lib/jvm/java-8-openjdk-amd64/jre/bin/java
01007000-01028000 rw-p 00000000 00:00 0                                  [heap]
c0000000-c3d80000 rw-p 00000000 00:00 0 
c3d80000-eab00000 ---p 00000000 00:00 0 
eab00000-f1000000 rw-p 00000000 00:00 0 
f8a00000-100000000 ---p 00000000 00:00 0 
100000000-1000a0000 rw-p 00000000 00:00 0 
1000a0000-140000000 ---p 00000000 00:00 0 
7f6280000000-7f6280021000 rw-p 00000000 00:00 0 
7f6280021000-7f6284000000 ---p 00000000 00:00 0 
7f6288000000-7f628802c000 rw-p 00000000 00:00 0 
7f628802c000-7f628c000000 ---p 00000000 00:00 0 
7f628c000000-7f628c028000 rw-p 00000000 00:00 0 
7f628c028000-7f6290000000 ---p 00000000 00:00 0 
7f6290000000-7f629002f000 rw-p 00000000 00:00 0 
7f629002f000-7f6294000000 ---p 00000000 00:00 0 
7f6294000000-7f6294021000 rw-p 00000000 00:00 0 
7f6294021000-7f6298000000 ---p 00000000 00:00 0 
7f6298000000-7f6298021000 rw-p 00000000 00:00 0 
7f6298021000-7f629c000000 ---p 00000000 00:00 0 
7f629c000000-7f629c021000 rw-p 00000000 00:00 0 
7f629c021000-7f62a0000000 ---p 00000000 00:00 0 
7f62a0000000-7f62a04b9000 rw-p 00000000 00:00 0 
7f62a04b9000-7f62a4000000 ---p 00000000 00:00 0 
7f62a4000000-7f62a4679000 rw-p 00000000 00:00 0 
7f62a4679000-7f62a8000000 ---p 00000000 00:00 0 
7f62a8000000-7f62a8021000 rw-p 00000000 00:00 0 
7f62a8021000-7f62ac000000 ---p 00000000 00:00 0 
7f62ac000000-7f62ac645000 rw-p 00000000 00:00 0 
7f62ac645000-7f62b0000000 ---p 00000000 00:00 0 
7f62b0000000-7f62b0021000 rw-p 00000000 00:00 0 
7f62b0021000-7f62b4000000 ---p 00000000 00:00 0 
7f62b4000000-7f62b4021000 rw-p 00000000 00:00 0 
7f62b4021000-7f62b8000000 ---p 00000000 00:00 0 
7f62b8000000-7f62b8021000 rw-p 00000000 00:00 0 
7f62b8021000-7f62bc000000 ---p 00000000 00:00 0 
7f62bc000000-7f62bc021000 rw-p 00000000 00:00 0 
7f62bc021000-7f62c0000000 ---p 00000000 00:00 0 
7f62c0000000-7f62c0021000 rw-p 00000000 00:00 0 
7f62c0021000-7f62c4000000 ---p 00000000 00:00 0 
7f62c8000000-7f62c8021000 rw-p 00000000 00:00 0 
7f62c8021000-7f62cc000000 ---p 00000000 00:00 0 
7f62cecf4000-7f62cecf7000 ---p 00000000 00:00 0 
7f62cecf7000-7f62cedf5000 rw-p 00000000 00:00 0 
7f62cedf5000-7f62cedf8000 ---p 00000000 00:00 0 
7f62cedf8000-7f62ceef6000 rw-p 00000000 00:00 0 
7f62ceef6000-7f62ceef9000 ---p 00000000 00:00 0 
7f62ceef9000-7f62ceff7000 rw-p 00000000 00:00 0 
7f62ceff7000-7f62ceffa000 ---p 00000000 00:00 0 
7f62ceffa000-7f62cf0f8000 rw-p 00000000 00:00 0 
7f62cf0f8000-7f62cf0fb000 ---p 00000000 00:00 0 
7f62cf0fb000-7f62cf1f9000 rw-p 00000000 00:00 0 
7f62cf1f9000-7f62cf1fa000 ---p 00000000 00:00 0 
7f62cf1fa000-7f62cf2fa000 rw-p 00000000 00:00 0 
7f62cf2fa000-7f62cf2fd000 ---p 00000000 00:00 0 
7f62cf2fd000-7f62cf3fb000 rw-p 00000000 00:00 0 
7f62cf3fb000-7f62cf3fe000 ---p 00000000 00:00 0 
7f62cf3fe000-7f62cf4fc000 rw-p 00000000 00:00 0 
7f62cf4fc000-7f62cf4ff000 ---p 00000000 00:00 0 
7f62cf4ff000-7f62cf5fd000 rw-p 00000000 00:00 0 
7f62cf5fd000-7f62cf600000 ---p 00000000 00:00 0 
7f62cf600000-7f62cf6fe000 rw-p 00000000 00:00 0 
7f62cf6fe000-7f62cf701000 ---p 00000000 00:00 0 
7f62cf701000-7f62cf7ff000 rw-p 00000000 00:00 0 
7f62cf7ff000-7f62cfeff000 r--p 00000000 08:03 2892128                    /usr/lib/locale/locale-archive
7f62cfeff000-7f62cff02000 ---p 00000000 00:00 0 
7f62cff02000-7f62d0000000 rw-p 00000000 00:00 0 
7f62d0000000-7f62d0021000 rw-p 00000000 00:00 0 
7f62d0021000-7f62d4000000 ---p 00000000 00:00 0 
7f62d402e000-7f62d4044000 r--s 000f1000 08:03 3160025                    /home/alejandro/AndroidStudioProjects/Raihere/app/build/intermediates/exploded-aar/com.android.support/support-v4/23.4.0/jars/classes.jar
7f62d4044000-7f62d4053000 r--s 000df000 08:03 1320028                    /home/alejandro/Android/Sdk/build-tools/23.0.1/lib/dx.jar
7f62d4053000-7f62d406e000 r--s 001d7000 08:03 3153817                    /usr/lib/jvm/java-8-openjdk-amd64/jre/lib/ext/nashorn.jar
7f62d406e000-7f62d408a000 r--s 00393000 08:03 3153819                    /usr/lib/jvm/java-8-openjdk-amd64/jre/lib/ext/cldrdata.jar
7f62d408a000-7f62d408e000 r--s 00037000 08:03 3153826                    /usr/lib/jvm/java-8-openjdk-amd64/jre/lib/ext/sunpkcs11.jar
7f62d408e000-7f62d4098000 r--s 00116000 08:03 3153825                    /usr/lib/jvm/java-8-openjdk-amd64/jre/lib/ext/localedata.jar
7f62d4098000-7f62d409b000 ---p 00000000 00:00 0 
7f62d409b000-7f62d4199000 rw-p 00000000 00:00 0 
7f62d4199000-7f62d419a000 ---p 00000000 00:00 0 
7f62d419a000-7f62d522d000 rw-p 00000000 00:00 0 
7f62d522d000-7f62d53fb000 r--s 03beb000 08:03 3153805                    /usr/lib/jvm/java-8-openjdk-amd64/jre/lib/rt.jar
7f62d53fb000-7f62d5a7b000 rw-p 00000000 00:00 0 
7f62d5a7b000-7f62d5bfb000 ---p 00000000 00:00 0 
7f62d5bfb000-7f62d7dfb000 rw-p 00000000 00:00 0 
7f62d7dfb000-7f62d7dfc000 ---p 00000000 00:00 0 
7f62d7dfc000-7f62d7efc000 rw-p 00000000 00:00 0 
7f62d7efc000-7f62d7efd000 ---p 00000000 00:00 0 
7f62d7efd000-7f62d7ffd000 rw-p 00000000 00:00 0 
7f62d7ffd000-7f62d7ffe000 ---p 00000000 00:00 0 
7f62d7ffe000-7f62d80fe000 rw-p 00000000 00:00 0 
7f62d80fe000-7f62d80ff000 ---p 00000000 00:00 0 
7f62d80ff000-7f62d821e000 rw-p 00000000 00:00 0 
7f62d821e000-7f62d8354000 ---p 00000000 00:00 0 
7f62d8354000-7f62d8387000 rw-p 00000000 00:00 0 
7f62d8387000-7f62d83ff000 ---p 00000000 00:00 0 
7f62d83ff000-7f62d8417000 rw-p 00000000 00:00 0 
7f62d8417000-7f62d87c0000 ---p 00000000 00:00 0 
7f62d87c0000-7f62d8d50000 rwxp 00000000 00:00 0 
7f62d8d50000-7f62e77c0000 ---p 00000000 00:00 0 
7f62e77c0000-7f62e77c8000 r-xp 00000000 08:03 3153773                    /usr/lib/jvm/java-8-openjdk-amd64/jre/lib/amd64/libzip.so
7f62e77c8000-7f62e79c7000 ---p 00008000 08:03 3153773                    /usr/lib/jvm/java-8-openjdk-amd64/jre/lib/amd64/libzip.so
7f62e79c7000-7f62e79c8000 r--p 00007000 08:03 3153773                    /usr/lib/jvm/java-8-openjdk-amd64/jre/lib/amd64/libzip.so
7f62e79c8000-7f62e79c9000 rw-p 00008000 08:03 3153773                    /usr/lib/jvm/java-8-openjdk-amd64/jre/lib/amd64/libzip.so
7f62e79c9000-7f62e79d4000 r-xp 00000000 08:03 398080                     /lib/x86_64-linux-gnu/libnss_files-2.23.so
7f62e79d4000-7f62e7bd3000 ---p 0000b000 08:03 398080                     /lib/x86_64-linux-gnu/libnss_files-2.23.so
7f62e7bd3000-7f62e7bd4000 r--p 0000a000 08:03 398080                     /lib/x86_64-linux-gnu/libnss_files-2.23.so
7f62e7bd4000-7f62e7bd5000 rw-p 0000b000 08:03 398080                     /lib/x86_64-linux-gnu/libnss_files-2.23.so
7f62e7bd5000-7f62e7bdb000 rw-p 00000000 00:00 0 
7f62e7bdb000-7f62e7be6000 r-xp 00000000 08:03 398091                     /lib/x86_64-linux-gnu/libnss_nis-2.23.so
7f62e7be6000-7f62e7de5000 ---p 0000b000 08:03 398091                     /lib/x86_64-linux-gnu/libnss_nis-2.23.so
7f62e7de5000-7f62e7de6000 r--p 0000a000 08:03 398091                     /lib/x86_64-linux-gnu/libnss_nis-2.23.so
7f62e7de6000-7f62e7de7000 rw-p 0000b000 08:03 398091                     /lib/x86_64-linux-gnu/libnss_nis-2.23.so
7f62e7de7000-7f62e7dfd000 r-xp 00000000 08:03 398074                     /lib/x86_64-linux-gnu/libnsl-2.23.so
7f62e7dfd000-7f62e7ffc000 ---p 00016000 08:03 398074                     /lib/x86_64-linux-gnu/libnsl-2.23.so
7f62e7ffc000-7f62e7ffd000 r--p 00015000 08:03 398074                     /lib/x86_64-linux-gnu/libnsl-2.23.so
7f62e7ffd000-7f62e7ffe000 rw-p 00016000 08:03 398074                     /lib/x86_64-linux-gnu/libnsl-2.23.so
7f62e7ffe000-7f62e8000000 rw-p 00000000 00:00 0 
7f62e8000000-7f62e81b1000 rw-p 00000000 00:00 0 
7f62e81b1000-7f62ec000000 ---p 00000000 00:00 0 
7f62ec000000-7f62ec003000 r--s 0000f000 08:03 3153824                    /usr/lib/jvm/java-8-openjdk-amd64/jre/lib/ext/icedtea-sound.jar
7f62ec003000-7f62ec004000 r--s 00010000 08:03 3153822                    /usr/lib/jvm/java-8-openjdk-amd64/jre/lib/ext/zipfs.jar
7f62ec004000-7f62ec0ba000 rw-p 00000000 00:00 0 
7f62ec0ba000-7f62ec1f1000 ---p 00000000 00:00 0 
7f62ec1f1000-7f62ec1f9000 r-xp 00000000 08:03 398076                     /lib/x86_64-linux-gnu/libnss_compat-2.23.so
7f62ec1f9000-7f62ec3f8000 ---p 00008000 08:03 398076                     /lib/x86_64-linux-gnu/libnss_compat-2.23.so
7f62ec3f8000-7f62ec3f9000 r--p 00007000 08:03 398076                     /lib/x86_64-linux-gnu/libnss_compat-2.23.so
7f62ec3f9000-7f62ec3fa000 rw-p 00008000 08:03 398076                     /lib/x86_64-linux-gnu/libnss_compat-2.23.so
7f62ec3fa000-7f62ec427000 r-xp 00000000 08:03 3153758                    /usr/lib/jvm/java-8-openjdk-amd64/jre/lib/amd64/libjava.so
7f62ec427000-7f62ec626000 ---p 0002d000 08:03 3153758                    /usr/lib/jvm/java-8-openjdk-amd64/jre/lib/amd64/libjava.so
7f62ec626000-7f62ec627000 r--p 0002c000 08:03 3153758                    /usr/lib/jvm/java-8-openjdk-amd64/jre/lib/amd64/libjava.so
7f62ec627000-7f62ec629000 rw-p 0002d000 08:03 3153758                    /usr/lib/jvm/java-8-openjdk-amd64/jre/lib/amd64/libjava.so
7f62ec629000-7f62ec638000 r-xp 00000000 08:03 3153759                    /usr/lib/jvm/java-8-openjdk-amd64/jre/lib/amd64/libverify.so
7f62ec638000-7f62ec837000 ---p 0000f000 08:03 3153759                    /usr/lib/jvm/java-8-openjdk-amd64/jre/lib/amd64/libverify.so
7f62ec837000-7f62ec839000 r--p 0000e000 08:03 3153759                    /usr/lib/jvm/java-8-openjdk-amd64/jre/lib/amd64/libverify.so
7f62ec839000-7f62ec83a000 rw-p 00010000 08:03 3153759                    /usr/lib/jvm/java-8-openjdk-amd64/jre/lib/amd64/libverify.so
7f62ec83a000-7f62ec841000 r-xp 00000000 08:03 398136                     /lib/x86_64-linux-gnu/librt-2.23.so
7f62ec841000-7f62eca40000 ---p 00007000 08:03 398136                     /lib/x86_64-linux-gnu/librt-2.23.so
7f62eca40000-7f62eca41000 r--p 00006000 08:03 398136                     /lib/x86_64-linux-gnu/librt-2.23.so
7f62eca41000-7f62eca42000 rw-p 00007000 08:03 398136                     /lib/x86_64-linux-gnu/librt-2.23.so
7f62eca42000-7f62eca58000 r-xp 00000000 08:03 398021                     /lib/x86_64-linux-gnu/libgcc_s.so.1
7f62eca58000-7f62ecc57000 ---p 00016000 08:03 398021                     /lib/x86_64-linux-gnu/libgcc_s.so.1
7f62ecc57000-7f62ecc58000 rw-p 00015000 08:03 398021                     /lib/x86_64-linux-gnu/libgcc_s.so.1
7f62ecc58000-7f62ecd60000 r-xp 00000000 08:03 398053                     /lib/x86_64-linux-gnu/libm-2.23.so
7f62ecd60000-7f62ecf5f000 ---p 00108000 08:03 398053                     /lib/x86_64-linux-gnu/libm-2.23.so
7f62ecf5f000-7f62ecf60000 r--p 00107000 08:03 398053                     /lib/x86_64-linux-gnu/libm-2.23.so
7f62ecf60000-7f62ecf61000 rw-p 00108000 08:03 398053                     /lib/x86_64-linux-gnu/libm-2.23.so
7f62ecf61000-7f62ed0d3000 r-xp 00000000 08:03 2896151                    /usr/lib/x86_64-linux-gnu/libstdc++.so.6.0.21
7f62ed0d3000-7f62ed2d3000 ---p 00172000 08:03 2896151                    /usr/lib/x86_64-linux-gnu/libstdc++.so.6.0.21
7f62ed2d3000-7f62ed2dd000 r--p 00172000 08:03 2896151                    /usr/lib/x86_64-linux-gnu/libstdc++.so.6.0.21
7f62ed2dd000-7f62ed2df000 rw-p 0017c000 08:03 2896151                    /usr/lib/x86_64-linux-gnu/libstdc++.so.6.0.21
7f62ed2df000-7f62ed2e3000 rw-p 00000000 00:00 0 
7f62ed2e3000-7f62edf29000 r-xp 00000000 08:03 3153771                    /usr/lib/jvm/java-8-openjdk-amd64/jre/lib/amd64/server/libjvm.so
7f62edf29000-7f62ee129000 ---p 00c46000 08:03 3153771                    /usr/lib/jvm/java-8-openjdk-amd64/jre/lib/amd64/server/libjvm.so
7f62ee129000-7f62ee1bc000 r--p 00c46000 08:03 3153771                    /usr/lib/jvm/java-8-openjdk-amd64/jre/lib/amd64/server/libjvm.so
7f62ee1bc000-7f62ee1e4000 rw-p 00cd9000 08:03 3153771                    /usr/lib/jvm/java-8-openjdk-amd64/jre/lib/amd64/server/libjvm.so
7f62ee1e4000-7f62ee214000 rw-p 00000000 00:00 0 
7f62ee214000-7f62ee22c000 r-xp 00000000 08:03 398128                     /lib/x86_64-linux-gnu/libpthread-2.23.so
7f62ee22c000-7f62ee42b000 ---p 00018000 08:03 398128                     /lib/x86_64-linux-gnu/libpthread-2.23.so
7f62ee42b000-7f62ee42c000 r--p 00017000 08:03 398128                     /lib/x86_64-linux-gnu/libpthread-2.23.so
7f62ee42c000-7f62ee42d000 rw-p 00018000 08:03 398128                     /lib/x86_64-linux-gnu/libpthread-2.23.so
7f62ee42d000-7f62ee431000 rw-p 00000000 00:00 0 
7f62ee431000-7f62ee434000 r-xp 00000000 08:03 398007                     /lib/x86_64-linux-gnu/libdl-2.23.so
7f62ee434000-7f62ee633000 ---p 00003000 08:03 398007                     /lib/x86_64-linux-gnu/libdl-2.23.so
7f62ee633000-7f62ee634000 r--p 00002000 08:03 398007                     /lib/x86_64-linux-gnu/libdl-2.23.so
7f62ee634000-7f62ee635000 rw-p 00003000 08:03 398007                     /lib/x86_64-linux-gnu/libdl-2.23.so
7f62ee635000-7f62ee64e000 r-xp 00000000 08:03 398172                     /lib/x86_64-linux-gnu/libz.so.1.2.8
7f62ee64e000-7f62ee84d000 ---p 00019000 08:03 398172                     /lib/x86_64-linux-gnu/libz.so.1.2.8
7f62ee84d000-7f62ee84e000 r--p 00018000 08:03 398172                     /lib/x86_64-linux-gnu/libz.so.1.2.8
7f62ee84e000-7f62ee84f000 rw-p 00019000 08:03 398172                     /lib/x86_64-linux-gnu/libz.so.1.2.8
7f62ee84f000-7f62eea0f000 r-xp 00000000 08:03 397985                     /lib/x86_64-linux-gnu/libc-2.23.so
7f62eea0f000-7f62eec0e000 ---p 001c0000 08:03 397985                     /lib/x86_64-linux-gnu/libc-2.23.so
7f62eec0e000-7f62eec12000 r--p 001bf000 08:03 397985                     /lib/x86_64-linux-gnu/libc-2.23.so
7f62eec12000-7f62eec14000 rw-p 001c3000 08:03 397985                     /lib/x86_64-linux-gnu/libc-2.23.so
7f62eec14000-7f62eec18000 rw-p 00000000 00:00 0 
7f62eec18000-7f62eec25000 r-xp 00000000 08:03 3153787                    /usr/lib/jvm/java-8-openjdk-amd64/jre/lib/amd64/jli/libjli.so
7f62eec25000-7f62eee25000 ---p 0000d000 08:03 3153787                    /usr/lib/jvm/java-8-openjdk-amd64/jre/lib/amd64/jli/libjli.so
7f62eee25000-7f62eee26000 r--p 0000d000 08:03 3153787                    /usr/lib/jvm/java-8-openjdk-amd64/jre/lib/amd64/jli/libjli.so
7f62eee26000-7f62eee27000 rw-p 0000e000 08:03 3153787                    /usr/lib/jvm/java-8-openjdk-amd64/jre/lib/amd64/jli/libjli.so
7f62eee27000-7f62eee4d000 r-xp 00000000 08:03 397957                     /lib/x86_64-linux-gnu/ld-2.23.so
7f62eee4d000-7f62eee4e000 r--s 0000a000 08:03 3153821                    /usr/lib/jvm/java-8-openjdk-amd64/jre/lib/ext/jaccess.jar
7f62eee4e000-7f62eee50000 r--s 00001000 08:03 3153818                    /usr/lib/jvm/java-8-openjdk-amd64/jre/lib/ext/dnsns.jar
7f62eee50000-7f62eee55000 r--s 0003b000 08:03 3153823                    /usr/lib/jvm/java-8-openjdk-amd64/jre/lib/ext/sunjce_provider.jar
7f62eee55000-7f62eee56000 r--s 00008000 08:03 3153820                    /usr/lib/jvm/java-8-openjdk-amd64/jre/lib/ext/sunec.jar
7f62eee56000-7f62eef26000 rw-p 00000000 00:00 0 
7f62eef26000-7f62eef29000 ---p 00000000 00:00 0 
7f62eef29000-7f62ef040000 rw-p 00000000 00:00 0 
7f62ef040000-7f62ef048000 rw-s 00000000 08:03 663350                     /tmp/hsperfdata_alejandro/16614
7f62ef048000-7f62ef049000 rw-p 00000000 00:00 0 
7f62ef049000-7f62ef04a000 ---p 00000000 00:00 0 
7f62ef04a000-7f62ef04c000 rw-p 00000000 00:00 0 
7f62ef04c000-7f62ef04d000 r--p 00025000 08:03 397957                     /lib/x86_64-linux-gnu/ld-2.23.so
7f62ef04d000-7f62ef04e000 rw-p 00026000 08:03 397957                     /lib/x86_64-linux-gnu/ld-2.23.so
7f62ef04e000-7f62ef04f000 rw-p 00000000 00:00 0 
7ffeb4702000-7ffeb4723000 rw-p 00000000 00:00 0                          [stack]
7ffeb47a2000-7ffeb47a4000 r--p 00000000 00:00 0                          [vvar]
7ffeb47a4000-7ffeb47a6000 r-xp 00000000 00:00 0                          [vdso]
ffffffffff600000-ffffffffff601000 r-xp 00000000 00:00 0                  [vsyscall]

VM Arguments:
jvm_args: -Djava.awt.headless=true -Xmx1024M -Dfile.encoding=UTF-8 -Duser.country=US -Duser.language=en -Duser.variant 
java_command: com.android.dx.command.Main --dex --force-jumbo --num-threads=4 --output /home/alejandro/AndroidStudioProjects/Raihere/app/build/intermediates/pre-dexed/debug/com.android.support-support-v4-23.4.0_a5d6d00ec94674449f8ad479203ddc9f31dae4d3.jar /home/alejandro/AndroidStudioProjects/Raihere/app/build/intermediates/exploded-aar/com.android.support/support-v4/23.4.0/jars/classes.jar
java_class_path (initial): /home/alejandro/Android/Sdk/build-tools/23.0.1/lib/dx.jar
Launcher Type: SUN_STANDARD

Environment Variables:
PATH=/home/alejandro/bin:/home/alejandro/.local/bin:/usr/local/sbin:/usr/local/bin:/usr/sbin:/usr/bin:/sbin:/bin:/usr/games:/usr/local/games:/snap/bin
USERNAME=alejandro
LD_LIBRARY_PATH=/home/alejandro/android-studio/bin:
SHELL=/bin/bash
DISPLAY=:0

Signal Handlers:
SIGSEGV: [libjvm.so+0xa5e970], sa_mask[0]=11111111011111111101111111111110, sa_flags=SA_RESTART|SA_SIGINFO
SIGBUS: [libjvm.so+0xa5e970], sa_mask[0]=11111111011111111101111111111110, sa_flags=SA_RESTART|SA_SIGINFO
SIGFPE: [libjvm.so+0x8a9ff0], sa_mask[0]=11111111011111111101111111111110, sa_flags=SA_RESTART|SA_SIGINFO
SIGPIPE: [libjvm.so+0x8a9ff0], sa_mask[0]=11111111011111111101111111111110, sa_flags=SA_RESTART|SA_SIGINFO
SIGXFSZ: [libjvm.so+0x8a9ff0], sa_mask[0]=11111111011111111101111111111110, sa_flags=SA_RESTART|SA_SIGINFO
SIGILL: [libjvm.so+0x8a9ff0], sa_mask[0]=11111111011111111101111111111110, sa_flags=SA_RESTART|SA_SIGINFO
SIGUSR1: SIG_DFL, sa_mask[0]=00000000000000000000000000000000, sa_flags=none
SIGUSR2: [libjvm.so+0x8a9ea0], sa_mask[0]=00100000000000000000000000000000, sa_flags=SA_RESTART|SA_SIGINFO
SIGHUP: [libjvm.so+0x8aa370], sa_mask[0]=11111111011111111101111111111110, sa_flags=SA_RESTART|SA_SIGINFO
SIGINT: [libjvm.so+0x8aa370], sa_mask[0]=11111111011111111101111111111110, sa_flags=SA_RESTART|SA_SIGINFO
SIGTERM: [libjvm.so+0x8aa370], sa_mask[0]=11111111011111111101111111111110, sa_flags=SA_RESTART|SA_SIGINFO
SIGQUIT: [libjvm.so+0x8aa370], sa_mask[0]=11111111011111111101111111111110, sa_flags=SA_RESTART|SA_SIGINFO


---------------  S Y S T E M  ---------------

OS:DISTRIB_ID=Ubuntu
DISTRIB_RELEASE=16.04
DISTRIB_CODENAME=xenial
DISTRIB_DESCRIPTION="Ubuntu 16.04.1 LTS"

uname:Linux 4.4.0-38-generic #57-Ubuntu SMP Tue Sep 6 15:42:33 UTC 2016 x86_64
libc:glibc 2.23 NPTL 2.23 
rlimit: STACK 8192k, CORE 0k, NPROC 23289, NOFILE 65536, AS infinity
load average:4.70 1.77 1.19

/proc/meminfo:
MemTotal:        6000956 kB
MemFree:          110348 kB
MemAvailable:      14880 kB
Buffers:             408 kB
Cached:           272880 kB
SwapCached:            0 kB
Active:          5485564 kB
Inactive:         221964 kB
Active(anon):    5473516 kB
Inactive(anon):   213668 kB
Active(file):      12048 kB
Inactive(file):     8296 kB
Unevictable:          16 kB
Mlocked:              16 kB
SwapTotal:             0 kB
SwapFree:              0 kB
Dirty:               268 kB
Writeback:             0 kB
AnonPages:       5434840 kB
Mapped:            90740 kB
Shmem:            252212 kB
Slab:              85944 kB
SReclaimable:      47408 kB
SUnreclaim:        38536 kB
KernelStack:       12544 kB
PageTables:        42100 kB
NFS_Unstable:          0 kB
Bounce:                0 kB
WritebackTmp:          0 kB
CommitLimit:     3000476 kB
Committed_AS:    9422464 kB
VmallocTotal:   34359738367 kB
VmallocUsed:           0 kB
VmallocChunk:          0 kB
HardwareCorrupted:     0 kB
AnonHugePages:   3379200 kB
CmaTotal:              0 kB
CmaFree:               0 kB
HugePages_Total:       0
HugePages_Free:        0
HugePages_Rsvd:        0
HugePages_Surp:        0
Hugepagesize:       2048 kB
DirectMap4k:       93952 kB
DirectMap2M:     6088704 kB


CPU:total 4 (2 cores per cpu, 2 threads per core) family 6 model 42 stepping 7, cmov, cx8, fxsr, mmx, sse, sse2, sse3, ssse3, sse4.1, sse4.2, popcnt, avx, clmul, ht, tsc, tscinvbit

/proc/cpuinfo:
processor	: 0
vendor_id	: GenuineIntel
cpu family	: 6
model		: 42
model name	: Intel(R) Core(TM) i3-2348M CPU @ 2.30GHz
stepping	: 7
microcode	: 0x28
cpu MHz		: 2300.000
cache size	: 3072 KB
physical id	: 0
siblings	: 4
core id		: 0
cpu cores	: 2
apicid		: 0
initial apicid	: 0
fpu		: yes
fpu_exception	: yes
cpuid level	: 13
wp		: yes
flags		: fpu vme de pse tsc msr pae mce cx8 apic sep mtrr pge mca cmov pat pse36 clflush dts acpi mmx fxsr sse sse2 ss ht tm pbe syscall nx rdtscp lm constant_tsc arch_perfmon pebs bts rep_good nopl xtopology nonstop_tsc aperfmperf eagerfpu pni pclmulqdq dtes64 monitor ds_cpl vmx est tm2 ssse3 cx16 xtpr pdcm pcid sse4_1 sse4_2 x2apic popcnt tsc_deadline_timer xsave avx lahf_lm epb tpr_shadow vnmi flexpriority ept vpid xsaveopt dtherm arat pln pts
bugs		:
bogomips	: 4589.13
clflush size	: 64
cache_alignment	: 64
address sizes	: 36 bits physical, 48 bits virtual
power management:

processor	: 1
vendor_id	: GenuineIntel
cpu family	: 6
model		: 42
model name	: Intel(R) Core(TM) i3-2348M CPU @ 2.30GHz
stepping	: 7
microcode	: 0x28
cpu MHz		: 2300.000
cache size	: 3072 KB
physical id	: 0
siblings	: 4
core id		: 0
cpu cores	: 2
apicid		: 1
initial apicid	: 1
fpu		: yes
fpu_exception	: yes
cpuid level	: 13
wp		: yes
flags		: fpu vme de pse tsc msr pae mce cx8 apic sep mtrr pge mca cmov pat pse36 clflush dts acpi mmx fxsr sse sse2 ss ht tm pbe syscall nx rdtscp lm constant_tsc arch_perfmon pebs bts rep_good nopl xtopology nonstop_tsc aperfmperf eagerfpu pni pclmulqdq dtes64 monitor ds_cpl vmx est tm2 ssse3 cx16 xtpr pdcm pcid sse4_1 sse4_2 x2apic popcnt tsc_deadline_timer xsave avx lahf_lm epb tpr_shadow vnmi flexpriority ept vpid xsaveopt dtherm arat pln pts
bugs		:
bogomips	: 4589.13
clflush size	: 64
cache_alignment	: 64
address sizes	: 36 bits physical, 48 bits virtual
power management:

processor	: 2
vendor_id	: GenuineIntel
cpu family	: 6
model		: 42
model name	: Intel(R) Core(TM) i3-2348M CPU @ 2.30GHz
stepping	: 7
microcode	: 0x28
cpu MHz		: 2300.000
cache size	: 3072 KB
physical id	: 0
siblings	: 4
core id		: 1
cpu cores	: 2
apicid		: 2
initial apicid	: 2
fpu		: yes
fpu_exception	: yes
cpuid level	: 13
wp		: yes
flags		: fpu vme de pse tsc msr pae mce cx8 apic sep mtrr pge mca cmov pat pse36 clflush dts acpi mmx fxsr sse sse2 ss ht tm pbe syscall nx rdtscp lm constant_tsc arch_perfmon pebs bts rep_good nopl xtopology nonstop_tsc aperfmperf eagerfpu pni pclmulqdq dtes64 monitor ds_cpl vmx est tm2 ssse3 cx16 xtpr pdcm pcid sse4_1 sse4_2 x2apic popcnt tsc_deadline_timer xsave avx lahf_lm epb tpr_shadow vnmi flexpriority ept vpid xsaveopt dtherm arat pln pts
bugs		:
bogomips	: 4589.13
clflush size	: 64
cache_alignment	: 64
address sizes	: 36 bits physical, 48 bits virtual
power management:

processor	: 3
vendor_id	: GenuineIntel
cpu family	: 6
model		: 42
model name	: Intel(R) Core(TM) i3-2348M CPU @ 2.30GHz
stepping	: 7
microcode	: 0x28
cpu MHz		: 2299.910
cache size	: 3072 KB
physical id	: 0
siblings	: 4
core id		: 1
cpu cores	: 2
apicid		: 3
initial apicid	: 3
fpu		: yes
fpu_exception	: yes
cpuid level	: 13
wp		: yes
flags		: fpu vme de pse tsc msr pae mce cx8 apic sep mtrr pge mca cmov pat pse36 clflush dts acpi mmx fxsr sse sse2 ss ht tm pbe syscall nx rdtscp lm constant_tsc arch_perfmon pebs bts rep_good nopl xtopology nonstop_tsc aperfmperf eagerfpu pni pclmulqdq dtes64 monitor ds_cpl vmx est tm2 ssse3 cx16 xtpr pdcm pcid sse4_1 sse4_2 x2apic popcnt tsc_deadline_timer xsave avx lahf_lm epb tpr_shadow vnmi flexpriority ept vpid xsaveopt dtherm arat pln pts
bugs		:
bogomips	: 4589.13
clflush size	: 64
cache_alignment	: 64
address sizes	: 36 bits physical, 48 bits virtual
power management:



Memory: 4k page, physical 6000956k(109432k free), swap 0k(0k free)

vm_info: OpenJDK 64-Bit Server VM (25.91-b14) for linux-amd64 JRE (1.8.0_91-8u91-b14-3ubuntu1~16.04.1-b14), built on Jul 21 2016 04:13:34 by "buildd" with gcc 5.3.1 20160413

time: Wed Sep 21 23:13:08 2016
elapsed time: 7 seconds (0d 0h 0m 7s)

