#
# There is insufficient memory for the Java Runtime Environment to continue.
# Native memory allocation (mmap) failed to map 125829120 bytes for committing reserved memory.
# Possible reasons:
#   The system is out of physical RAM or swap space
#   In 32 bit mode, the process size limit was hit
# Possible solutions:
#   Reduce memory load on the system
#   Increase physical memory or swap space
#   Check if swap backing store is full
#   Use 64 bit Java on a 64 bit OS
#   Decrease Java heap size (-Xmx/-Xms)
#   Decrease number of Java threads
#   Decrease Java thread stack sizes (-Xss)
#   Set larger code cache with -XX:ReservedCodeCacheSize=
# This output file may be truncated or incomplete.
#
#  Out of Memory Error (os_linux.cpp:2630), pid=16601, tid=139948465293056
#
# JRE version: OpenJDK Runtime Environment (8.0_91-b14) (build 1.8.0_91-8u91-b14-3ubuntu1~16.04.1-b14)
# Java VM: OpenJDK 64-Bit Server VM (25.91-b14 mixed mode linux-amd64 compressed oops)
# Failed to write core dump. Core dumps have been disabled. To enable core dumping, try "ulimit -c unlimited" before starting Java again
#

---------------  T H R E A D  ---------------

Current thread (0x00007f485c077800):  VMThread [stack: 0x00007f484a7f8000,0x00007f484a8f9000] [id=16640]

Stack: [0x00007f484a7f8000,0x00007f484a8f9000],  sp=0x00007f484a8f74c0,  free space=1021k
Native frames: (J=compiled Java code, j=interpreted, Vv=VM code, C=native code)
V  [libjvm.so+0xa5de1b]
V  [libjvm.so+0x4c178c]
V  [libjvm.so+0x8ae9d0]
V  [libjvm.so+0x8a8e4e]
V  [libjvm.so+0x922f46]
V  [libjvm.so+0x924273]
V  [libjvm.so+0x920923]
V  [libjvm.so+0x920bec]
V  [libjvm.so+0x8d3263]
V  [libjvm.so+0xa5fad2]
V  [libjvm.so+0xa64b57]
V  [libjvm.so+0xa62327]
V  [libjvm.so+0xa637af]
V  [libjvm.so+0xa63ca1]
V  [libjvm.so+0x8abeb2]

VM_Operation (0x00007f48495ead80): ParallelGCFailedAllocation, mode: safepoint, requested by thread 0x00007f485c175800


---------------  P R O C E S S  ---------------

Java Threads: ( => current thread )
  0x00007f485c177000 JavaThread "pool-1-thread-4" [_thread_blocked, id=16680, stack(0x00007f48493eb000,0x00007f48494ec000)]
  0x00007f485c175800 JavaThread "pool-1-thread-3" [_thread_blocked, id=16679, stack(0x00007f48494ec000,0x00007f48495ed000)]
  0x00007f485c173800 JavaThread "pool-1-thread-2" [_thread_blocked, id=16676, stack(0x00007f48495ed000,0x00007f48496ee000)]
  0x00007f485c170800 JavaThread "pool-2-thread-1" [_thread_blocked, id=16673, stack(0x00007f48496ee000,0x00007f48497ef000)]
  0x00007f485c16e000 JavaThread "pool-1-thread-1" [_thread_blocked, id=16670, stack(0x00007f48497ef000,0x00007f48498f0000)]
  0x00007f485c0ba000 JavaThread "Service Thread" daemon [_thread_blocked, id=16663, stack(0x00007f48499f1000,0x00007f4849af2000)]
  0x00007f485c0b3000 JavaThread "C1 CompilerThread2" daemon [_thread_blocked, id=16662, stack(0x00007f4849af2000,0x00007f4849bf3000)]
  0x00007f485c0b1000 JavaThread "C2 CompilerThread1" daemon [_thread_blocked, id=16659, stack(0x00007f4849bf3000,0x00007f4849cf4000)]
  0x00007f485c0ae000 JavaThread "C2 CompilerThread0" daemon [_thread_in_native, id=16658, stack(0x00007f4849cf4000,0x00007f4849df5000)]
  0x00007f485c0ac000 JavaThread "Signal Dispatcher" daemon [_thread_blocked, id=16657, stack(0x00007f4849df5000,0x00007f4849ef6000)]
  0x00007f485c084000 JavaThread "Finalizer" daemon [_thread_blocked, id=16645, stack(0x00007f484a5f6000,0x00007f484a6f7000)]
  0x00007f485c07f000 JavaThread "Reference Handler" daemon [_thread_blocked, id=16641, stack(0x00007f484a6f7000,0x00007f484a7f8000)]
  0x00007f485c00a000 JavaThread "main" [_thread_blocked, id=16610, stack(0x00007f4865618000,0x00007f4865719000)]

Other Threads:
=>0x00007f485c077800 VMThread [stack: 0x00007f484a7f8000,0x00007f484a8f9000] [id=16640]
  0x00007f485c0bc800 WatcherThread [stack: 0x00007f48498f0000,0x00007f48499f1000] [id=16664]

VM state:at safepoint (normal execution)

VM Mutex/Monitor currently owned by a thread:  ([mutex/lock_event])
[0x00007f485c0067e0] Threads_lock - owner thread: 0x00007f485c077800
[0x00007f485c006ce0] Heap_lock - owner thread: 0x00007f485c175800

Heap:
 PSYoungGen      total 99840K, used 3562K [0x00000000eab00000, 0x00000000f1000000, 0x0000000100000000)
  eden space 96256K, 0% used [0x00000000eab00000,0x00000000eab00000,0x00000000f0900000)
  from space 3584K, 99% used [0x00000000f0900000,0x00000000f0c7a9e8,0x00000000f0c80000)
  to   space 3584K, 0% used [0x00000000f0c80000,0x00000000f0c80000,0x00000000f1000000)
 ParOldGen       total 62976K, used 32008K [0x00000000c0000000, 0x00000000c3d80000, 0x00000000eab00000)
  object space 62976K, 50% used [0x00000000c0000000,0x00000000c1f420c0,0x00000000c3d80000)
 Metaspace       used 5946K, capacity 7024K, committed 7296K, reserved 1056768K
  class space    used 579K, capacity 616K, committed 640K, reserved 1048576K

Card table byte_map: [0x00007f4861ae2000,0x00007f4861ce3000] byte_map_base: 0x00007f48614e2000

Marking Bits: (ParMarkBitMap*) 0x00007f48648e9fc0
 Begin Bits: [0x00007f484b000000, 0x00007f484c000000)
 End Bits:   [0x00007f484c000000, 0x00007f484d000000)

Polling page: 0x00007f486573b000

CodeCache: size=245760Kb used=5979Kb max_used=5979Kb free=239781Kb
 bounds [0x00007f484d000000, 0x00007f484d5e0000, 0x00007f485c000000]
 total_blobs=1722 nmethods=1454 adapters=182
 compilation: enabled

Compilation events (10 events):
Event: 7.386 Thread 0x00007f485c0b3000 nmethod 1774 0x00007f484d5d1450 code [0x00007f484d5d1840, 0x00007f484d5d3ba8]
Event: 7.386 Thread 0x00007f485c0b3000 1775       2       java.util.HashMap::putVal (300 bytes)
Event: 7.388 Thread 0x00007f485c0b3000 nmethod 1775 0x00007f484d5d56d0 code [0x00007f484d5d58e0, 0x00007f484d5d5fd8]
Event: 7.388 Thread 0x00007f485c0b3000 1766 %     3       com.android.dx.util.LabeledList::rebuildLabelToIndex @ 7 (46 bytes)
Event: 7.392 Thread 0x00007f485c0b3000 nmethod 1766% 0x00007f484d5d6610 code [0x00007f484d5d67c0, 0x00007f484d5d6e88]
Event: 7.392 Thread 0x00007f485c0b3000 1765 %     3       com.android.dx.ssa.DomFront::<init> @ 35 (60 bytes)
Event: 7.393 Thread 0x00007f485c0b3000 nmethod 1765% 0x00007f484d5d70d0 code [0x00007f484d5d7280, 0x00007f484d5d7910]
Event: 7.393 Thread 0x00007f485c0b3000 1773 %     3       com.android.dx.cf.code.Ropper::getRopMethod @ 19 (64 bytes)
Event: 7.395 Thread 0x00007f485c0b3000 nmethod 1773% 0x00007f484d5d7c10 code [0x00007f484d5d7e60, 0x00007f484d5d8c98]
Event: 7.395 Thread 0x00007f485c0b3000 1729       2       com.android.dx.cf.code.ConcreteMethod::<init> (262 bytes)

GC Heap History (9 events):
Event: 2.112 GC heap before
{Heap before GC invocations=1 (full 0):
 PSYoungGen      total 27648K, used 24064K [0x00000000eab00000, 0x00000000ec980000, 0x0000000100000000)
  eden space 24064K, 100% used [0x00000000eab00000,0x00000000ec280000,0x00000000ec280000)
  from space 3584K, 0% used [0x00000000ec600000,0x00000000ec600000,0x00000000ec980000)
  to   space 3584K, 0% used [0x00000000ec280000,0x00000000ec280000,0x00000000ec600000)
 ParOldGen       total 62976K, used 0K [0x00000000c0000000, 0x00000000c3d80000, 0x00000000eab00000)
  object space 62976K, 0% used [0x00000000c0000000,0x00000000c0000000,0x00000000c3d80000)
 Metaspace       used 5476K, capacity 6704K, committed 6784K, reserved 1056768K
  class space    used 555K, capacity 616K, committed 640K, reserved 1048576K
Event: 2.164 GC heap after
Heap after GC invocations=1 (full 0):
 PSYoungGen      total 27648K, used 3552K [0x00000000eab00000, 0x00000000ee100000, 0x0000000100000000)
  eden space 24064K, 0% used [0x00000000eab00000,0x00000000eab00000,0x00000000ec280000)
  from space 3584K, 99% used [0x00000000ec280000,0x00000000ec5f82b8,0x00000000ec600000)
  to   space 3584K, 0% used [0x00000000edd80000,0x00000000edd80000,0x00000000ee100000)
 ParOldGen       total 62976K, used 2041K [0x00000000c0000000, 0x00000000c3d80000, 0x00000000eab00000)
  object space 62976K, 3% used [0x00000000c0000000,0x00000000c01fe448,0x00000000c3d80000)
 Metaspace       used 5476K, capacity 6704K, committed 6784K, reserved 1056768K
  class space    used 555K, capacity 616K, committed 640K, reserved 1048576K
}
Event: 3.163 GC heap before
{Heap before GC invocations=2 (full 0):
 PSYoungGen      total 27648K, used 27616K [0x00000000eab00000, 0x00000000ee100000, 0x0000000100000000)
  eden space 24064K, 100% used [0x00000000eab00000,0x00000000ec280000,0x00000000ec280000)
  from space 3584K, 99% used [0x00000000ec280000,0x00000000ec5f82b8,0x00000000ec600000)
  to   space 3584K, 0% used [0x00000000edd80000,0x00000000edd80000,0x00000000ee100000)
 ParOldGen       total 62976K, used 2041K [0x00000000c0000000, 0x00000000c3d80000, 0x00000000eab00000)
  object space 62976K, 3% used [0x00000000c0000000,0x00000000c01fe448,0x00000000c3d80000)
 Metaspace       used 5574K, capacity 6768K, committed 7040K, reserved 1056768K
  class space    used 560K, capacity 616K, committed 640K, reserved 1048576K
Event: 3.247 GC heap after
Heap after GC invocations=2 (full 0):
 PSYoungGen      total 51712K, used 3562K [0x00000000eab00000, 0x00000000ee100000, 0x0000000100000000)
  eden space 48128K, 0% used [0x00000000eab00000,0x00000000eab00000,0x00000000eda00000)
  from space 3584K, 99% used [0x00000000edd80000,0x00000000ee0faab8,0x00000000ee100000)
  to   space 3584K, 0% used [0x00000000eda00000,0x00000000eda00000,0x00000000edd80000)
 ParOldGen       total 62976K, used 6176K [0x00000000c0000000, 0x00000000c3d80000, 0x00000000eab00000)
  object space 62976K, 9% used [0x00000000c0000000,0x00000000c06081d8,0x00000000c3d80000)
 Metaspace       used 5574K, capacity 6768K, committed 7040K, reserved 1056768K
  class space    used 560K, capacity 616K, committed 640K, reserved 1048576K
}
Event: 4.644 GC heap before
{Heap before GC invocations=3 (full 0):
 PSYoungGen      total 51712K, used 51690K [0x00000000eab00000, 0x00000000ee100000, 0x0000000100000000)
  eden space 48128K, 100% used [0x00000000eab00000,0x00000000eda00000,0x00000000eda00000)
  from space 3584K, 99% used [0x00000000edd80000,0x00000000ee0faab8,0x00000000ee100000)
  to   space 3584K, 0% used [0x00000000eda00000,0x00000000eda00000,0x00000000edd80000)
 ParOldGen       total 62976K, used 6176K [0x00000000c0000000, 0x00000000c3d80000, 0x00000000eab00000)
  object space 62976K, 9% used [0x00000000c0000000,0x00000000c06081d8,0x00000000c3d80000)
 Metaspace       used 5680K, capacity 6896K, committed 7040K, reserved 1056768K
  class space    used 560K, capacity 616K, committed 640K, reserved 1048576K
Event: 4.768 GC heap after
Heap after GC invocations=3 (full 0):
 PSYoungGen      total 51712K, used 3560K [0x00000000eab00000, 0x00000000f1000000, 0x0000000100000000)
  eden space 48128K, 0% used [0x00000000eab00000,0x00000000eab00000,0x00000000eda00000)
  from space 3584K, 99% used [0x00000000eda00000,0x00000000edd7a390,0x00000000edd80000)
  to   space 3584K, 0% used [0x00000000f0c80000,0x00000000f0c80000,0x00000000f1000000)
 ParOldGen       total 62976K, used 13073K [0x00000000c0000000, 0x00000000c3d80000, 0x00000000eab00000)
  object space 62976K, 20% used [0x00000000c0000000,0x00000000c0cc4608,0x00000000c3d80000)
 Metaspace       used 5680K, capacity 6896K, committed 7040K, reserved 1056768K
  class space    used 560K, capacity 616K, committed 640K, reserved 1048576K
}
Event: 5.736 GC heap before
{Heap before GC invocations=4 (full 0):
 PSYoungGen      total 51712K, used 51688K [0x00000000eab00000, 0x00000000f1000000, 0x0000000100000000)
  eden space 48128K, 100% used [0x00000000eab00000,0x00000000eda00000,0x00000000eda00000)
  from space 3584K, 99% used [0x00000000eda00000,0x00000000edd7a390,0x00000000edd80000)
  to   space 3584K, 0% used [0x00000000f0c80000,0x00000000f0c80000,0x00000000f1000000)
 ParOldGen       total 62976K, used 13073K [0x00000000c0000000, 0x00000000c3d80000, 0x00000000eab00000)
  object space 62976K, 20% used [0x00000000c0000000,0x00000000c0cc4608,0x00000000c3d80000)
 Metaspace       used 5702K, capacity 6896K, committed 7040K, reserved 1056768K
  class space    used 560K, capacity 616K, committed 640K, reserved 1048576K
Event: 5.792 GC heap after
Heap after GC invocations=4 (full 0):
 PSYoungGen      total 99840K, used 3573K [0x00000000eab00000, 0x00000000f1000000, 0x0000000100000000)
  eden space 96256K, 0% used [0x00000000eab00000,0x00000000eab00000,0x00000000f0900000)
  from space 3584K, 99% used [0x00000000f0c80000,0x00000000f0ffd7c0,0x00000000f1000000)
  to   space 3584K, 0% used [0x00000000f0900000,0x00000000f0900000,0x00000000f0c80000)
 ParOldGen       total 62976K, used 19606K [0x00000000c0000000, 0x00000000c3d80000, 0x00000000eab00000)
  object space 62976K, 31% used [0x00000000c0000000,0x00000000c1325888,0x00000000c3d80000)
 Metaspace       used 5702K, capacity 6896K, committed 7040K, reserved 1056768K
  class space    used 560K, capacity 616K, committed 640K, reserved 1048576K
}
Event: 7.422 GC heap before
{Heap before GC invocations=5 (full 0):
 PSYoungGen      total 99840K, used 99829K [0x00000000eab00000, 0x00000000f1000000, 0x0000000100000000)
  eden space 96256K, 100% used [0x00000000eab00000,0x00000000f0900000,0x00000000f0900000)
  from space 3584K, 99% used [0x00000000f0c80000,0x00000000f0ffd7c0,0x00000000f1000000)
  to   space 3584K, 0% used [0x00000000f0900000,0x00000000f0900000,0x00000000f0c80000)
 ParOldGen       total 62976K, used 19606K [0x00000000c0000000, 0x00000000c3d80000, 0x00000000eab00000)
  object space 62976K, 31% used [0x00000000c0000000,0x00000000c1325888,0x00000000c3d80000)
 Metaspace       used 5946K, capacity 7024K, committed 7296K, reserved 1056768K
  class space    used 579K, capacity 616K, committed 640K, reserved 1048576K

Deoptimization events (10 events):
Event: 2.979 Thread 0x00007f485c00a000 Uncommon trap: reason=null_check action=make_not_entrant pc=0x00007f484d2b47f4 method=com.android.dx.ssa.SsaRenamer.getLocalForNewReg(I)Lcom/android/dx/rop/code/LocalItem; @ 19
Event: 3.140 Thread 0x00007f485c177000 Uncommon trap: reason=unstable_if action=reinterpret pc=0x00007f484d1ae580 method=java.lang.String.replace(CC)Ljava/lang/String; @ 26
Event: 3.145 Thread 0x00007f485c177000 Uncommon trap: reason=unstable_if action=reinterpret pc=0x00007f484d2da338 method=com.android.dx.rop.code.LocalItem.hashCode()I @ 25
Event: 5.419 Thread 0x00007f485c16e000 Uncommon trap: reason=unstable_if action=reinterpret pc=0x00007f484d418744 method=com.android.dx.ssa.SsaRenamer$BlockRenamer.addMapping(ILcom/android/dx/rop/code/RegisterSpec;)V @ 120
Event: 5.430 Thread 0x00007f485c16e000 Uncommon trap: reason=unstable_if action=reinterpret pc=0x00007f484d456bc0 method=com.android.dx.ssa.SsaRenamer$BlockRenamer.addMapping(ILcom/android/dx/rop/code/RegisterSpec;)V @ 120
Event: 6.629 Thread 0x00007f485c173800 Uncommon trap: reason=unstable_if action=reinterpret pc=0x00007f484d49fb20 method=java.util.HashMap.putVal(ILjava/lang/Object;Ljava/lang/Object;ZZ)Ljava/lang/Object; @ 162
Event: 6.656 Thread 0x00007f485c173800 Uncommon trap: reason=unstable_if action=reinterpret pc=0x00007f484d2eba78 method=java.util.HashMap.getNode(ILjava/lang/Object;)Ljava/util/HashMap$Node; @ 84
Event: 6.668 Thread 0x00007f485c173800 Uncommon trap: reason=unstable_if action=reinterpret pc=0x00007f484d2fa81c method=java.util.HashMap.getNode(ILjava/lang/Object;)Ljava/util/HashMap$Node; @ 84
Event: 7.056 Thread 0x00007f485c173800 Uncommon trap: reason=unstable_if action=reinterpret pc=0x00007f484d56e694 method=com.android.dx.ssa.SsaRenamer$BlockRenamer.visitMoveInsn(Lcom/android/dx/ssa/NormalSsaInsn;)V @ 104
Event: 7.379 Thread 0x00007f485c175800 Uncommon trap: reason=unstable_if action=reinterpret pc=0x00007f484d504b68 method=java.util.HashMap.putVal(ILjava/lang/Object;Ljava/lang/Object;ZZ)Ljava/lang/Object; @ 109

Internal exceptions (7 events):
Event: 0.088 Thread 0x00007f485c00a000 Exception <a 'java/lang/NoSuchMethodError': Method sun.misc.Unsafe.defineClass(Ljava/lang/String;[BII)Ljava/lang/Class; name or signature does not match> (0x00000000eab07cc0) thrown at [/build/openjdk-8-W1Ghxo/openjdk-8-8u91-b14/src/hotspot/src/share/vm/p
Event: 0.088 Thread 0x00007f485c00a000 Exception <a 'java/lang/NoSuchMethodError': Method sun.misc.Unsafe.prefetchRead(Ljava/lang/Object;J)V name or signature does not match> (0x00000000eab07fa8) thrown at [/build/openjdk-8-W1Ghxo/openjdk-8-8u91-b14/src/hotspot/src/share/vm/prims/jni.cpp, line
Event: 2.978 Thread 0x00007f485c00a000 Implicit null exception at 0x00007f484d291644 to 0x00007f484d2945a5
Event: 2.979 Thread 0x00007f485c00a000 Implicit null exception at 0x00007f484d2b1e08 to 0x00007f484d2b47d1
Event: 6.632 Thread 0x00007f485c173800 Exception <a 'java/lang/ArrayIndexOutOfBoundsException': 18> (0x00000000ee27ea68) thrown at [/build/openjdk-8-W1Ghxo/openjdk-8-8u91-b14/src/hotspot/src/share/vm/interpreter/interpreterRuntime.cpp, line 366]
Event: 6.644 Thread 0x00007f485c173800 Exception <a 'java/lang/ArrayIndexOutOfBoundsException': 145> (0x00000000ee2805e8) thrown at [/build/openjdk-8-W1Ghxo/openjdk-8-8u91-b14/src/hotspot/src/share/vm/interpreter/interpreterRuntime.cpp, line 366]
Event: 6.645 Thread 0x00007f485c173800 Exception <a 'java/lang/ArrayIndexOutOfBoundsException': 40> (0x00000000ee2818d0) thrown at [/build/openjdk-8-W1Ghxo/openjdk-8-8u91-b14/src/hotspot/src/share/vm/interpreter/interpreterRuntime.cpp, line 366]

Events (10 events):
Event: 7.081 Thread 0x00007f485c175800 DEOPT PACKING pc=0x00007f484d3a0809 sp=0x00007f48495eaf50
Event: 7.081 Thread 0x00007f485c175800 DEOPT UNPACKING pc=0x00007f484d047373 sp=0x00007f48495ead90 mode 0
Event: 7.276 loading class com/android/dx/cf/iface/ParseObserver
Event: 7.276 loading class com/android/dx/cf/iface/ParseObserver done
Event: 7.347 Thread 0x00007f485c175800 Uncommon trap: trap_request=0xffffff65 fr.pc=0x00007f484d504b68
Event: 7.347 Thread 0x00007f485c177000 DEOPT PACKING pc=0x00007f484d4f4561 sp=0x00007f48494ea150
Event: 7.347 Thread 0x00007f485c177000 DEOPT UNPACKING pc=0x00007f484d047373 sp=0x00007f48494e9f58 mode 0
Event: 7.379 Thread 0x00007f485c175800 DEOPT PACKING pc=0x00007f484d504b68 sp=0x00007f48495ea360
Event: 7.379 Thread 0x00007f485c175800 DEOPT UNPACKING pc=0x00007f484d004f69 sp=0x00007f48495ea320 mode 2
Event: 7.415 Executing VM operation: ParallelGCFailedAllocation


Dynamic libraries:
00400000-00401000 r-xp 00000000 08:03 3153741                            /usr/lib/jvm/java-8-openjdk-amd64/jre/bin/java
00600000-00601000 r--p 00000000 08:03 3153741                            /usr/lib/jvm/java-8-openjdk-amd64/jre/bin/java
00601000-00602000 rw-p 00001000 08:03 3153741                            /usr/lib/jvm/java-8-openjdk-amd64/jre/bin/java
0176a000-0178b000 rw-p 00000000 00:00 0                                  [heap]
c0000000-c3d80000 rw-p 00000000 00:00 0 
c3d80000-eab00000 ---p 00000000 00:00 0 
eab00000-f1000000 rw-p 00000000 00:00 0 
f8800000-100000000 ---p 00000000 00:00 0 
100000000-1000a0000 rw-p 00000000 00:00 0 
1000a0000-140000000 ---p 00000000 00:00 0 
7f47fc000000-7f47fc021000 rw-p 00000000 00:00 0 
7f47fc021000-7f4800000000 ---p 00000000 00:00 0 
7f4804000000-7f480402b000 rw-p 00000000 00:00 0 
7f480402b000-7f4808000000 ---p 00000000 00:00 0 
7f4808000000-7f480802d000 rw-p 00000000 00:00 0 
7f480802d000-7f480c000000 ---p 00000000 00:00 0 
7f480c000000-7f480c029000 rw-p 00000000 00:00 0 
7f480c029000-7f4810000000 ---p 00000000 00:00 0 
7f4810000000-7f4810021000 rw-p 00000000 00:00 0 
7f4810021000-7f4814000000 ---p 00000000 00:00 0 
7f4814000000-7f4814021000 rw-p 00000000 00:00 0 
7f4814021000-7f4818000000 ---p 00000000 00:00 0 
7f4818000000-7f4818021000 rw-p 00000000 00:00 0 
7f4818021000-7f481c000000 ---p 00000000 00:00 0 
7f481c000000-7f481cc81000 rw-p 00000000 00:00 0 
7f481cc81000-7f4820000000 ---p 00000000 00:00 0 
7f4820000000-7f48208f6000 rw-p 00000000 00:00 0 
7f48208f6000-7f4824000000 ---p 00000000 00:00 0 
7f4824000000-7f4824021000 rw-p 00000000 00:00 0 
7f4824021000-7f4828000000 ---p 00000000 00:00 0 
7f4828000000-7f4828b63000 rw-p 00000000 00:00 0 
7f4828b63000-7f482c000000 ---p 00000000 00:00 0 
7f482c000000-7f482c021000 rw-p 00000000 00:00 0 
7f482c021000-7f4830000000 ---p 00000000 00:00 0 
7f4830000000-7f4830021000 rw-p 00000000 00:00 0 
7f4830021000-7f4834000000 ---p 00000000 00:00 0 
7f4834000000-7f4834021000 rw-p 00000000 00:00 0 
7f4834021000-7f4838000000 ---p 00000000 00:00 0 
7f4838000000-7f4838021000 rw-p 00000000 00:00 0 
7f4838021000-7f483c000000 ---p 00000000 00:00 0 
7f483c000000-7f483c021000 rw-p 00000000 00:00 0 
7f483c021000-7f4840000000 ---p 00000000 00:00 0 
7f4840000000-7f4840021000 rw-p 00000000 00:00 0 
7f4840021000-7f4844000000 ---p 00000000 00:00 0 
7f4844000000-7f4844021000 rw-p 00000000 00:00 0 
7f4844021000-7f4848000000 ---p 00000000 00:00 0 
7f48493eb000-7f48493ee000 ---p 00000000 00:00 0 
7f48493ee000-7f48494ec000 rw-p 00000000 00:00 0 
7f48494ec000-7f48494ef000 ---p 00000000 00:00 0 
7f48494ef000-7f48495ed000 rw-p 00000000 00:00 0 
7f48495ed000-7f48495f0000 ---p 00000000 00:00 0 
7f48495f0000-7f48496ee000 rw-p 00000000 00:00 0 
7f48496ee000-7f48496f1000 ---p 00000000 00:00 0 
7f48496f1000-7f48497ef000 rw-p 00000000 00:00 0 
7f48497ef000-7f48497f2000 ---p 00000000 00:00 0 
7f48497f2000-7f48498f0000 rw-p 00000000 00:00 0 
7f48498f0000-7f48498f1000 ---p 00000000 00:00 0 
7f48498f1000-7f48499f1000 rw-p 00000000 00:00 0 
7f48499f1000-7f48499f4000 ---p 00000000 00:00 0 
7f48499f4000-7f4849af2000 rw-p 00000000 00:00 0 
7f4849af2000-7f4849af5000 ---p 00000000 00:00 0 
7f4849af5000-7f4849bf3000 rw-p 00000000 00:00 0 
7f4849bf3000-7f4849bf6000 ---p 00000000 00:00 0 
7f4849bf6000-7f4849cf4000 rw-p 00000000 00:00 0 
7f4849cf4000-7f4849cf7000 ---p 00000000 00:00 0 
7f4849cf7000-7f4849df5000 rw-p 00000000 00:00 0 
7f4849df5000-7f4849df8000 ---p 00000000 00:00 0 
7f4849df8000-7f4849ef6000 rw-p 00000000 00:00 0 
7f4849ef6000-7f484a5f6000 r--p 00000000 08:03 2892128                    /usr/lib/locale/locale-archive
7f484a5f6000-7f484a5f9000 ---p 00000000 00:00 0 
7f484a5f9000-7f484a6f7000 rw-p 00000000 00:00 0 
7f484a6f7000-7f484a6fa000 ---p 00000000 00:00 0 
7f484a6fa000-7f484a7f8000 rw-p 00000000 00:00 0 
7f484a7f8000-7f484a7f9000 ---p 00000000 00:00 0 
7f484a7f9000-7f484d000000 rw-p 00000000 00:00 0 
7f484d000000-7f484d5e0000 rwxp 00000000 00:00 0 
7f484d5e0000-7f485c000000 ---p 00000000 00:00 0 
7f485c000000-7f485c1bb000 rw-p 00000000 00:00 0 
7f485c1bb000-7f4860000000 ---p 00000000 00:00 0 
7f4860038000-7f486003f000 r--s 00068000 08:03 3160061                    /home/alejandro/AndroidStudioProjects/Raihere/app/build/intermediates/exploded-aar/com.github.rey5137/material/1.2.2/jars/classes.jar
7f486003f000-7f486004e000 r--s 000df000 08:03 1320028                    /home/alejandro/Android/Sdk/build-tools/23.0.1/lib/dx.jar
7f486004e000-7f4860069000 r--s 001d7000 08:03 3153817                    /usr/lib/jvm/java-8-openjdk-amd64/jre/lib/ext/nashorn.jar
7f4860069000-7f4860085000 r--s 00393000 08:03 3153819                    /usr/lib/jvm/java-8-openjdk-amd64/jre/lib/ext/cldrdata.jar
7f4860085000-7f4860088000 r--s 0000f000 08:03 3153824                    /usr/lib/jvm/java-8-openjdk-amd64/jre/lib/ext/icedtea-sound.jar
7f4860088000-7f486008c000 r--s 00037000 08:03 3153826                    /usr/lib/jvm/java-8-openjdk-amd64/jre/lib/ext/sunpkcs11.jar
7f486008c000-7f486008d000 r--s 00010000 08:03 3153822                    /usr/lib/jvm/java-8-openjdk-amd64/jre/lib/ext/zipfs.jar
7f486008d000-7f4860097000 r--s 00116000 08:03 3153825                    /usr/lib/jvm/java-8-openjdk-amd64/jre/lib/ext/localedata.jar
7f4860097000-7f4860944000 rw-p 00000000 00:00 0 
7f4860944000-7f4860b12000 r--s 03beb000 08:03 3153805                    /usr/lib/jvm/java-8-openjdk-amd64/jre/lib/rt.jar
7f4860b12000-7f4861208000 rw-p 00000000 00:00 0 
7f4861208000-7f4861388000 ---p 00000000 00:00 0 
7f4861388000-7f4861588000 rw-p 00000000 00:00 0 
7f4861588000-7f4861589000 ---p 00000000 00:00 0 
7f4861589000-7f4861689000 rw-p 00000000 00:00 0 
7f4861689000-7f486168a000 ---p 00000000 00:00 0 
7f486168a000-7f486178a000 rw-p 00000000 00:00 0 
7f486178a000-7f486178b000 ---p 00000000 00:00 0 
7f486178b000-7f486188b000 rw-p 00000000 00:00 0 
7f486188b000-7f486188c000 ---p 00000000 00:00 0 
7f486188c000-7f48619ab000 rw-p 00000000 00:00 0 
7f48619ab000-7f4861ae2000 ---p 00000000 00:00 0 
7f4861ae2000-7f4861b01000 rw-p 00000000 00:00 0 
7f4861b01000-7f4861c37000 ---p 00000000 00:00 0 
7f4861c37000-7f4861c6a000 rw-p 00000000 00:00 0 
7f4861c6a000-7f4861ce2000 ---p 00000000 00:00 0 
7f4861ce2000-7f4861cfb000 rw-p 00000000 00:00 0 
7f4861cfb000-7f48620a3000 ---p 00000000 00:00 0 
7f48620a3000-7f48620ab000 r-xp 00000000 08:03 3153773                    /usr/lib/jvm/java-8-openjdk-amd64/jre/lib/amd64/libzip.so
7f48620ab000-7f48622aa000 ---p 00008000 08:03 3153773                    /usr/lib/jvm/java-8-openjdk-amd64/jre/lib/amd64/libzip.so
7f48622aa000-7f48622ab000 r--p 00007000 08:03 3153773                    /usr/lib/jvm/java-8-openjdk-amd64/jre/lib/amd64/libzip.so
7f48622ab000-7f48622ac000 rw-p 00008000 08:03 3153773                    /usr/lib/jvm/java-8-openjdk-amd64/jre/lib/amd64/libzip.so
7f48622ac000-7f48622b7000 r-xp 00000000 08:03 398080                     /lib/x86_64-linux-gnu/libnss_files-2.23.so
7f48622b7000-7f48624b6000 ---p 0000b000 08:03 398080                     /lib/x86_64-linux-gnu/libnss_files-2.23.so
7f48624b6000-7f48624b7000 r--p 0000a000 08:03 398080                     /lib/x86_64-linux-gnu/libnss_files-2.23.so
7f48624b7000-7f48624b8000 rw-p 0000b000 08:03 398080                     /lib/x86_64-linux-gnu/libnss_files-2.23.so
7f48624b8000-7f48624be000 rw-p 00000000 00:00 0 
7f48624be000-7f48624c9000 r-xp 00000000 08:03 398091                     /lib/x86_64-linux-gnu/libnss_nis-2.23.so
7f48624c9000-7f48626c8000 ---p 0000b000 08:03 398091                     /lib/x86_64-linux-gnu/libnss_nis-2.23.so
7f48626c8000-7f48626c9000 r--p 0000a000 08:03 398091                     /lib/x86_64-linux-gnu/libnss_nis-2.23.so
7f48626c9000-7f48626ca000 rw-p 0000b000 08:03 398091                     /lib/x86_64-linux-gnu/libnss_nis-2.23.so
7f48626ca000-7f48626e0000 r-xp 00000000 08:03 398074                     /lib/x86_64-linux-gnu/libnsl-2.23.so
7f48626e0000-7f48628df000 ---p 00016000 08:03 398074                     /lib/x86_64-linux-gnu/libnsl-2.23.so
7f48628df000-7f48628e0000 r--p 00015000 08:03 398074                     /lib/x86_64-linux-gnu/libnsl-2.23.so
7f48628e0000-7f48628e1000 rw-p 00016000 08:03 398074                     /lib/x86_64-linux-gnu/libnsl-2.23.so
7f48628e1000-7f48628e3000 rw-p 00000000 00:00 0 
7f48628e3000-7f48628eb000 r-xp 00000000 08:03 398076                     /lib/x86_64-linux-gnu/libnss_compat-2.23.so
7f48628eb000-7f4862aea000 ---p 00008000 08:03 398076                     /lib/x86_64-linux-gnu/libnss_compat-2.23.so
7f4862aea000-7f4862aeb000 r--p 00007000 08:03 398076                     /lib/x86_64-linux-gnu/libnss_compat-2.23.so
7f4862aeb000-7f4862aec000 rw-p 00008000 08:03 398076                     /lib/x86_64-linux-gnu/libnss_compat-2.23.so
7f4862aec000-7f4862b19000 r-xp 00000000 08:03 3153758                    /usr/lib/jvm/java-8-openjdk-amd64/jre/lib/amd64/libjava.so
7f4862b19000-7f4862d18000 ---p 0002d000 08:03 3153758                    /usr/lib/jvm/java-8-openjdk-amd64/jre/lib/amd64/libjava.so
7f4862d18000-7f4862d19000 r--p 0002c000 08:03 3153758                    /usr/lib/jvm/java-8-openjdk-amd64/jre/lib/amd64/libjava.so
7f4862d19000-7f4862d1b000 rw-p 0002d000 08:03 3153758                    /usr/lib/jvm/java-8-openjdk-amd64/jre/lib/amd64/libjava.so
7f4862d1b000-7f4862d2a000 r-xp 00000000 08:03 3153759                    /usr/lib/jvm/java-8-openjdk-amd64/jre/lib/amd64/libverify.so
7f4862d2a000-7f4862f29000 ---p 0000f000 08:03 3153759                    /usr/lib/jvm/java-8-openjdk-amd64/jre/lib/amd64/libverify.so
7f4862f29000-7f4862f2b000 r--p 0000e000 08:03 3153759                    /usr/lib/jvm/java-8-openjdk-amd64/jre/lib/amd64/libverify.so
7f4862f2b000-7f4862f2c000 rw-p 00010000 08:03 3153759                    /usr/lib/jvm/java-8-openjdk-amd64/jre/lib/amd64/libverify.so
7f4862f2c000-7f4862f33000 r-xp 00000000 08:03 398136                     /lib/x86_64-linux-gnu/librt-2.23.so
7f4862f33000-7f4863132000 ---p 00007000 08:03 398136                     /lib/x86_64-linux-gnu/librt-2.23.so
7f4863132000-7f4863133000 r--p 00006000 08:03 398136                     /lib/x86_64-linux-gnu/librt-2.23.so
7f4863133000-7f4863134000 rw-p 00007000 08:03 398136                     /lib/x86_64-linux-gnu/librt-2.23.so
7f4863134000-7f486314a000 r-xp 00000000 08:03 398021                     /lib/x86_64-linux-gnu/libgcc_s.so.1
7f486314a000-7f4863349000 ---p 00016000 08:03 398021                     /lib/x86_64-linux-gnu/libgcc_s.so.1
7f4863349000-7f486334a000 rw-p 00015000 08:03 398021                     /lib/x86_64-linux-gnu/libgcc_s.so.1
7f486334a000-7f4863452000 r-xp 00000000 08:03 398053                     /lib/x86_64-linux-gnu/libm-2.23.so
7f4863452000-7f4863651000 ---p 00108000 08:03 398053                     /lib/x86_64-linux-gnu/libm-2.23.so
7f4863651000-7f4863652000 r--p 00107000 08:03 398053                     /lib/x86_64-linux-gnu/libm-2.23.so
7f4863652000-7f4863653000 rw-p 00108000 08:03 398053                     /lib/x86_64-linux-gnu/libm-2.23.so
7f4863653000-7f48637c5000 r-xp 00000000 08:03 2896151                    /usr/lib/x86_64-linux-gnu/libstdc++.so.6.0.21
7f48637c5000-7f48639c5000 ---p 00172000 08:03 2896151                    /usr/lib/x86_64-linux-gnu/libstdc++.so.6.0.21
7f48639c5000-7f48639cf000 r--p 00172000 08:03 2896151                    /usr/lib/x86_64-linux-gnu/libstdc++.so.6.0.21
7f48639cf000-7f48639d1000 rw-p 0017c000 08:03 2896151                    /usr/lib/x86_64-linux-gnu/libstdc++.so.6.0.21
7f48639d1000-7f48639d5000 rw-p 00000000 00:00 0 
7f48639d5000-7f486461b000 r-xp 00000000 08:03 3153771                    /usr/lib/jvm/java-8-openjdk-amd64/jre/lib/amd64/server/libjvm.so
7f486461b000-7f486481b000 ---p 00c46000 08:03 3153771                    /usr/lib/jvm/java-8-openjdk-amd64/jre/lib/amd64/server/libjvm.so
7f486481b000-7f48648ae000 r--p 00c46000 08:03 3153771                    /usr/lib/jvm/java-8-openjdk-amd64/jre/lib/amd64/server/libjvm.so
7f48648ae000-7f48648d6000 rw-p 00cd9000 08:03 3153771                    /usr/lib/jvm/java-8-openjdk-amd64/jre/lib/amd64/server/libjvm.so
7f48648d6000-7f4864906000 rw-p 00000000 00:00 0 
7f4864906000-7f486491e000 r-xp 00000000 08:03 398128                     /lib/x86_64-linux-gnu/libpthread-2.23.so
7f486491e000-7f4864b1d000 ---p 00018000 08:03 398128                     /lib/x86_64-linux-gnu/libpthread-2.23.so
7f4864b1d000-7f4864b1e000 r--p 00017000 08:03 398128                     /lib/x86_64-linux-gnu/libpthread-2.23.so
7f4864b1e000-7f4864b1f000 rw-p 00018000 08:03 398128                     /lib/x86_64-linux-gnu/libpthread-2.23.so
7f4864b1f000-7f4864b23000 rw-p 00000000 00:00 0 
7f4864b23000-7f4864b26000 r-xp 00000000 08:03 398007                     /lib/x86_64-linux-gnu/libdl-2.23.so
7f4864b26000-7f4864d25000 ---p 00003000 08:03 398007                     /lib/x86_64-linux-gnu/libdl-2.23.so
7f4864d25000-7f4864d26000 r--p 00002000 08:03 398007                     /lib/x86_64-linux-gnu/libdl-2.23.so
7f4864d26000-7f4864d27000 rw-p 00003000 08:03 398007                     /lib/x86_64-linux-gnu/libdl-2.23.so
7f4864d27000-7f4864d40000 r-xp 00000000 08:03 398172                     /lib/x86_64-linux-gnu/libz.so.1.2.8
7f4864d40000-7f4864f3f000 ---p 00019000 08:03 398172                     /lib/x86_64-linux-gnu/libz.so.1.2.8
7f4864f3f000-7f4864f40000 r--p 00018000 08:03 398172                     /lib/x86_64-linux-gnu/libz.so.1.2.8
7f4864f40000-7f4864f41000 rw-p 00019000 08:03 398172                     /lib/x86_64-linux-gnu/libz.so.1.2.8
7f4864f41000-7f4865101000 r-xp 00000000 08:03 397985                     /lib/x86_64-linux-gnu/libc-2.23.so
7f4865101000-7f4865300000 ---p 001c0000 08:03 397985                     /lib/x86_64-linux-gnu/libc-2.23.so
7f4865300000-7f4865304000 r--p 001bf000 08:03 397985                     /lib/x86_64-linux-gnu/libc-2.23.so
7f4865304000-7f4865306000 rw-p 001c3000 08:03 397985                     /lib/x86_64-linux-gnu/libc-2.23.so
7f4865306000-7f486530a000 rw-p 00000000 00:00 0 
7f486530a000-7f4865317000 r-xp 00000000 08:03 3153787                    /usr/lib/jvm/java-8-openjdk-amd64/jre/lib/amd64/jli/libjli.so
7f4865317000-7f4865517000 ---p 0000d000 08:03 3153787                    /usr/lib/jvm/java-8-openjdk-amd64/jre/lib/amd64/jli/libjli.so
7f4865517000-7f4865518000 r--p 0000d000 08:03 3153787                    /usr/lib/jvm/java-8-openjdk-amd64/jre/lib/amd64/jli/libjli.so
7f4865518000-7f4865519000 rw-p 0000e000 08:03 3153787                    /usr/lib/jvm/java-8-openjdk-amd64/jre/lib/amd64/jli/libjli.so
7f4865519000-7f486553f000 r-xp 00000000 08:03 397957                     /lib/x86_64-linux-gnu/ld-2.23.so
7f486553f000-7f4865540000 r--s 0000a000 08:03 3153821                    /usr/lib/jvm/java-8-openjdk-amd64/jre/lib/ext/jaccess.jar
7f4865540000-7f4865542000 r--s 00001000 08:03 3153818                    /usr/lib/jvm/java-8-openjdk-amd64/jre/lib/ext/dnsns.jar
7f4865542000-7f4865547000 r--s 0003b000 08:03 3153823                    /usr/lib/jvm/java-8-openjdk-amd64/jre/lib/ext/sunjce_provider.jar
7f4865547000-7f4865548000 r--s 00008000 08:03 3153820                    /usr/lib/jvm/java-8-openjdk-amd64/jre/lib/ext/sunec.jar
7f4865548000-7f4865618000 rw-p 00000000 00:00 0 
7f4865618000-7f486561b000 ---p 00000000 00:00 0 
7f486561b000-7f4865732000 rw-p 00000000 00:00 0 
7f4865732000-7f486573a000 rw-s 00000000 08:03 663349                     /tmp/hsperfdata_alejandro/16601
7f486573a000-7f486573b000 rw-p 00000000 00:00 0 
7f486573b000-7f486573c000 ---p 00000000 00:00 0 
7f486573c000-7f486573e000 rw-p 00000000 00:00 0 
7f486573e000-7f486573f000 r--p 00025000 08:03 397957                     /lib/x86_64-linux-gnu/ld-2.23.so
7f486573f000-7f4865740000 rw-p 00026000 08:03 397957                     /lib/x86_64-linux-gnu/ld-2.23.so
7f4865740000-7f4865741000 rw-p 00000000 00:00 0 
7ffeafcb0000-7ffeafcd1000 rw-p 00000000 00:00 0                          [stack]
7ffeafd9a000-7ffeafd9c000 r--p 00000000 00:00 0                          [vvar]
7ffeafd9c000-7ffeafd9e000 r-xp 00000000 00:00 0                          [vdso]
ffffffffff600000-ffffffffff601000 r-xp 00000000 00:00 0                  [vsyscall]

VM Arguments:
jvm_args: -Djava.awt.headless=true -Xmx1024M -Dfile.encoding=UTF-8 -Duser.country=US -Duser.language=en -Duser.variant 
java_command: com.android.dx.command.Main --dex --force-jumbo --num-threads=4 --output /home/alejandro/AndroidStudioProjects/Raihere/app/build/intermediates/pre-dexed/debug/com.github.rey5137-material-1.2.2_c24e83d898e6148b954f77f5ccedfab550791cea.jar /home/alejandro/AndroidStudioProjects/Raihere/app/build/intermediates/exploded-aar/com.github.rey5137/material/1.2.2/jars/classes.jar
java_class_path (initial): /home/alejandro/Android/Sdk/build-tools/23.0.1/lib/dx.jar
Launcher Type: SUN_STANDARD

Environment Variables:
PATH=/home/alejandro/bin:/home/alejandro/.local/bin:/usr/local/sbin:/usr/local/bin:/usr/sbin:/usr/bin:/sbin:/bin:/usr/games:/usr/local/games:/snap/bin
USERNAME=alejandro
LD_LIBRARY_PATH=/home/alejandro/android-studio/bin:
SHELL=/bin/bash
DISPLAY=:0

Signal Handlers:
SIGSEGV: [libjvm.so+0xa5e970], sa_mask[0]=11111111011111111101111111111110, sa_flags=SA_RESTART|SA_SIGINFO
SIGBUS: [libjvm.so+0xa5e970], sa_mask[0]=11111111011111111101111111111110, sa_flags=SA_RESTART|SA_SIGINFO
SIGFPE: [libjvm.so+0x8a9ff0], sa_mask[0]=11111111011111111101111111111110, sa_flags=SA_RESTART|SA_SIGINFO
SIGPIPE: [libjvm.so+0x8a9ff0], sa_mask[0]=11111111011111111101111111111110, sa_flags=SA_RESTART|SA_SIGINFO
SIGXFSZ: [libjvm.so+0x8a9ff0], sa_mask[0]=11111111011111111101111111111110, sa_flags=SA_RESTART|SA_SIGINFO
SIGILL: [libjvm.so+0x8a9ff0], sa_mask[0]=11111111011111111101111111111110, sa_flags=SA_RESTART|SA_SIGINFO
SIGUSR1: SIG_DFL, sa_mask[0]=00000000000000000000000000000000, sa_flags=none
SIGUSR2: [libjvm.so+0x8a9ea0], sa_mask[0]=00100000000000000000000000000000, sa_flags=SA_RESTART|SA_SIGINFO
SIGHUP: [libjvm.so+0x8aa370], sa_mask[0]=11111111011111111101111111111110, sa_flags=SA_RESTART|SA_SIGINFO
SIGINT: [libjvm.so+0x8aa370], sa_mask[0]=11111111011111111101111111111110, sa_flags=SA_RESTART|SA_SIGINFO
SIGTERM: [libjvm.so+0x8aa370], sa_mask[0]=11111111011111111101111111111110, sa_flags=SA_RESTART|SA_SIGINFO
SIGQUIT: [libjvm.so+0x8aa370], sa_mask[0]=11111111011111111101111111111110, sa_flags=SA_RESTART|SA_SIGINFO


---------------  S Y S T E M  ---------------

OS:DISTRIB_ID=Ubuntu
DISTRIB_RELEASE=16.04
DISTRIB_CODENAME=xenial
DISTRIB_DESCRIPTION="Ubuntu 16.04.1 LTS"

uname:Linux 4.4.0-38-generic #57-Ubuntu SMP Tue Sep 6 15:42:33 UTC 2016 x86_64
libc:glibc 2.23 NPTL 2.23 
rlimit: STACK 8192k, CORE 0k, NPROC 23289, NOFILE 65536, AS infinity
load average:4.70 1.77 1.19

/proc/meminfo:
MemTotal:        6000956 kB
MemFree:          110248 kB
MemAvailable:      14856 kB
Buffers:             408 kB
Cached:           273320 kB
SwapCached:            0 kB
Active:          5485564 kB
Inactive:         222112 kB
Active(anon):    5473516 kB
Inactive(anon):   213668 kB
Active(file):      12048 kB
Inactive(file):     8444 kB
Unevictable:          16 kB
Mlocked:              16 kB
SwapTotal:             0 kB
SwapFree:              0 kB
Dirty:               268 kB
Writeback:             0 kB
AnonPages:       5434840 kB
Mapped:            90960 kB
Shmem:            252212 kB
Slab:              85944 kB
SReclaimable:      47408 kB
SUnreclaim:        38536 kB
KernelStack:       12544 kB
PageTables:        42100 kB
NFS_Unstable:          0 kB
Bounce:                0 kB
WritebackTmp:          0 kB
CommitLimit:     3000476 kB
Committed_AS:    9422464 kB
VmallocTotal:   34359738367 kB
VmallocUsed:           0 kB
VmallocChunk:          0 kB
HardwareCorrupted:     0 kB
AnonHugePages:   3379200 kB
CmaTotal:              0 kB
CmaFree:               0 kB
HugePages_Total:       0
HugePages_Free:        0
HugePages_Rsvd:        0
HugePages_Surp:        0
Hugepagesize:       2048 kB
DirectMap4k:       93952 kB
DirectMap2M:     6088704 kB


CPU:total 4 (2 cores per cpu, 2 threads per core) family 6 model 42 stepping 7, cmov, cx8, fxsr, mmx, sse, sse2, sse3, ssse3, sse4.1, sse4.2, popcnt, avx, clmul, ht, tsc, tscinvbit

/proc/cpuinfo:
processor	: 0
vendor_id	: GenuineIntel
cpu family	: 6
model		: 42
model name	: Intel(R) Core(TM) i3-2348M CPU @ 2.30GHz
stepping	: 7
microcode	: 0x28
cpu MHz		: 2300.000
cache size	: 3072 KB
physical id	: 0
siblings	: 4
core id		: 0
cpu cores	: 2
apicid		: 0
initial apicid	: 0
fpu		: yes
fpu_exception	: yes
cpuid level	: 13
wp		: yes
flags		: fpu vme de pse tsc msr pae mce cx8 apic sep mtrr pge mca cmov pat pse36 clflush dts acpi mmx fxsr sse sse2 ss ht tm pbe syscall nx rdtscp lm constant_tsc arch_perfmon pebs bts rep_good nopl xtopology nonstop_tsc aperfmperf eagerfpu pni pclmulqdq dtes64 monitor ds_cpl vmx est tm2 ssse3 cx16 xtpr pdcm pcid sse4_1 sse4_2 x2apic popcnt tsc_deadline_timer xsave avx lahf_lm epb tpr_shadow vnmi flexpriority ept vpid xsaveopt dtherm arat pln pts
bugs		:
bogomips	: 4589.13
clflush size	: 64
cache_alignment	: 64
address sizes	: 36 bits physical, 48 bits virtual
power management:

processor	: 1
vendor_id	: GenuineIntel
cpu family	: 6
model		: 42
model name	: Intel(R) Core(TM) i3-2348M CPU @ 2.30GHz
stepping	: 7
microcode	: 0x28
cpu MHz		: 2300.000
cache size	: 3072 KB
physical id	: 0
siblings	: 4
core id		: 0
cpu cores	: 2
apicid		: 1
initial apicid	: 1
fpu		: yes
fpu_exception	: yes
cpuid level	: 13
wp		: yes
flags		: fpu vme de pse tsc msr pae mce cx8 apic sep mtrr pge mca cmov pat pse36 clflush dts acpi mmx fxsr sse sse2 ss ht tm pbe syscall nx rdtscp lm constant_tsc arch_perfmon pebs bts rep_good nopl xtopology nonstop_tsc aperfmperf eagerfpu pni pclmulqdq dtes64 monitor ds_cpl vmx est tm2 ssse3 cx16 xtpr pdcm pcid sse4_1 sse4_2 x2apic popcnt tsc_deadline_timer xsave avx lahf_lm epb tpr_shadow vnmi flexpriority ept vpid xsaveopt dtherm arat pln pts
bugs		:
bogomips	: 4589.13
clflush size	: 64
cache_alignment	: 64
address sizes	: 36 bits physical, 48 bits virtual
power management:

processor	: 2
vendor_id	: GenuineIntel
cpu family	: 6
model		: 42
model name	: Intel(R) Core(TM) i3-2348M CPU @ 2.30GHz
stepping	: 7
microcode	: 0x28
cpu MHz		: 2300.000
cache size	: 3072 KB
physical id	: 0
siblings	: 4
core id		: 1
cpu cores	: 2
apicid		: 2
initial apicid	: 2
fpu		: yes
fpu_exception	: yes
cpuid level	: 13
wp		: yes
flags		: fpu vme de pse tsc msr pae mce cx8 apic sep mtrr pge mca cmov pat pse36 clflush dts acpi mmx fxsr sse sse2 ss ht tm pbe syscall nx rdtscp lm constant_tsc arch_perfmon pebs bts rep_good nopl xtopology nonstop_tsc aperfmperf eagerfpu pni pclmulqdq dtes64 monitor ds_cpl vmx est tm2 ssse3 cx16 xtpr pdcm pcid sse4_1 sse4_2 x2apic popcnt tsc_deadline_timer xsave avx lahf_lm epb tpr_shadow vnmi flexpriority ept vpid xsaveopt dtherm arat pln pts
bugs		:
bogomips	: 4589.13
clflush size	: 64
cache_alignment	: 64
address sizes	: 36 bits physical, 48 bits virtual
power management:

processor	: 3
vendor_id	: GenuineIntel
cpu family	: 6
model		: 42
model name	: Intel(R) Core(TM) i3-2348M CPU @ 2.30GHz
stepping	: 7
microcode	: 0x28
cpu MHz		: 2299.910
cache size	: 3072 KB
physical id	: 0
siblings	: 4
core id		: 1
cpu cores	: 2
apicid		: 3
initial apicid	: 3
fpu		: yes
fpu_exception	: yes
cpuid level	: 13
wp		: yes
flags		: fpu vme de pse tsc msr pae mce cx8 apic sep mtrr pge mca cmov pat pse36 clflush dts acpi mmx fxsr sse sse2 ss ht tm pbe syscall nx rdtscp lm constant_tsc arch_perfmon pebs bts rep_good nopl xtopology nonstop_tsc aperfmperf eagerfpu pni pclmulqdq dtes64 monitor ds_cpl vmx est tm2 ssse3 cx16 xtpr pdcm pcid sse4_1 sse4_2 x2apic popcnt tsc_deadline_timer xsave avx lahf_lm epb tpr_shadow vnmi flexpriority ept vpid xsaveopt dtherm arat pln pts
bugs		:
bogomips	: 4589.13
clflush size	: 64
cache_alignment	: 64
address sizes	: 36 bits physical, 48 bits virtual
power management:



Memory: 4k page, physical 6000956k(109580k free), swap 0k(0k free)

vm_info: OpenJDK 64-Bit Server VM (25.91-b14) for linux-amd64 JRE (1.8.0_91-8u91-b14-3ubuntu1~16.04.1-b14), built on Jul 21 2016 04:13:34 by "buildd" with gcc 5.3.1 20160413

time: Wed Sep 21 23:13:08 2016
elapsed time: 7 seconds (0d 0h 0m 7s)

