#
# There is insufficient memory for the Java Runtime Environment to continue.
# Native memory allocation (mmap) failed to map 65011712 bytes for committing reserved memory.
# Possible reasons:
#   The system is out of physical RAM or swap space
#   In 32 bit mode, the process size limit was hit
# Possible solutions:
#   Reduce memory load on the system
#   Increase physical memory or swap space
#   Check if swap backing store is full
#   Use 64 bit Java on a 64 bit OS
#   Decrease Java heap size (-Xmx/-Xms)
#   Decrease number of Java threads
#   Decrease Java thread stack sizes (-Xss)
#   Set larger code cache with -XX:ReservedCodeCacheSize=
# This output file may be truncated or incomplete.
#
#  Out of Memory Error (os_linux.cpp:2630), pid=5260, tid=139936129287936
#
# JRE version: OpenJDK Runtime Environment (8.0_91-b14) (build 1.8.0_91-8u91-b14-3ubuntu1~16.04.1-b14)
# Java VM: OpenJDK 64-Bit Server VM (25.91-b14 mixed mode linux-amd64 compressed oops)
# Failed to write core dump. Core dumps have been disabled. To enable core dumping, try "ulimit -c unlimited" before starting Java again
#

---------------  T H R E A D  ---------------

Current thread (0x00007f4588077800):  VMThread [stack: 0x00007f456b370000,0x00007f456b471000] [id=5269]

Stack: [0x00007f456b370000,0x00007f456b471000],  sp=0x00007f456b46f4c0,  free space=1021k
Native frames: (J=compiled Java code, j=interpreted, Vv=VM code, C=native code)
V  [libjvm.so+0xa5de1b]
V  [libjvm.so+0x4c178c]
V  [libjvm.so+0x8ae9d0]
V  [libjvm.so+0x8a8e4e]
V  [libjvm.so+0x922f46]
V  [libjvm.so+0x924273]
V  [libjvm.so+0x920923]
V  [libjvm.so+0x920bec]
V  [libjvm.so+0x8d3263]
V  [libjvm.so+0xa5fad2]
V  [libjvm.so+0xa64b57]
V  [libjvm.so+0xa62327]
V  [libjvm.so+0xa637af]
V  [libjvm.so+0xa63ca1]
V  [libjvm.so+0x8abeb2]

VM_Operation (0x00007f456a111d30): ParallelGCFailedAllocation, mode: safepoint, requested by thread 0x00007f458817d800


---------------  P R O C E S S  ---------------

Java Threads: ( => current thread )
  0x00007f458817f800 JavaThread "pool-2-thread-4" [_thread_blocked, id=5312, stack(0x00007f4569f12000,0x00007f456a013000)]
  0x00007f458817d800 JavaThread "pool-2-thread-3" [_thread_blocked, id=5311, stack(0x00007f456a013000,0x00007f456a114000)]
  0x00007f458817c000 JavaThread "pool-2-thread-2" [_thread_blocked, id=5308, stack(0x00007f456a114000,0x00007f456a215000)]
  0x00007f4588178800 JavaThread "pool-3-thread-1" [_thread_blocked, id=5307, stack(0x00007f456a215000,0x00007f456a316000)]
  0x00007f4588176800 JavaThread "pool-2-thread-1" [_thread_blocked, id=5305, stack(0x00007f456a316000,0x00007f456a417000)]
  0x00007f45880c2800 JavaThread "Service Thread" daemon [_thread_blocked, id=5282, stack(0x00007f456a569000,0x00007f456a66a000)]
  0x00007f45880b3000 JavaThread "C1 CompilerThread2" daemon [_thread_blocked, id=5278, stack(0x00007f456a66a000,0x00007f456a76b000)]
  0x00007f45880b1000 JavaThread "C2 CompilerThread1" daemon [_thread_blocked, id=5277, stack(0x00007f456a76b000,0x00007f456a86c000)]
  0x00007f45880ae000 JavaThread "C2 CompilerThread0" daemon [_thread_blocked, id=5275, stack(0x00007f456a86c000,0x00007f456a96d000)]
  0x00007f45880ac000 JavaThread "Signal Dispatcher" daemon [_thread_blocked, id=5273, stack(0x00007f456a96d000,0x00007f456aa6e000)]
  0x00007f4588084000 JavaThread "Finalizer" daemon [_thread_blocked, id=5271, stack(0x00007f456b16e000,0x00007f456b26f000)]
  0x00007f458807f000 JavaThread "Reference Handler" daemon [_thread_blocked, id=5270, stack(0x00007f456b26f000,0x00007f456b370000)]
  0x00007f458800a000 JavaThread "main" [_thread_blocked, id=5264, stack(0x00007f4592106000,0x00007f4592207000)]

Other Threads:
=>0x00007f4588077800 VMThread [stack: 0x00007f456b370000,0x00007f456b471000] [id=5269]
  0x00007f45880c5000 WatcherThread [stack: 0x00007f456a468000,0x00007f456a569000] [id=5284]

VM state:at safepoint (normal execution)

VM Mutex/Monitor currently owned by a thread:  ([mutex/lock_event])
[0x00007f4588006820] Threads_lock - owner thread: 0x00007f4588077800
[0x00007f4588006d20] Heap_lock - owner thread: 0x00007f458817d800

Heap:
 PSYoungGen      total 51712K, used 3579K [0x00000000eab00000, 0x00000000ee100000, 0x0000000100000000)
  eden space 48128K, 0% used [0x00000000eab00000,0x00000000eab00000,0x00000000eda00000)
  from space 3584K, 99% used [0x00000000eda00000,0x00000000edd7efe0,0x00000000edd80000)
  to   space 3584K, 0% used [0x00000000edd80000,0x00000000edd80000,0x00000000ee100000)
 ParOldGen       total 62976K, used 21193K [0x00000000c0000000, 0x00000000c3d80000, 0x00000000eab00000)
  object space 62976K, 33% used [0x00000000c0000000,0x00000000c14b2600,0x00000000c3d80000)
 Metaspace       used 5682K, capacity 6896K, committed 7040K, reserved 1056768K
  class space    used 560K, capacity 616K, committed 640K, reserved 1048576K

Card table byte_map: [0x00007f458e5d1000,0x00007f458e7d2000] byte_map_base: 0x00007f458dfd1000

Marking Bits: (ParMarkBitMap*) 0x00007f45913d8fc0
 Begin Bits: [0x00007f458c077000, 0x00007f458d077000)
 End Bits:   [0x00007f458d077000, 0x00007f458e077000)

Polling page: 0x00007f459222a000

CodeCache: size=245760Kb used=4547Kb max_used=4547Kb free=241212Kb
 bounds [0x00007f4579000000, 0x00007f4579480000, 0x00007f4588000000]
 total_blobs=1430 nmethods=1163 adapters=182
 compilation: enabled

Compilation events (10 events):
Event: 6.718 Thread 0x00007f45880b3000 nmethod 1403 0x00007f457945f390 code [0x00007f457945f600, 0x00007f4579460618]
Event: 6.718 Thread 0x00007f45880b3000 1404 %     3       com.android.dx.ssa.Dominators::run @ 403 (506 bytes)
Event: 6.774 Thread 0x00007f45880b3000 nmethod 1404% 0x00007f4579461290 code [0x00007f4579461880, 0x00007f45794659b8]
Event: 6.774 Thread 0x00007f45880b3000 1407       3       com.android.dx.cf.code.RopperMachine::getSources (264 bytes)
Event: 6.804 Thread 0x00007f45880b3000 nmethod 1407 0x00007f4579469390 code [0x00007f45794699a0, 0x00007f457946e2d8]
Event: 6.804 Thread 0x00007f45880b3000 1408       3       com.android.dx.cf.code.BaseMachine::storeResults (90 bytes)
Event: 6.834 Thread 0x00007f45880b3000 nmethod 1408 0x00007f4579453d10 code [0x00007f4579453f20, 0x00007f45794549c8]
Event: 6.834 Thread 0x00007f45880b3000 1410       3       java.util.TreeMap::put (247 bytes)
Event: 6.836 Thread 0x00007f45880b3000 nmethod 1410 0x00007f45794718d0 code [0x00007f4579471b40, 0x00007f4579472d18]
Event: 6.836 Thread 0x00007f45880b3000 1395       2       com.android.dx.ssa.SsaMethod::forEachBlockDepthFirstDom (128 bytes)

GC Heap History (9 events):
Event: 3.451 GC heap before
{Heap before GC invocations=1 (full 0):
 PSYoungGen      total 27648K, used 24064K [0x00000000eab00000, 0x00000000ec980000, 0x0000000100000000)
  eden space 24064K, 100% used [0x00000000eab00000,0x00000000ec280000,0x00000000ec280000)
  from space 3584K, 0% used [0x00000000ec600000,0x00000000ec600000,0x00000000ec980000)
  to   space 3584K, 0% used [0x00000000ec280000,0x00000000ec280000,0x00000000ec600000)
 ParOldGen       total 62976K, used 0K [0x00000000c0000000, 0x00000000c3d80000, 0x00000000eab00000)
  object space 62976K, 0% used [0x00000000c0000000,0x00000000c0000000,0x00000000c3d80000)
 Metaspace       used 5478K, capacity 6704K, committed 6784K, reserved 1056768K
  class space    used 556K, capacity 616K, committed 640K, reserved 1048576K
Event: 3.484 GC heap after
Heap after GC invocations=1 (full 0):
 PSYoungGen      total 27648K, used 3559K [0x00000000eab00000, 0x00000000ec980000, 0x0000000100000000)
  eden space 24064K, 0% used [0x00000000eab00000,0x00000000eab00000,0x00000000ec280000)
  from space 3584K, 99% used [0x00000000ec280000,0x00000000ec5f9c88,0x00000000ec600000)
  to   space 3584K, 0% used [0x00000000ec600000,0x00000000ec600000,0x00000000ec980000)
 ParOldGen       total 62976K, used 1921K [0x00000000c0000000, 0x00000000c3d80000, 0x00000000eab00000)
  object space 62976K, 3% used [0x00000000c0000000,0x00000000c01e05c0,0x00000000c3d80000)
 Metaspace       used 5478K, capacity 6704K, committed 6784K, reserved 1056768K
  class space    used 556K, capacity 616K, committed 640K, reserved 1048576K
}
Event: 4.635 GC heap before
{Heap before GC invocations=2 (full 0):
 PSYoungGen      total 27648K, used 27623K [0x00000000eab00000, 0x00000000ec980000, 0x0000000100000000)
  eden space 24064K, 100% used [0x00000000eab00000,0x00000000ec280000,0x00000000ec280000)
  from space 3584K, 99% used [0x00000000ec280000,0x00000000ec5f9c88,0x00000000ec600000)
  to   space 3584K, 0% used [0x00000000ec600000,0x00000000ec600000,0x00000000ec980000)
 ParOldGen       total 62976K, used 1921K [0x00000000c0000000, 0x00000000c3d80000, 0x00000000eab00000)
  object space 62976K, 3% used [0x00000000c0000000,0x00000000c01e05c0,0x00000000c3d80000)
 Metaspace       used 5571K, capacity 6768K, committed 7040K, reserved 1056768K
  class space    used 560K, capacity 616K, committed 640K, reserved 1048576K
Event: 4.710 GC heap after
Heap after GC invocations=2 (full 0):
 PSYoungGen      total 27648K, used 3552K [0x00000000eab00000, 0x00000000ee100000, 0x0000000100000000)
  eden space 24064K, 0% used [0x00000000eab00000,0x00000000eab00000,0x00000000ec280000)
  from space 3584K, 99% used [0x00000000ec600000,0x00000000ec978028,0x00000000ec980000)
  to   space 3584K, 0% used [0x00000000ec280000,0x00000000ec280000,0x00000000ec600000)
 ParOldGen       total 62976K, used 5979K [0x00000000c0000000, 0x00000000c3d80000, 0x00000000eab00000)
  object space 62976K, 9% used [0x00000000c0000000,0x00000000c05d6f98,0x00000000c3d80000)
 Metaspace       used 5571K, capacity 6768K, committed 7040K, reserved 1056768K
  class space    used 560K, capacity 616K, committed 640K, reserved 1048576K
}
Event: 5.336 GC heap before
{Heap before GC invocations=3 (full 0):
 PSYoungGen      total 27648K, used 27616K [0x00000000eab00000, 0x00000000ee100000, 0x0000000100000000)
  eden space 24064K, 100% used [0x00000000eab00000,0x00000000ec280000,0x00000000ec280000)
  from space 3584K, 99% used [0x00000000ec600000,0x00000000ec978028,0x00000000ec980000)
  to   space 3584K, 0% used [0x00000000ec280000,0x00000000ec280000,0x00000000ec600000)
 ParOldGen       total 62976K, used 5979K [0x00000000c0000000, 0x00000000c3d80000, 0x00000000eab00000)
  object space 62976K, 9% used [0x00000000c0000000,0x00000000c05d6f98,0x00000000c3d80000)
 Metaspace       used 5624K, capacity 6832K, committed 7040K, reserved 1056768K
  class space    used 560K, capacity 616K, committed 640K, reserved 1048576K
Event: 5.413 GC heap after
Heap after GC invocations=3 (full 0):
 PSYoungGen      total 27648K, used 3574K [0x00000000eab00000, 0x00000000ee100000, 0x0000000100000000)
  eden space 24064K, 0% used [0x00000000eab00000,0x00000000eab00000,0x00000000ec280000)
  from space 3584K, 99% used [0x00000000ec280000,0x00000000ec5fd838,0x00000000ec600000)
  to   space 3584K, 0% used [0x00000000edd80000,0x00000000edd80000,0x00000000ee100000)
 ParOldGen       total 62976K, used 10299K [0x00000000c0000000, 0x00000000c3d80000, 0x00000000eab00000)
  object space 62976K, 16% used [0x00000000c0000000,0x00000000c0a0eee8,0x00000000c3d80000)
 Metaspace       used 5624K, capacity 6832K, committed 7040K, reserved 1056768K
  class space    used 560K, capacity 616K, committed 640K, reserved 1048576K
}
Event: 5.838 GC heap before
{Heap before GC invocations=4 (full 0):
 PSYoungGen      total 27648K, used 27638K [0x00000000eab00000, 0x00000000ee100000, 0x0000000100000000)
  eden space 24064K, 100% used [0x00000000eab00000,0x00000000ec280000,0x00000000ec280000)
  from space 3584K, 99% used [0x00000000ec280000,0x00000000ec5fd838,0x00000000ec600000)
  to   space 3584K, 0% used [0x00000000edd80000,0x00000000edd80000,0x00000000ee100000)
 ParOldGen       total 62976K, used 10299K [0x00000000c0000000, 0x00000000c3d80000, 0x00000000eab00000)
  object space 62976K, 16% used [0x00000000c0000000,0x00000000c0a0eee8,0x00000000c3d80000)
 Metaspace       used 5648K, capacity 6832K, committed 7040K, reserved 1056768K
  class space    used 560K, capacity 616K, committed 640K, reserved 1048576K
Event: 5.911 GC heap after
Heap after GC invocations=4 (full 0):
 PSYoungGen      total 51712K, used 3552K [0x00000000eab00000, 0x00000000ee100000, 0x0000000100000000)
  eden space 48128K, 0% used [0x00000000eab00000,0x00000000eab00000,0x00000000eda00000)
  from space 3584K, 99% used [0x00000000edd80000,0x00000000ee0f8028,0x00000000ee100000)
  to   space 3584K, 0% used [0x00000000eda00000,0x00000000eda00000,0x00000000edd80000)
 ParOldGen       total 62976K, used 14391K [0x00000000c0000000, 0x00000000c3d80000, 0x00000000eab00000)
  object space 62976K, 22% used [0x00000000c0000000,0x00000000c0e0de30,0x00000000c3d80000)
 Metaspace       used 5648K, capacity 6832K, committed 7040K, reserved 1056768K
  class space    used 560K, capacity 616K, committed 640K, reserved 1048576K
}
Event: 6.935 GC heap before
{Heap before GC invocations=5 (full 0):
 PSYoungGen      total 51712K, used 51680K [0x00000000eab00000, 0x00000000ee100000, 0x0000000100000000)
  eden space 48128K, 100% used [0x00000000eab00000,0x00000000eda00000,0x00000000eda00000)
  from space 3584K, 99% used [0x00000000edd80000,0x00000000ee0f8028,0x00000000ee100000)
  to   space 3584K, 0% used [0x00000000eda00000,0x00000000eda00000,0x00000000edd80000)
 ParOldGen       total 62976K, used 14391K [0x00000000c0000000, 0x00000000c3d80000, 0x00000000eab00000)
  object space 62976K, 22% used [0x00000000c0000000,0x00000000c0e0de30,0x00000000c3d80000)
 Metaspace       used 5682K, capacity 6896K, committed 7040K, reserved 1056768K
  class space    used 560K, capacity 616K, committed 640K, reserved 1048576K

Deoptimization events (10 events):
Event: 3.975 Thread 0x00007f458800a000 Uncommon trap: reason=class_check action=maybe_recompile pc=0x00007f45792a4424 method=com.android.dx.rop.type.Type.equals(Ljava/lang/Object;)Z @ 8
Event: 3.975 Thread 0x00007f458800a000 Uncommon trap: reason=class_check action=maybe_recompile pc=0x00007f457925d0ec method=com.android.dx.rop.type.Type.equals(Ljava/lang/Object;)Z @ 8
Event: 4.054 Thread 0x00007f458817d800 Uncommon trap: reason=bimorphic action=maybe_recompile pc=0x00007f457921ce24 method=java.util.HashMap.getNode(ILjava/lang/Object;)Ljava/util/HashMap$Node; @ 126
Event: 4.062 Thread 0x00007f458817d800 Uncommon trap: reason=bimorphic action=maybe_recompile pc=0x00007f457921ce24 method=java.util.HashMap.getNode(ILjava/lang/Object;)Ljava/util/HashMap$Node; @ 126
Event: 4.062 Thread 0x00007f458817d800 Uncommon trap: reason=bimorphic action=maybe_recompile pc=0x00007f457921ce24 method=java.util.HashMap.getNode(ILjava/lang/Object;)Ljava/util/HashMap$Node; @ 126
Event: 4.063 Thread 0x00007f458817d800 Uncommon trap: reason=bimorphic action=maybe_recompile pc=0x00007f457921ce24 method=java.util.HashMap.getNode(ILjava/lang/Object;)Ljava/util/HashMap$Node; @ 126
Event: 4.167 Thread 0x00007f4588176800 Uncommon trap: reason=null_check action=make_not_entrant pc=0x00007f45792b3044 method=com.android.dx.ssa.SsaRenamer.getLocalForNewReg(I)Lcom/android/dx/rop/code/LocalItem; @ 19
Event: 4.562 Thread 0x00007f458817c000 Uncommon trap: reason=unstable_if action=reinterpret pc=0x00007f4579226c38 method=com.android.dx.rop.code.LocalItem.hashCode()I @ 25
Event: 4.562 Thread 0x00007f458817c000 Uncommon trap: reason=unstable_if action=reinterpret pc=0x00007f457927ce28 method=com.android.dx.rop.code.LocalItem.hashCode()I @ 25
Event: 5.776 Thread 0x00007f458800a000 Uncommon trap: reason=unstable_if action=reinterpret pc=0x00007f45792e1a50 method=com.android.dx.rop.code.RegisterSpec.equals(ILcom/android/dx/rop/type/TypeBearer;Lcom/android/dx/rop/code/LocalItem;)Z @ 42

Internal exceptions (3 events):
Event: 0.284 Thread 0x00007f458800a000 Exception <a 'java/lang/NoSuchMethodError': Method sun.misc.Unsafe.defineClass(Ljava/lang/String;[BII)Ljava/lang/Class; name or signature does not match> (0x00000000eab07cc0) thrown at [/build/openjdk-8-W1Ghxo/openjdk-8-8u91-b14/src/hotspot/src/share/vm/p
Event: 0.284 Thread 0x00007f458800a000 Exception <a 'java/lang/NoSuchMethodError': Method sun.misc.Unsafe.prefetchRead(Ljava/lang/Object;J)V name or signature does not match> (0x00000000eab07fa8) thrown at [/build/openjdk-8-W1Ghxo/openjdk-8-8u91-b14/src/hotspot/src/share/vm/prims/jni.cpp, line
Event: 4.167 Thread 0x00007f4588176800 Implicit null exception at 0x00007f45792b0a4d to 0x00007f45792b2ffd

Events (10 events):
Event: 6.035 Thread 0x00007f458817d800 DEOPT UNPACKING pc=0x00007f4579047373 sp=0x00007f456a111fa0 mode 0
Event: 6.344 Thread 0x00007f458800a000 DEOPT PACKING pc=0x00007f45791eedb9 sp=0x00007f4592204970
Event: 6.344 Thread 0x00007f458800a000 DEOPT UNPACKING pc=0x00007f4579047373 sp=0x00007f45922046c0 mode 0
Event: 6.375 Thread 0x00007f4588176800 DEOPT PACKING pc=0x00007f4579350dac sp=0x00007f456a415130
Event: 6.375 Thread 0x00007f4588176800 DEOPT UNPACKING pc=0x00007f4579047373 sp=0x00007f456a414e30 mode 0
Event: 6.393 Thread 0x00007f458817d800 DEOPT PACKING pc=0x00007f45792eb0d6 sp=0x00007f456a1121d0
Event: 6.393 Thread 0x00007f458817d800 DEOPT UNPACKING pc=0x00007f4579047373 sp=0x00007f456a111ee8 mode 0
Event: 6.812 Thread 0x00007f458817f800 DEOPT PACKING pc=0x00007f4579350dac sp=0x00007f456a011130
Event: 6.812 Thread 0x00007f458817f800 DEOPT UNPACKING pc=0x00007f4579047373 sp=0x00007f456a010e30 mode 0
Event: 6.860 Executing VM operation: ParallelGCFailedAllocation


Dynamic libraries:
00400000-00401000 r-xp 00000000 08:03 3153741                            /usr/lib/jvm/java-8-openjdk-amd64/jre/bin/java
00600000-00601000 r--p 00000000 08:03 3153741                            /usr/lib/jvm/java-8-openjdk-amd64/jre/bin/java
00601000-00602000 rw-p 00001000 08:03 3153741                            /usr/lib/jvm/java-8-openjdk-amd64/jre/bin/java
01f68000-01f89000 rw-p 00000000 00:00 0                                  [heap]
c0000000-c3d80000 rw-p 00000000 00:00 0 
c3d80000-eab00000 ---p 00000000 00:00 0 
eab00000-ee100000 rw-p 00000000 00:00 0 
f1f00000-100000000 ---p 00000000 00:00 0 
100000000-1000a0000 rw-p 00000000 00:00 0 
1000a0000-140000000 ---p 00000000 00:00 0 
7f4528000000-7f4528028000 rw-p 00000000 00:00 0 
7f4528028000-7f452c000000 ---p 00000000 00:00 0 
7f4530000000-7f4530021000 rw-p 00000000 00:00 0 
7f4530021000-7f4534000000 ---p 00000000 00:00 0 
7f4534000000-7f4534021000 rw-p 00000000 00:00 0 
7f4534021000-7f4538000000 ---p 00000000 00:00 0 
7f4538000000-7f4538021000 rw-p 00000000 00:00 0 
7f4538021000-7f453c000000 ---p 00000000 00:00 0 
7f453c000000-7f453c021000 rw-p 00000000 00:00 0 
7f453c021000-7f4540000000 ---p 00000000 00:00 0 
7f4540000000-7f4540021000 rw-p 00000000 00:00 0 
7f4540021000-7f4544000000 ---p 00000000 00:00 0 
7f4544000000-7f4544021000 rw-p 00000000 00:00 0 
7f4544021000-7f4548000000 ---p 00000000 00:00 0 
7f4548000000-7f454868c000 rw-p 00000000 00:00 0 
7f454868c000-7f454c000000 ---p 00000000 00:00 0 
7f454c000000-7f454c90f000 rw-p 00000000 00:00 0 
7f454c90f000-7f4550000000 ---p 00000000 00:00 0 
7f4550000000-7f4550021000 rw-p 00000000 00:00 0 
7f4550021000-7f4554000000 ---p 00000000 00:00 0 
7f4554000000-7f45544f7000 rw-p 00000000 00:00 0 
7f45544f7000-7f4558000000 ---p 00000000 00:00 0 
7f4558000000-7f4558021000 rw-p 00000000 00:00 0 
7f4558021000-7f455c000000 ---p 00000000 00:00 0 
7f455c000000-7f455c021000 rw-p 00000000 00:00 0 
7f455c021000-7f4560000000 ---p 00000000 00:00 0 
7f4560000000-7f4560021000 rw-p 00000000 00:00 0 
7f4560021000-7f4564000000 ---p 00000000 00:00 0 
7f4564000000-7f4564021000 rw-p 00000000 00:00 0 
7f4564021000-7f4568000000 ---p 00000000 00:00 0 
7f4569f12000-7f4569f15000 ---p 00000000 00:00 0 
7f4569f15000-7f456a013000 rw-p 00000000 00:00 0 
7f456a013000-7f456a016000 ---p 00000000 00:00 0 
7f456a016000-7f456a114000 rw-p 00000000 00:00 0 
7f456a114000-7f456a117000 ---p 00000000 00:00 0 
7f456a117000-7f456a215000 rw-p 00000000 00:00 0 
7f456a215000-7f456a218000 ---p 00000000 00:00 0 
7f456a218000-7f456a316000 rw-p 00000000 00:00 0 
7f456a316000-7f456a319000 ---p 00000000 00:00 0 
7f456a319000-7f456a417000 rw-p 00000000 00:00 0 
7f456a417000-7f456a41e000 r--s 00068000 08:03 3285413                    /home/alejandro/AndroidStudioProjects/Raihere/app/build/intermediates/exploded-aar/com.github.rey5137/material/1.2.2/jars/classes.jar
7f456a41e000-7f456a42d000 r--s 000df000 08:03 1320028                    /home/alejandro/Android/Sdk/build-tools/23.0.1/lib/dx.jar
7f456a42d000-7f456a448000 r--s 001d7000 08:03 3153817                    /usr/lib/jvm/java-8-openjdk-amd64/jre/lib/ext/nashorn.jar
7f456a448000-7f456a464000 r--s 00393000 08:03 3153819                    /usr/lib/jvm/java-8-openjdk-amd64/jre/lib/ext/cldrdata.jar
7f456a464000-7f456a468000 r--s 00037000 08:03 3153826                    /usr/lib/jvm/java-8-openjdk-amd64/jre/lib/ext/sunpkcs11.jar
7f456a468000-7f456a469000 ---p 00000000 00:00 0 
7f456a469000-7f456a569000 rw-p 00000000 00:00 0 
7f456a569000-7f456a56c000 ---p 00000000 00:00 0 
7f456a56c000-7f456a66a000 rw-p 00000000 00:00 0 
7f456a66a000-7f456a66d000 ---p 00000000 00:00 0 
7f456a66d000-7f456a76b000 rw-p 00000000 00:00 0 
7f456a76b000-7f456a76e000 ---p 00000000 00:00 0 
7f456a76e000-7f456a86c000 rw-p 00000000 00:00 0 
7f456a86c000-7f456a86f000 ---p 00000000 00:00 0 
7f456a86f000-7f456a96d000 rw-p 00000000 00:00 0 
7f456a96d000-7f456a970000 ---p 00000000 00:00 0 
7f456a970000-7f456aa6e000 rw-p 00000000 00:00 0 
7f456aa6e000-7f456b16e000 r--p 00000000 08:03 2892128                    /usr/lib/locale/locale-archive
7f456b16e000-7f456b171000 ---p 00000000 00:00 0 
7f456b171000-7f456b26f000 rw-p 00000000 00:00 0 
7f456b26f000-7f456b272000 ---p 00000000 00:00 0 
7f456b272000-7f456b370000 rw-p 00000000 00:00 0 
7f456b370000-7f456b371000 ---p 00000000 00:00 0 
7f456b371000-7f456c000000 rw-p 00000000 00:00 0 
7f456c000000-7f456c021000 rw-p 00000000 00:00 0 
7f456c021000-7f4570000000 ---p 00000000 00:00 0 
7f4570000000-7f4570021000 rw-p 00000000 00:00 0 
7f4570021000-7f4574000000 ---p 00000000 00:00 0 
7f4574000000-7f4574021000 rw-p 00000000 00:00 0 
7f4574021000-7f4578000000 ---p 00000000 00:00 0 
7f4578000000-7f4578003000 r--s 0000f000 08:03 3153824                    /usr/lib/jvm/java-8-openjdk-amd64/jre/lib/ext/icedtea-sound.jar
7f4578003000-7f457800d000 r--s 00116000 08:03 3153825                    /usr/lib/jvm/java-8-openjdk-amd64/jre/lib/ext/localedata.jar
7f457800d000-7f4578432000 rw-p 00000000 00:00 0 
7f4578432000-7f4578600000 r--s 03beb000 08:03 3153805                    /usr/lib/jvm/java-8-openjdk-amd64/jre/lib/rt.jar
7f4578600000-7f4578c40000 rw-p 00000000 00:00 0 
7f4578c40000-7f4578e00000 ---p 00000000 00:00 0 
7f4578e00000-7f4579000000 rw-p 00000000 00:00 0 
7f4579000000-7f4579480000 rwxp 00000000 00:00 0 
7f4579480000-7f4588000000 ---p 00000000 00:00 0 
7f4588000000-7f45881c3000 rw-p 00000000 00:00 0 
7f45881c3000-7f458c000000 ---p 00000000 00:00 0 
7f458c000000-7f458c001000 r--s 00010000 08:03 3153822                    /usr/lib/jvm/java-8-openjdk-amd64/jre/lib/ext/zipfs.jar
7f458c001000-7f458e077000 rw-p 00000000 00:00 0 
7f458e077000-7f458e078000 ---p 00000000 00:00 0 
7f458e078000-7f458e178000 rw-p 00000000 00:00 0 
7f458e178000-7f458e179000 ---p 00000000 00:00 0 
7f458e179000-7f458e279000 rw-p 00000000 00:00 0 
7f458e279000-7f458e27a000 ---p 00000000 00:00 0 
7f458e27a000-7f458e37a000 rw-p 00000000 00:00 0 
7f458e37a000-7f458e37b000 ---p 00000000 00:00 0 
7f458e37b000-7f458e49a000 rw-p 00000000 00:00 0 
7f458e49a000-7f458e5d1000 ---p 00000000 00:00 0 
7f458e5d1000-7f458e5f0000 rw-p 00000000 00:00 0 
7f458e5f0000-7f458e726000 ---p 00000000 00:00 0 
7f458e726000-7f458e742000 rw-p 00000000 00:00 0 
7f458e742000-7f458e7d1000 ---p 00000000 00:00 0 
7f458e7d1000-7f458e7e4000 rw-p 00000000 00:00 0 
7f458e7e4000-7f458eb92000 ---p 00000000 00:00 0 
7f458eb92000-7f458eb9a000 r-xp 00000000 08:03 3153773                    /usr/lib/jvm/java-8-openjdk-amd64/jre/lib/amd64/libzip.so
7f458eb9a000-7f458ed99000 ---p 00008000 08:03 3153773                    /usr/lib/jvm/java-8-openjdk-amd64/jre/lib/amd64/libzip.so
7f458ed99000-7f458ed9a000 r--p 00007000 08:03 3153773                    /usr/lib/jvm/java-8-openjdk-amd64/jre/lib/amd64/libzip.so
7f458ed9a000-7f458ed9b000 rw-p 00008000 08:03 3153773                    /usr/lib/jvm/java-8-openjdk-amd64/jre/lib/amd64/libzip.so
7f458ed9b000-7f458eda6000 r-xp 00000000 08:03 398080                     /lib/x86_64-linux-gnu/libnss_files-2.23.so
7f458eda6000-7f458efa5000 ---p 0000b000 08:03 398080                     /lib/x86_64-linux-gnu/libnss_files-2.23.so
7f458efa5000-7f458efa6000 r--p 0000a000 08:03 398080                     /lib/x86_64-linux-gnu/libnss_files-2.23.so
7f458efa6000-7f458efa7000 rw-p 0000b000 08:03 398080                     /lib/x86_64-linux-gnu/libnss_files-2.23.so
7f458efa7000-7f458efad000 rw-p 00000000 00:00 0 
7f458efad000-7f458efb8000 r-xp 00000000 08:03 398091                     /lib/x86_64-linux-gnu/libnss_nis-2.23.so
7f458efb8000-7f458f1b7000 ---p 0000b000 08:03 398091                     /lib/x86_64-linux-gnu/libnss_nis-2.23.so
7f458f1b7000-7f458f1b8000 r--p 0000a000 08:03 398091                     /lib/x86_64-linux-gnu/libnss_nis-2.23.so
7f458f1b8000-7f458f1b9000 rw-p 0000b000 08:03 398091                     /lib/x86_64-linux-gnu/libnss_nis-2.23.so
7f458f1b9000-7f458f1cf000 r-xp 00000000 08:03 398074                     /lib/x86_64-linux-gnu/libnsl-2.23.so
7f458f1cf000-7f458f3ce000 ---p 00016000 08:03 398074                     /lib/x86_64-linux-gnu/libnsl-2.23.so
7f458f3ce000-7f458f3cf000 r--p 00015000 08:03 398074                     /lib/x86_64-linux-gnu/libnsl-2.23.so
7f458f3cf000-7f458f3d0000 rw-p 00016000 08:03 398074                     /lib/x86_64-linux-gnu/libnsl-2.23.so
7f458f3d0000-7f458f3d2000 rw-p 00000000 00:00 0 
7f458f3d2000-7f458f3da000 r-xp 00000000 08:03 398076                     /lib/x86_64-linux-gnu/libnss_compat-2.23.so
7f458f3da000-7f458f5d9000 ---p 00008000 08:03 398076                     /lib/x86_64-linux-gnu/libnss_compat-2.23.so
7f458f5d9000-7f458f5da000 r--p 00007000 08:03 398076                     /lib/x86_64-linux-gnu/libnss_compat-2.23.so
7f458f5da000-7f458f5db000 rw-p 00008000 08:03 398076                     /lib/x86_64-linux-gnu/libnss_compat-2.23.so
7f458f5db000-7f458f608000 r-xp 00000000 08:03 3153758                    /usr/lib/jvm/java-8-openjdk-amd64/jre/lib/amd64/libjava.so
7f458f608000-7f458f807000 ---p 0002d000 08:03 3153758                    /usr/lib/jvm/java-8-openjdk-amd64/jre/lib/amd64/libjava.so
7f458f807000-7f458f808000 r--p 0002c000 08:03 3153758                    /usr/lib/jvm/java-8-openjdk-amd64/jre/lib/amd64/libjava.so
7f458f808000-7f458f80a000 rw-p 0002d000 08:03 3153758                    /usr/lib/jvm/java-8-openjdk-amd64/jre/lib/amd64/libjava.so
7f458f80a000-7f458f819000 r-xp 00000000 08:03 3153759                    /usr/lib/jvm/java-8-openjdk-amd64/jre/lib/amd64/libverify.so
7f458f819000-7f458fa18000 ---p 0000f000 08:03 3153759                    /usr/lib/jvm/java-8-openjdk-amd64/jre/lib/amd64/libverify.so
7f458fa18000-7f458fa1a000 r--p 0000e000 08:03 3153759                    /usr/lib/jvm/java-8-openjdk-amd64/jre/lib/amd64/libverify.so
7f458fa1a000-7f458fa1b000 rw-p 00010000 08:03 3153759                    /usr/lib/jvm/java-8-openjdk-amd64/jre/lib/amd64/libverify.so
7f458fa1b000-7f458fa22000 r-xp 00000000 08:03 398136                     /lib/x86_64-linux-gnu/librt-2.23.so
7f458fa22000-7f458fc21000 ---p 00007000 08:03 398136                     /lib/x86_64-linux-gnu/librt-2.23.so
7f458fc21000-7f458fc22000 r--p 00006000 08:03 398136                     /lib/x86_64-linux-gnu/librt-2.23.so
7f458fc22000-7f458fc23000 rw-p 00007000 08:03 398136                     /lib/x86_64-linux-gnu/librt-2.23.so
7f458fc23000-7f458fc39000 r-xp 00000000 08:03 398021                     /lib/x86_64-linux-gnu/libgcc_s.so.1
7f458fc39000-7f458fe38000 ---p 00016000 08:03 398021                     /lib/x86_64-linux-gnu/libgcc_s.so.1
7f458fe38000-7f458fe39000 rw-p 00015000 08:03 398021                     /lib/x86_64-linux-gnu/libgcc_s.so.1
7f458fe39000-7f458ff41000 r-xp 00000000 08:03 398053                     /lib/x86_64-linux-gnu/libm-2.23.so
7f458ff41000-7f4590140000 ---p 00108000 08:03 398053                     /lib/x86_64-linux-gnu/libm-2.23.so
7f4590140000-7f4590141000 r--p 00107000 08:03 398053                     /lib/x86_64-linux-gnu/libm-2.23.so
7f4590141000-7f4590142000 rw-p 00108000 08:03 398053                     /lib/x86_64-linux-gnu/libm-2.23.so
7f4590142000-7f45902b4000 r-xp 00000000 08:03 2896151                    /usr/lib/x86_64-linux-gnu/libstdc++.so.6.0.21
7f45902b4000-7f45904b4000 ---p 00172000 08:03 2896151                    /usr/lib/x86_64-linux-gnu/libstdc++.so.6.0.21
7f45904b4000-7f45904be000 r--p 00172000 08:03 2896151                    /usr/lib/x86_64-linux-gnu/libstdc++.so.6.0.21
7f45904be000-7f45904c0000 rw-p 0017c000 08:03 2896151                    /usr/lib/x86_64-linux-gnu/libstdc++.so.6.0.21
7f45904c0000-7f45904c4000 rw-p 00000000 00:00 0 
7f45904c4000-7f459110a000 r-xp 00000000 08:03 3153771                    /usr/lib/jvm/java-8-openjdk-amd64/jre/lib/amd64/server/libjvm.so
7f459110a000-7f459130a000 ---p 00c46000 08:03 3153771                    /usr/lib/jvm/java-8-openjdk-amd64/jre/lib/amd64/server/libjvm.so
7f459130a000-7f459139d000 r--p 00c46000 08:03 3153771                    /usr/lib/jvm/java-8-openjdk-amd64/jre/lib/amd64/server/libjvm.so
7f459139d000-7f45913c5000 rw-p 00cd9000 08:03 3153771                    /usr/lib/jvm/java-8-openjdk-amd64/jre/lib/amd64/server/libjvm.so
7f45913c5000-7f45913f5000 rw-p 00000000 00:00 0 
7f45913f5000-7f459140d000 r-xp 00000000 08:03 398128                     /lib/x86_64-linux-gnu/libpthread-2.23.so
7f459140d000-7f459160c000 ---p 00018000 08:03 398128                     /lib/x86_64-linux-gnu/libpthread-2.23.so
7f459160c000-7f459160d000 r--p 00017000 08:03 398128                     /lib/x86_64-linux-gnu/libpthread-2.23.so
7f459160d000-7f459160e000 rw-p 00018000 08:03 398128                     /lib/x86_64-linux-gnu/libpthread-2.23.so
7f459160e000-7f4591612000 rw-p 00000000 00:00 0 
7f4591612000-7f4591615000 r-xp 00000000 08:03 398007                     /lib/x86_64-linux-gnu/libdl-2.23.so
7f4591615000-7f4591814000 ---p 00003000 08:03 398007                     /lib/x86_64-linux-gnu/libdl-2.23.so
7f4591814000-7f4591815000 r--p 00002000 08:03 398007                     /lib/x86_64-linux-gnu/libdl-2.23.so
7f4591815000-7f4591816000 rw-p 00003000 08:03 398007                     /lib/x86_64-linux-gnu/libdl-2.23.so
7f4591816000-7f459182f000 r-xp 00000000 08:03 398172                     /lib/x86_64-linux-gnu/libz.so.1.2.8
7f459182f000-7f4591a2e000 ---p 00019000 08:03 398172                     /lib/x86_64-linux-gnu/libz.so.1.2.8
7f4591a2e000-7f4591a2f000 r--p 00018000 08:03 398172                     /lib/x86_64-linux-gnu/libz.so.1.2.8
7f4591a2f000-7f4591a30000 rw-p 00019000 08:03 398172                     /lib/x86_64-linux-gnu/libz.so.1.2.8
7f4591a30000-7f4591bf0000 r-xp 00000000 08:03 397985                     /lib/x86_64-linux-gnu/libc-2.23.so
7f4591bf0000-7f4591def000 ---p 001c0000 08:03 397985                     /lib/x86_64-linux-gnu/libc-2.23.so
7f4591def000-7f4591df3000 r--p 001bf000 08:03 397985                     /lib/x86_64-linux-gnu/libc-2.23.so
7f4591df3000-7f4591df5000 rw-p 001c3000 08:03 397985                     /lib/x86_64-linux-gnu/libc-2.23.so
7f4591df5000-7f4591df9000 rw-p 00000000 00:00 0 
7f4591df9000-7f4591e06000 r-xp 00000000 08:03 3153787                    /usr/lib/jvm/java-8-openjdk-amd64/jre/lib/amd64/jli/libjli.so
7f4591e06000-7f4592006000 ---p 0000d000 08:03 3153787                    /usr/lib/jvm/java-8-openjdk-amd64/jre/lib/amd64/jli/libjli.so
7f4592006000-7f4592007000 r--p 0000d000 08:03 3153787                    /usr/lib/jvm/java-8-openjdk-amd64/jre/lib/amd64/jli/libjli.so
7f4592007000-7f4592008000 rw-p 0000e000 08:03 3153787                    /usr/lib/jvm/java-8-openjdk-amd64/jre/lib/amd64/jli/libjli.so
7f4592008000-7f459202e000 r-xp 00000000 08:03 397957                     /lib/x86_64-linux-gnu/ld-2.23.so
7f459202e000-7f459202f000 r--s 0000a000 08:03 3153821                    /usr/lib/jvm/java-8-openjdk-amd64/jre/lib/ext/jaccess.jar
7f459202f000-7f4592031000 r--s 00001000 08:03 3153818                    /usr/lib/jvm/java-8-openjdk-amd64/jre/lib/ext/dnsns.jar
7f4592031000-7f4592036000 r--s 0003b000 08:03 3153823                    /usr/lib/jvm/java-8-openjdk-amd64/jre/lib/ext/sunjce_provider.jar
7f4592036000-7f4592106000 rw-p 00000000 00:00 0 
7f4592106000-7f4592109000 ---p 00000000 00:00 0 
7f4592109000-7f459220c000 rw-p 00000000 00:00 0 
7f459220c000-7f459220d000 r--s 00008000 08:03 3153820                    /usr/lib/jvm/java-8-openjdk-amd64/jre/lib/ext/sunec.jar
7f459220d000-7f4592221000 rw-p 00000000 00:00 0 
7f4592221000-7f4592229000 rw-s 00000000 08:03 274317                     /tmp/hsperfdata_alejandro/5260
7f4592229000-7f459222a000 rw-p 00000000 00:00 0 
7f459222a000-7f459222b000 ---p 00000000 00:00 0 
7f459222b000-7f459222d000 rw-p 00000000 00:00 0 
7f459222d000-7f459222e000 r--p 00025000 08:03 397957                     /lib/x86_64-linux-gnu/ld-2.23.so
7f459222e000-7f459222f000 rw-p 00026000 08:03 397957                     /lib/x86_64-linux-gnu/ld-2.23.so
7f459222f000-7f4592230000 rw-p 00000000 00:00 0 
7ffed602e000-7ffed604f000 rw-p 00000000 00:00 0                          [stack]
7ffed610b000-7ffed610d000 r--p 00000000 00:00 0                          [vvar]
7ffed610d000-7ffed610f000 r-xp 00000000 00:00 0                          [vdso]
ffffffffff600000-ffffffffff601000 r-xp 00000000 00:00 0                  [vsyscall]

VM Arguments:
jvm_args: -Djava.awt.headless=true -Xmx1024M -Dfile.encoding=UTF-8 -Duser.country=US -Duser.language=en -Duser.variant 
java_command: com.android.dx.command.Main --dex --force-jumbo --num-threads=4 --multi-dex --output /home/alejandro/AndroidStudioProjects/Raihere/app/build/intermediates/transforms/dex/debug/folders/1000/10/com.github.rey5137-material-1.2.2_c24e83d898e6148b954f77f5ccedfab550791cea /home/alejandro/AndroidStudioProjects/Raihere/app/build/intermediates/exploded-aar/com.github.rey5137/material/1.2.2/jars/classes.jar
java_class_path (initial): /home/alejandro/Android/Sdk/build-tools/23.0.1/lib/dx.jar
Launcher Type: SUN_STANDARD

Environment Variables:
PATH=/home/alejandro/bin:/home/alejandro/.local/bin:/usr/local/sbin:/usr/local/bin:/usr/sbin:/usr/bin:/sbin:/bin:/usr/games:/usr/local/games:/snap/bin
USERNAME=alejandro
LD_LIBRARY_PATH=/home/alejandro/android-studio/bin:
SHELL=/bin/bash
DISPLAY=:0

Signal Handlers:
SIGSEGV: [libjvm.so+0xa5e970], sa_mask[0]=11111111011111111101111111111110, sa_flags=SA_RESTART|SA_SIGINFO
SIGBUS: [libjvm.so+0xa5e970], sa_mask[0]=11111111011111111101111111111110, sa_flags=SA_RESTART|SA_SIGINFO
SIGFPE: [libjvm.so+0x8a9ff0], sa_mask[0]=11111111011111111101111111111110, sa_flags=SA_RESTART|SA_SIGINFO
SIGPIPE: [libjvm.so+0x8a9ff0], sa_mask[0]=11111111011111111101111111111110, sa_flags=SA_RESTART|SA_SIGINFO
SIGXFSZ: [libjvm.so+0x8a9ff0], sa_mask[0]=11111111011111111101111111111110, sa_flags=SA_RESTART|SA_SIGINFO
SIGILL: [libjvm.so+0x8a9ff0], sa_mask[0]=11111111011111111101111111111110, sa_flags=SA_RESTART|SA_SIGINFO
SIGUSR1: SIG_DFL, sa_mask[0]=00000000000000000000000000000000, sa_flags=none
SIGUSR2: [libjvm.so+0x8a9ea0], sa_mask[0]=00100000000000000000000000000000, sa_flags=SA_RESTART|SA_SIGINFO
SIGHUP: [libjvm.so+0x8aa370], sa_mask[0]=11111111011111111101111111111110, sa_flags=SA_RESTART|SA_SIGINFO
SIGINT: [libjvm.so+0x8aa370], sa_mask[0]=11111111011111111101111111111110, sa_flags=SA_RESTART|SA_SIGINFO
SIGTERM: [libjvm.so+0x8aa370], sa_mask[0]=11111111011111111101111111111110, sa_flags=SA_RESTART|SA_SIGINFO
SIGQUIT: [libjvm.so+0x8aa370], sa_mask[0]=11111111011111111101111111111110, sa_flags=SA_RESTART|SA_SIGINFO


---------------  S Y S T E M  ---------------

OS:DISTRIB_ID=Ubuntu
DISTRIB_RELEASE=16.04
DISTRIB_CODENAME=xenial
DISTRIB_DESCRIPTION="Ubuntu 16.04.1 LTS"

uname:Linux 4.4.0-38-generic #57-Ubuntu SMP Tue Sep 6 15:42:33 UTC 2016 x86_64
libc:glibc 2.23 NPTL 2.23 
rlimit: STACK 8192k, CORE 0k, NPROC 23284, NOFILE 65536, AS infinity
load average:25.38 7.75 3.07

/proc/meminfo:
MemTotal:        6000956 kB
MemFree:          107664 kB
MemAvailable:       7228 kB
Buffers:             220 kB
Cached:           462572 kB
SwapCached:            0 kB
Active:          5315260 kB
Inactive:         386508 kB
Active(anon):    5312508 kB
Inactive(anon):   383320 kB
Active(file):       2752 kB
Inactive(file):     3188 kB
Unevictable:           0 kB
Mlocked:               0 kB
SwapTotal:             0 kB
SwapFree:              0 kB
Dirty:                32 kB
Writeback:             0 kB
AnonPages:       5240220 kB
Mapped:           127716 kB
Shmem:            455608 kB
Slab:              90652 kB
SReclaimable:      51868 kB
SUnreclaim:        38784 kB
KernelStack:       11920 kB
PageTables:        41692 kB
NFS_Unstable:          0 kB
Bounce:                0 kB
WritebackTmp:          0 kB
CommitLimit:     3000476 kB
Committed_AS:   10320672 kB
VmallocTotal:   34359738367 kB
VmallocUsed:           0 kB
VmallocChunk:          0 kB
HardwareCorrupted:     0 kB
AnonHugePages:   3047424 kB
CmaTotal:              0 kB
CmaFree:               0 kB
HugePages_Total:       0
HugePages_Free:        0
HugePages_Rsvd:        0
HugePages_Surp:        0
Hugepagesize:       2048 kB
DirectMap4k:       98048 kB
DirectMap2M:     6084608 kB


CPU:total 4 (2 cores per cpu, 2 threads per core) family 6 model 42 stepping 7, cmov, cx8, fxsr, mmx, sse, sse2, sse3, ssse3, sse4.1, sse4.2, popcnt, avx, clmul, ht, tsc, tscinvbit

/proc/cpuinfo:
processor	: 0
vendor_id	: GenuineIntel
cpu family	: 6
model		: 42
model name	: Intel(R) Core(TM) i3-2348M CPU @ 2.30GHz
stepping	: 7
microcode	: 0x28
cpu MHz		: 2299.910
cache size	: 3072 KB
physical id	: 0
siblings	: 4
core id		: 0
cpu cores	: 2
apicid		: 0
initial apicid	: 0
fpu		: yes
fpu_exception	: yes
cpuid level	: 13
wp		: yes
flags		: fpu vme de pse tsc msr pae mce cx8 apic sep mtrr pge mca cmov pat pse36 clflush dts acpi mmx fxsr sse sse2 ss ht tm pbe syscall nx rdtscp lm constant_tsc arch_perfmon pebs bts rep_good nopl xtopology nonstop_tsc aperfmperf eagerfpu pni pclmulqdq dtes64 monitor ds_cpl vmx est tm2 ssse3 cx16 xtpr pdcm pcid sse4_1 sse4_2 x2apic popcnt tsc_deadline_timer xsave avx lahf_lm epb tpr_shadow vnmi flexpriority ept vpid xsaveopt dtherm arat pln pts
bugs		:
bogomips	: 4589.27
clflush size	: 64
cache_alignment	: 64
address sizes	: 36 bits physical, 48 bits virtual
power management:

processor	: 1
vendor_id	: GenuineIntel
cpu family	: 6
model		: 42
model name	: Intel(R) Core(TM) i3-2348M CPU @ 2.30GHz
stepping	: 7
microcode	: 0x28
cpu MHz		: 2299.910
cache size	: 3072 KB
physical id	: 0
siblings	: 4
core id		: 0
cpu cores	: 2
apicid		: 1
initial apicid	: 1
fpu		: yes
fpu_exception	: yes
cpuid level	: 13
wp		: yes
flags		: fpu vme de pse tsc msr pae mce cx8 apic sep mtrr pge mca cmov pat pse36 clflush dts acpi mmx fxsr sse sse2 ss ht tm pbe syscall nx rdtscp lm constant_tsc arch_perfmon pebs bts rep_good nopl xtopology nonstop_tsc aperfmperf eagerfpu pni pclmulqdq dtes64 monitor ds_cpl vmx est tm2 ssse3 cx16 xtpr pdcm pcid sse4_1 sse4_2 x2apic popcnt tsc_deadline_timer xsave avx lahf_lm epb tpr_shadow vnmi flexpriority ept vpid xsaveopt dtherm arat pln pts
bugs		:
bogomips	: 4589.27
clflush size	: 64
cache_alignment	: 64
address sizes	: 36 bits physical, 48 bits virtual
power management:

processor	: 2
vendor_id	: GenuineIntel
cpu family	: 6
model		: 42
model name	: Intel(R) Core(TM) i3-2348M CPU @ 2.30GHz
stepping	: 7
microcode	: 0x28
cpu MHz		: 2300.000
cache size	: 3072 KB
physical id	: 0
siblings	: 4
core id		: 1
cpu cores	: 2
apicid		: 2
initial apicid	: 2
fpu		: yes
fpu_exception	: yes
cpuid level	: 13
wp		: yes
flags		: fpu vme de pse tsc msr pae mce cx8 apic sep mtrr pge mca cmov pat pse36 clflush dts acpi mmx fxsr sse sse2 ss ht tm pbe syscall nx rdtscp lm constant_tsc arch_perfmon pebs bts rep_good nopl xtopology nonstop_tsc aperfmperf eagerfpu pni pclmulqdq dtes64 monitor ds_cpl vmx est tm2 ssse3 cx16 xtpr pdcm pcid sse4_1 sse4_2 x2apic popcnt tsc_deadline_timer xsave avx lahf_lm epb tpr_shadow vnmi flexpriority ept vpid xsaveopt dtherm arat pln pts
bugs		:
bogomips	: 4589.27
clflush size	: 64
cache_alignment	: 64
address sizes	: 36 bits physical, 48 bits virtual
power management:

processor	: 3
vendor_id	: GenuineIntel
cpu family	: 6
model		: 42
model name	: Intel(R) Core(TM) i3-2348M CPU @ 2.30GHz
stepping	: 7
microcode	: 0x28
cpu MHz		: 2300.000
cache size	: 3072 KB
physical id	: 0
siblings	: 4
core id		: 1
cpu cores	: 2
apicid		: 3
initial apicid	: 3
fpu		: yes
fpu_exception	: yes
cpuid level	: 13
wp		: yes
flags		: fpu vme de pse tsc msr pae mce cx8 apic sep mtrr pge mca cmov pat pse36 clflush dts acpi mmx fxsr sse sse2 ss ht tm pbe syscall nx rdtscp lm constant_tsc arch_perfmon pebs bts rep_good nopl xtopology nonstop_tsc aperfmperf eagerfpu pni pclmulqdq dtes64 monitor ds_cpl vmx est tm2 ssse3 cx16 xtpr pdcm pcid sse4_1 sse4_2 x2apic popcnt tsc_deadline_timer xsave avx lahf_lm epb tpr_shadow vnmi flexpriority ept vpid xsaveopt dtherm arat pln pts
bugs		:
bogomips	: 4589.27
clflush size	: 64
cache_alignment	: 64
address sizes	: 36 bits physical, 48 bits virtual
power management:



Memory: 4k page, physical 6000956k(107736k free), swap 0k(0k free)

vm_info: OpenJDK 64-Bit Server VM (25.91-b14) for linux-amd64 JRE (1.8.0_91-8u91-b14-3ubuntu1~16.04.1-b14), built on Jul 21 2016 04:13:34 by "buildd" with gcc 5.3.1 20160413

time: Tue Oct  4 19:08:28 2016
elapsed time: 53 seconds (0d 0h 0m 53s)

