#
# There is insufficient memory for the Java Runtime Environment to continue.
# Native memory allocation (mmap) failed to map 115343360 bytes for committing reserved memory.
# Possible reasons:
#   The system is out of physical RAM or swap space
#   In 32 bit mode, the process size limit was hit
# Possible solutions:
#   Reduce memory load on the system
#   Increase physical memory or swap space
#   Check if swap backing store is full
#   Use 64 bit Java on a 64 bit OS
#   Decrease Java heap size (-Xmx/-Xms)
#   Decrease number of Java threads
#   Decrease Java thread stack sizes (-Xss)
#   Set larger code cache with -XX:ReservedCodeCacheSize=
# This output file may be truncated or incomplete.
#
#  Out of Memory Error (os_linux.cpp:2630), pid=18402, tid=140385862903552
#
# JRE version: OpenJDK Runtime Environment (8.0_91-b14) (build 1.8.0_91-8u91-b14-3ubuntu1~16.04.1-b14)
# Java VM: OpenJDK 64-Bit Server VM (25.91-b14 mixed mode linux-amd64 compressed oops)
# Failed to write core dump. Core dumps have been disabled. To enable core dumping, try "ulimit -c unlimited" before starting Java again
#

---------------  T H R E A D  ---------------

Current thread (0x00007fae38077800):  VMThread [stack: 0x00007fae216d6000,0x00007fae217d7000] [id=18439]

Stack: [0x00007fae216d6000,0x00007fae217d7000],  sp=0x00007fae217d54c0,  free space=1021k
Native frames: (J=compiled Java code, j=interpreted, Vv=VM code, C=native code)
V  [libjvm.so+0xa5de1b]
V  [libjvm.so+0x4c178c]
V  [libjvm.so+0x8ae9d0]
V  [libjvm.so+0x8a8e4e]
V  [libjvm.so+0x922f46]
V  [libjvm.so+0x924273]
V  [libjvm.so+0x920923]
V  [libjvm.so+0x920bec]
V  [libjvm.so+0x8d3263]
V  [libjvm.so+0xa5fad2]
V  [libjvm.so+0xa64b57]
V  [libjvm.so+0xa62327]
V  [libjvm.so+0xa637af]
V  [libjvm.so+0xa63ca1]
V  [libjvm.so+0x8abeb2]

VM_Operation (0x00007fae40574f40): ParallelGCFailedAllocation, mode: safepoint, requested by thread 0x00007fae3800a000


---------------  P R O C E S S  ---------------

Java Threads: ( => current thread )
  0x00007fae380ca800 JavaThread "Service Thread" daemon [_thread_blocked, id=18470, stack(0x00007fae208cf000,0x00007fae209d0000)]
  0x00007fae380b3000 JavaThread "C1 CompilerThread2" daemon [_thread_blocked, id=18469, stack(0x00007fae209d0000,0x00007fae20ad1000)]
  0x00007fae380b1000 JavaThread "C2 CompilerThread1" daemon [_thread_blocked, id=18468, stack(0x00007fae20ad1000,0x00007fae20bd2000)]
  0x00007fae380ae000 JavaThread "C2 CompilerThread0" daemon [_thread_blocked, id=18464, stack(0x00007fae20bd2000,0x00007fae20cd3000)]
  0x00007fae380ac000 JavaThread "Signal Dispatcher" daemon [_thread_blocked, id=18459, stack(0x00007fae20cd3000,0x00007fae20dd4000)]
  0x00007fae38084000 JavaThread "Finalizer" daemon [_thread_blocked, id=18446, stack(0x00007fae214d4000,0x00007fae215d5000)]
  0x00007fae3807f000 JavaThread "Reference Handler" daemon [_thread_blocked, id=18443, stack(0x00007fae215d5000,0x00007fae216d6000)]
  0x00007fae3800a000 JavaThread "main" [_thread_blocked, id=18411, stack(0x00007fae40476000,0x00007fae40577000)]

Other Threads:
=>0x00007fae38077800 VMThread [stack: 0x00007fae216d6000,0x00007fae217d7000] [id=18439]
  0x00007fae380cd000 WatcherThread [stack: 0x00007fae207ce000,0x00007fae208cf000] [id=18471]

VM state:at safepoint (normal execution)

VM Mutex/Monitor currently owned by a thread:  ([mutex/lock_event])
[0x00007fae38006800] Threads_lock - owner thread: 0x00007fae38077800
[0x00007fae38006d00] Heap_lock - owner thread: 0x00007fae3800a000

Heap:
 PSYoungGen      total 210944K, used 22004K [0x00000000eab00000, 0x00000000f9200000, 0x0000000100000000)
  eden space 188928K, 0% used [0x00000000eab00000,0x00000000eab00000,0x00000000f6380000)
  from space 22016K, 99% used [0x00000000f6380000,0x00000000f78fd290,0x00000000f7900000)
  to   space 18432K, 0% used [0x00000000f7900000,0x00000000f7900000,0x00000000f8b00000)
 ParOldGen       total 62976K, used 55695K [0x00000000c0000000, 0x00000000c3d80000, 0x00000000eab00000)
  object space 62976K, 88% used [0x00000000c0000000,0x00000000c3663f30,0x00000000c3d80000)
 Metaspace       used 6333K, capacity 7280K, committed 7552K, reserved 1056768K
  class space    used 585K, capacity 616K, committed 640K, reserved 1048576K

Card table byte_map: [0x00007fae3c940000,0x00007fae3cb41000] byte_map_base: 0x00007fae3c340000

Marking Bits: (ParMarkBitMap*) 0x00007fae3f747fc0
 Begin Bits: [0x00007fae22000000, 0x00007fae23000000)
 End Bits:   [0x00007fae23000000, 0x00007fae24000000)

Polling page: 0x00007fae40599000

CodeCache: size=245760Kb used=7998Kb max_used=8010Kb free=237761Kb
 bounds [0x00007fae29000000, 0x00007fae297e0000, 0x00007fae38000000]
 total_blobs=2351 nmethods=2083 adapters=182
 compilation: enabled

Compilation events (10 events):
Event: 11.817 Thread 0x00007fae380b3000 2460 %     3       com.android.dx.dex.file.CodeItem::addContents @ 142 (174 bytes)
Event: 11.820 Thread 0x00007fae380b3000 nmethod 2460% 0x00007fae297c8a90 code [0x00007fae297c8da0, 0x00007fae297ca7a8]
Event: 11.820 Thread 0x00007fae380b3000 2461       3       com.android.dx.dex.file.CodeItem::addContents (174 bytes)
Event: 11.822 Thread 0x00007fae380b3000 nmethod 2461 0x00007fae297c6310 code [0x00007fae297c6620, 0x00007fae297c7fa8]
Event: 11.824 Thread 0x00007fae380b3000 2462 %     3       java.util.HashMap$HashIterator::<init> @ 48 (79 bytes)
Event: 11.824 Thread 0x00007fae380b3000 nmethod 2462% 0x00007fae297c5c10 code [0x00007fae297c5da0, 0x00007fae297c6170]
Event: 11.824 Thread 0x00007fae380b3000 2463       3       java.util.HashMap$HashIterator::<init> (79 bytes)
Event: 11.825 Thread 0x00007fae380b3000 nmethod 2463 0x00007fae297c5590 code [0x00007fae297c5700, 0x00007fae297c5a90]
Event: 11.921 Thread 0x00007fae380ae000 nmethod 2341 0x00007fae297c4e90 code [0x00007fae297c5000, 0x00007fae297c5338]
Event: 11.922 Thread 0x00007fae380ae000 2279       4       com.android.dx.cf.code.BaseMachine::storeResults (90 bytes)

GC Heap History (10 events):
Event: 3.732 GC heap after
Heap after GC invocations=2 (full 0):
 PSYoungGen      total 51712K, used 3559K [0x00000000eab00000, 0x00000000ee100000, 0x0000000100000000)
  eden space 48128K, 0% used [0x00000000eab00000,0x00000000eab00000,0x00000000eda00000)
  from space 3584K, 99% used [0x00000000edd80000,0x00000000ee0f9c78,0x00000000ee100000)
  to   space 3584K, 0% used [0x00000000eda00000,0x00000000eda00000,0x00000000edd80000)
 ParOldGen       total 62976K, used 5129K [0x00000000c0000000, 0x00000000c3d80000, 0x00000000eab00000)
  object space 62976K, 8% used [0x00000000c0000000,0x00000000c05027f8,0x00000000c3d80000)
 Metaspace       used 5593K, capacity 6768K, committed 7040K, reserved 1056768K
  class space    used 560K, capacity 616K, committed 640K, reserved 1048576K
}
Event: 4.866 GC heap before
{Heap before GC invocations=3 (full 0):
 PSYoungGen      total 51712K, used 51687K [0x00000000eab00000, 0x00000000ee100000, 0x0000000100000000)
  eden space 48128K, 100% used [0x00000000eab00000,0x00000000eda00000,0x00000000eda00000)
  from space 3584K, 99% used [0x00000000edd80000,0x00000000ee0f9c78,0x00000000ee100000)
  to   space 3584K, 0% used [0x00000000eda00000,0x00000000eda00000,0x00000000edd80000)
 ParOldGen       total 62976K, used 5129K [0x00000000c0000000, 0x00000000c3d80000, 0x00000000eab00000)
  object space 62976K, 8% used [0x00000000c0000000,0x00000000c05027f8,0x00000000c3d80000)
 Metaspace       used 5719K, capacity 6896K, committed 7040K, reserved 1056768K
  class space    used 561K, capacity 616K, committed 640K, reserved 1048576K
Event: 4.919 GC heap after
Heap after GC invocations=3 (full 0):
 PSYoungGen      total 51712K, used 3562K [0x00000000eab00000, 0x00000000f1000000, 0x0000000100000000)
  eden space 48128K, 0% used [0x00000000eab00000,0x00000000eab00000,0x00000000eda00000)
  from space 3584K, 99% used [0x00000000eda00000,0x00000000edd7aaa0,0x00000000edd80000)
  to   space 3584K, 0% used [0x00000000f0c80000,0x00000000f0c80000,0x00000000f1000000)
 ParOldGen       total 62976K, used 12110K [0x00000000c0000000, 0x00000000c3d80000, 0x00000000eab00000)
  object space 62976K, 19% used [0x00000000c0000000,0x00000000c0bd3be0,0x00000000c3d80000)
 Metaspace       used 5719K, capacity 6896K, committed 7040K, reserved 1056768K
  class space    used 561K, capacity 616K, committed 640K, reserved 1048576K
}
Event: 5.681 GC heap before
{Heap before GC invocations=4 (full 0):
 PSYoungGen      total 51712K, used 51690K [0x00000000eab00000, 0x00000000f1000000, 0x0000000100000000)
  eden space 48128K, 100% used [0x00000000eab00000,0x00000000eda00000,0x00000000eda00000)
  from space 3584K, 99% used [0x00000000eda00000,0x00000000edd7aaa0,0x00000000edd80000)
  to   space 3584K, 0% used [0x00000000f0c80000,0x00000000f0c80000,0x00000000f1000000)
 ParOldGen       total 62976K, used 12110K [0x00000000c0000000, 0x00000000c3d80000, 0x00000000eab00000)
  object space 62976K, 19% used [0x00000000c0000000,0x00000000c0bd3be0,0x00000000c3d80000)
 Metaspace       used 5772K, capacity 6960K, committed 7040K, reserved 1056768K
  class space    used 561K, capacity 616K, committed 640K, reserved 1048576K
Event: 5.842 GC heap after
Heap after GC invocations=4 (full 0):
 PSYoungGen      total 99840K, used 3576K [0x00000000eab00000, 0x00000000f1000000, 0x0000000100000000)
  eden space 96256K, 0% used [0x00000000eab00000,0x00000000eab00000,0x00000000f0900000)
  from space 3584K, 99% used [0x00000000f0c80000,0x00000000f0ffe028,0x00000000f1000000)
  to   space 3584K, 0% used [0x00000000f0900000,0x00000000f0900000,0x00000000f0c80000)
 ParOldGen       total 62976K, used 18570K [0x00000000c0000000, 0x00000000c3d80000, 0x00000000eab00000)
  object space 62976K, 29% used [0x00000000c0000000,0x00000000c1222a10,0x00000000c3d80000)
 Metaspace       used 5772K, capacity 6960K, committed 7040K, reserved 1056768K
  class space    used 561K, capacity 616K, committed 640K, reserved 1048576K
}
Event: 7.321 GC heap before
{Heap before GC invocations=5 (full 0):
 PSYoungGen      total 99840K, used 99832K [0x00000000eab00000, 0x00000000f1000000, 0x0000000100000000)
  eden space 96256K, 100% used [0x00000000eab00000,0x00000000f0900000,0x00000000f0900000)
  from space 3584K, 99% used [0x00000000f0c80000,0x00000000f0ffe028,0x00000000f1000000)
  to   space 3584K, 0% used [0x00000000f0900000,0x00000000f0900000,0x00000000f0c80000)
 ParOldGen       total 62976K, used 18570K [0x00000000c0000000, 0x00000000c3d80000, 0x00000000eab00000)
  object space 62976K, 29% used [0x00000000c0000000,0x00000000c1222a10,0x00000000c3d80000)
 Metaspace       used 5947K, capacity 7024K, committed 7296K, reserved 1056768K
  class space    used 579K, capacity 616K, committed 640K, reserved 1048576K
Event: 7.516 GC heap after
Heap after GC invocations=5 (full 0):
 PSYoungGen      total 99840K, used 3557K [0x00000000eab00000, 0x00000000f8b00000, 0x0000000100000000)
  eden space 96256K, 0% used [0x00000000eab00000,0x00000000eab00000,0x00000000f0900000)
  from space 3584K, 99% used [0x00000000f0900000,0x00000000f0c796b0,0x00000000f0c80000)
  to   space 18432K, 0% used [0x00000000f7900000,0x00000000f7900000,0x00000000f8b00000)
 ParOldGen       total 62976K, used 32668K [0x00000000c0000000, 0x00000000c3d80000, 0x00000000eab00000)
  object space 62976K, 51% used [0x00000000c0000000,0x00000000c1fe71f8,0x00000000c3d80000)
 Metaspace       used 5947K, capacity 7024K, committed 7296K, reserved 1056768K
  class space    used 579K, capacity 616K, committed 640K, reserved 1048576K
}
Event: 8.649 GC heap before
{Heap before GC invocations=6 (full 0):
 PSYoungGen      total 99840K, used 99813K [0x00000000eab00000, 0x00000000f8b00000, 0x0000000100000000)
  eden space 96256K, 100% used [0x00000000eab00000,0x00000000f0900000,0x00000000f0900000)
  from space 3584K, 99% used [0x00000000f0900000,0x00000000f0c796b0,0x00000000f0c80000)
  to   space 18432K, 0% used [0x00000000f7900000,0x00000000f7900000,0x00000000f8b00000)
 ParOldGen       total 62976K, used 32668K [0x00000000c0000000, 0x00000000c3d80000, 0x00000000eab00000)
  object space 62976K, 51% used [0x00000000c0000000,0x00000000c1fe71f8,0x00000000c3d80000)
 Metaspace       used 6090K, capacity 7152K, committed 7296K, reserved 1056768K
  class space    used 579K, capacity 616K, committed 640K, reserved 1048576K
Event: 8.813 GC heap after
Heap after GC invocations=6 (full 0):
 PSYoungGen      total 207360K, used 18404K [0x00000000eab00000, 0x00000000f9200000, 0x0000000100000000)
  eden space 188928K, 0% used [0x00000000eab00000,0x00000000eab00000,0x00000000f6380000)
  from space 18432K, 99% used [0x00000000f7900000,0x00000000f8af9080,0x00000000f8b00000)
  to   space 22016K, 0% used [0x00000000f6380000,0x00000000f6380000,0x00000000f7900000)
 ParOldGen       total 62976K, used 32752K [0x00000000c0000000, 0x00000000c3d80000, 0x00000000eab00000)
  object space 62976K, 52% used [0x00000000c0000000,0x00000000c1ffc3c8,0x00000000c3d80000)
 Metaspace       used 6090K, capacity 7152K, committed 7296K, reserved 1056768K
  class space    used 579K, capacity 616K, committed 640K, reserved 1048576K
}
Event: 11.980 GC heap before
{Heap before GC invocations=7 (full 0):
 PSYoungGen      total 207360K, used 207332K [0x00000000eab00000, 0x00000000f9200000, 0x0000000100000000)
  eden space 188928K, 100% used [0x00000000eab00000,0x00000000f6380000,0x00000000f6380000)
  from space 18432K, 99% used [0x00000000f7900000,0x00000000f8af9080,0x00000000f8b00000)
  to   space 22016K, 0% used [0x00000000f6380000,0x00000000f6380000,0x00000000f7900000)
 ParOldGen       total 62976K, used 32752K [0x00000000c0000000, 0x00000000c3d80000, 0x00000000eab00000)
  object space 62976K, 52% used [0x00000000c0000000,0x00000000c1ffc3c8,0x00000000c3d80000)
 Metaspace       used 6333K, capacity 7280K, committed 7552K, reserved 1056768K
  class space    used 585K, capacity 616K, committed 640K, reserved 1048576K

Deoptimization events (10 events):
Event: 9.664 Thread 0x00007fae3818b800 Uncommon trap: reason=bimorphic action=maybe_recompile pc=0x00007fae2953481c method=java.util.HashMap.putVal(ILjava/lang/Object;Ljava/lang/Object;ZZ)Ljava/lang/Object; @ 203
Event: 10.234 Thread 0x00007fae3818b800 Uncommon trap: reason=bimorphic action=maybe_recompile pc=0x00007fae297335e4 method=com.android.dx.ssa.SCCP.simulatePhi(Lcom/android/dx/ssa/PhiInsn;)V @ 124
Event: 10.635 Thread 0x00007fae3818b800 Uncommon trap: reason=bimorphic action=maybe_recompile pc=0x00007fae297335e4 method=com.android.dx.ssa.SCCP.simulatePhi(Lcom/android/dx/ssa/PhiInsn;)V @ 124
Event: 10.671 Thread 0x00007fae3818b800 Uncommon trap: reason=bimorphic action=maybe_recompile pc=0x00007fae297335e4 method=com.android.dx.ssa.SCCP.simulatePhi(Lcom/android/dx/ssa/PhiInsn;)V @ 124
Event: 10.900 Thread 0x00007fae3818b800 Uncommon trap: reason=unstable_if action=reinterpret pc=0x00007fae29773e28 method=com.android.dx.rop.cst.CstNat.equals(Ljava/lang/Object;)Z @ 25
Event: 11.163 Thread 0x00007fae3800a000 Uncommon trap: reason=class_check action=maybe_recompile pc=0x00007fae294644fc method=java.util.Arrays.hashCode([Ljava/lang/Object;)I @ 43
Event: 11.163 Thread 0x00007fae3800a000 Uncommon trap: reason=class_check action=maybe_recompile pc=0x00007fae294644fc method=java.util.Arrays.hashCode([Ljava/lang/Object;)I @ 43
Event: 11.164 Thread 0x00007fae3800a000 Uncommon trap: reason=class_check action=maybe_recompile pc=0x00007fae294644fc method=java.util.Arrays.hashCode([Ljava/lang/Object;)I @ 43
Event: 11.164 Thread 0x00007fae3800a000 Uncommon trap: reason=class_check action=maybe_recompile pc=0x00007fae294644fc method=java.util.Arrays.hashCode([Ljava/lang/Object;)I @ 43
Event: 11.164 Thread 0x00007fae3800a000 Uncommon trap: reason=class_check action=maybe_recompile pc=0x00007fae29460b74 method=java.util.Arrays.hashCode([Ljava/lang/Object;)I @ 43

Internal exceptions (7 events):
Event: 0.078 Thread 0x00007fae3800a000 Exception <a 'java/lang/NoSuchMethodError': Method sun.misc.Unsafe.defineClass(Ljava/lang/String;[BII)Ljava/lang/Class; name or signature does not match> (0x00000000eab07cc0) thrown at [/build/openjdk-8-W1Ghxo/openjdk-8-8u91-b14/src/hotspot/src/share/vm/p
Event: 0.078 Thread 0x00007fae3800a000 Exception <a 'java/lang/NoSuchMethodError': Method sun.misc.Unsafe.prefetchRead(Ljava/lang/Object;J)V name or signature does not match> (0x00000000eab07fa8) thrown at [/build/openjdk-8-W1Ghxo/openjdk-8-8u91-b14/src/hotspot/src/share/vm/prims/jni.cpp, line
Event: 2.916 Thread 0x00007fae3818b800 Implicit null exception at 0x00007fae292e8b80 to 0x00007fae292eaef5
Event: 2.916 Thread 0x00007fae3818b800 Implicit null exception at 0x00007fae292d186d to 0x00007fae292d3aed
Event: 6.471 Thread 0x00007fae3818b800 Exception <a 'java/lang/ArrayIndexOutOfBoundsException': 18> (0x00000000eda218b0) thrown at [/build/openjdk-8-W1Ghxo/openjdk-8-8u91-b14/src/hotspot/src/share/vm/interpreter/interpreterRuntime.cpp, line 366]
Event: 6.472 Thread 0x00007fae3818b800 Exception <a 'java/lang/ArrayIndexOutOfBoundsException': 145> (0x00000000eda23430) thrown at [/build/openjdk-8-W1Ghxo/openjdk-8-8u91-b14/src/hotspot/src/share/vm/interpreter/interpreterRuntime.cpp, line 366]
Event: 6.473 Thread 0x00007fae3818b800 Exception <a 'java/lang/ArrayIndexOutOfBoundsException': 40> (0x00000000eda24718) thrown at [/build/openjdk-8-W1Ghxo/openjdk-8-8u91-b14/src/hotspot/src/share/vm/interpreter/interpreterRuntime.cpp, line 366]

Events (10 events):
Event: 11.556 loading class com/android/dx/dex/file/CatchStructs done
Event: 11.698 Thread 0x00007fae3800a000 DEOPT PACKING pc=0x00007fae297b904a sp=0x00007fae40575490
Event: 11.698 Thread 0x00007fae3800a000 DEOPT UNPACKING pc=0x00007fae29047373 sp=0x00007fae40575240 mode 0
Event: 11.776 Thread 0x00007fae3800a000 DEOPT PACKING pc=0x00007fae297b9a84 sp=0x00007fae405754c0
Event: 11.776 Thread 0x00007fae3800a000 DEOPT UNPACKING pc=0x00007fae29047373 sp=0x00007fae40575230 mode 0
Event: 11.822 Thread 0x00007fae3800a000 DEOPT PACKING pc=0x00007fae297ba730 sp=0x00007fae40575550
Event: 11.822 Thread 0x00007fae3800a000 DEOPT UNPACKING pc=0x00007fae29047373 sp=0x00007fae405752f0 mode 0
Event: 11.825 Thread 0x00007fae3800a000 DEOPT PACKING pc=0x00007fae2956e405 sp=0x00007fae40575490
Event: 11.825 Thread 0x00007fae3800a000 DEOPT UNPACKING pc=0x00007fae29047373 sp=0x00007fae405751e0 mode 0
Event: 11.980 Executing VM operation: ParallelGCFailedAllocation


Dynamic libraries:
00400000-00401000 r-xp 00000000 08:03 3153741                            /usr/lib/jvm/java-8-openjdk-amd64/jre/bin/java
00600000-00601000 r--p 00000000 08:03 3153741                            /usr/lib/jvm/java-8-openjdk-amd64/jre/bin/java
00601000-00602000 rw-p 00001000 08:03 3153741                            /usr/lib/jvm/java-8-openjdk-amd64/jre/bin/java
0122f000-01250000 rw-p 00000000 00:00 0                                  [heap]
c0000000-c3d80000 rw-p 00000000 00:00 0 
c3d80000-eab00000 ---p 00000000 00:00 0 
eab00000-f9200000 rw-p 00000000 00:00 0 
100000000-1000a0000 rw-p 00000000 00:00 0 
1000a0000-140000000 ---p 00000000 00:00 0 
7faddc000000-7faddc032000 rw-p 00000000 00:00 0 
7faddc032000-7fade0000000 ---p 00000000 00:00 0 
7fade0000000-7fade002f000 rw-p 00000000 00:00 0 
7fade002f000-7fade4000000 ---p 00000000 00:00 0 
7fade4000000-7fade4021000 rw-p 00000000 00:00 0 
7fade4021000-7fade8000000 ---p 00000000 00:00 0 
7fade8000000-7fade8021000 rw-p 00000000 00:00 0 
7fade8021000-7fadec000000 ---p 00000000 00:00 0 
7fadec000000-7fadec021000 rw-p 00000000 00:00 0 
7fadec021000-7fadf0000000 ---p 00000000 00:00 0 
7fadf0000000-7fadf004d000 rw-p 00000000 00:00 0 
7fadf004d000-7fadf4000000 ---p 00000000 00:00 0 
7fadf4000000-7fadf49de000 rw-p 00000000 00:00 0 
7fadf49de000-7fadf8000000 ---p 00000000 00:00 0 
7fadf8000000-7fadf8021000 rw-p 00000000 00:00 0 
7fadf8021000-7fadfc000000 ---p 00000000 00:00 0 
7fadfc000000-7fadfc85b000 rw-p 00000000 00:00 0 
7fadfc85b000-7fae00000000 ---p 00000000 00:00 0 
7fae00000000-7fae007dc000 rw-p 00000000 00:00 0 
7fae007dc000-7fae04000000 ---p 00000000 00:00 0 
7fae04000000-7fae04021000 rw-p 00000000 00:00 0 
7fae04021000-7fae08000000 ---p 00000000 00:00 0 
7fae08000000-7fae08021000 rw-p 00000000 00:00 0 
7fae08021000-7fae0c000000 ---p 00000000 00:00 0 
7fae0c000000-7fae0c021000 rw-p 00000000 00:00 0 
7fae0c021000-7fae10000000 ---p 00000000 00:00 0 
7fae10000000-7fae10021000 rw-p 00000000 00:00 0 
7fae10021000-7fae14000000 ---p 00000000 00:00 0 
7fae14000000-7fae14021000 rw-p 00000000 00:00 0 
7fae14021000-7fae18000000 ---p 00000000 00:00 0 
7fae18000000-7fae18021000 rw-p 00000000 00:00 0 
7fae18021000-7fae1c000000 ---p 00000000 00:00 0 
7fae1c000000-7fae1c021000 rw-p 00000000 00:00 0 
7fae1c021000-7fae20000000 ---p 00000000 00:00 0 
7fae2026d000-7fae20270000 ---p 00000000 00:00 0 
7fae20270000-7fae2036e000 rw-p 00000000 00:00 0 
7fae2036e000-7fae20371000 ---p 00000000 00:00 0 
7fae20371000-7fae2046f000 rw-p 00000000 00:00 0 
7fae2046f000-7fae20472000 ---p 00000000 00:00 0 
7fae20472000-7fae20570000 rw-p 00000000 00:00 0 
7fae20570000-7fae20573000 ---p 00000000 00:00 0 
7fae20573000-7fae20671000 rw-p 00000000 00:00 0 
7fae20671000-7fae20674000 ---p 00000000 00:00 0 
7fae20674000-7fae20772000 rw-p 00000000 00:00 0 
7fae20788000-7fae20797000 r--s 000df000 08:03 1320028                    /home/alejandro/Android/Sdk/build-tools/23.0.1/lib/dx.jar
7fae20797000-7fae207b2000 r--s 001d7000 08:03 3153817                    /usr/lib/jvm/java-8-openjdk-amd64/jre/lib/ext/nashorn.jar
7fae207b2000-7fae207ce000 r--s 00393000 08:03 3153819                    /usr/lib/jvm/java-8-openjdk-amd64/jre/lib/ext/cldrdata.jar
7fae207ce000-7fae207cf000 ---p 00000000 00:00 0 
7fae207cf000-7fae208cf000 rw-p 00000000 00:00 0 
7fae208cf000-7fae208d2000 ---p 00000000 00:00 0 
7fae208d2000-7fae209d0000 rw-p 00000000 00:00 0 
7fae209d0000-7fae209d3000 ---p 00000000 00:00 0 
7fae209d3000-7fae20ad1000 rw-p 00000000 00:00 0 
7fae20ad1000-7fae20ad4000 ---p 00000000 00:00 0 
7fae20ad4000-7fae20bd2000 rw-p 00000000 00:00 0 
7fae20bd2000-7fae20bd5000 ---p 00000000 00:00 0 
7fae20bd5000-7fae20cd3000 rw-p 00000000 00:00 0 
7fae20cd3000-7fae20cd6000 ---p 00000000 00:00 0 
7fae20cd6000-7fae20dd4000 rw-p 00000000 00:00 0 
7fae20dd4000-7fae214d4000 r--p 00000000 08:03 2892128                    /usr/lib/locale/locale-archive
7fae214d4000-7fae214d7000 ---p 00000000 00:00 0 
7fae214d7000-7fae215d5000 rw-p 00000000 00:00 0 
7fae215d5000-7fae215d8000 ---p 00000000 00:00 0 
7fae215d8000-7fae216d6000 rw-p 00000000 00:00 0 
7fae216d6000-7fae216d7000 ---p 00000000 00:00 0 
7fae216d7000-7fae24000000 rw-p 00000000 00:00 0 
7fae24000000-7fae24021000 rw-p 00000000 00:00 0 
7fae24021000-7fae28000000 ---p 00000000 00:00 0 
7fae28004000-7fae28007000 r--s 0000f000 08:03 3153824                    /usr/lib/jvm/java-8-openjdk-amd64/jre/lib/ext/icedtea-sound.jar
7fae28007000-7fae2800b000 r--s 00037000 08:03 3153826                    /usr/lib/jvm/java-8-openjdk-amd64/jre/lib/ext/sunpkcs11.jar
7fae2800b000-7fae28632000 rw-p 00000000 00:00 0 
7fae28632000-7fae28800000 r--s 03beb000 08:03 3153805                    /usr/lib/jvm/java-8-openjdk-amd64/jre/lib/rt.jar
7fae28800000-7fae28ec0000 rw-p 00000000 00:00 0 
7fae28ec0000-7fae29000000 ---p 00000000 00:00 0 
7fae29000000-7fae297e0000 rwxp 00000000 00:00 0 
7fae297e0000-7fae38000000 ---p 00000000 00:00 0 
7fae38000000-7fae381d9000 rw-p 00000000 00:00 0 
7fae381d9000-7fae3c000000 ---p 00000000 00:00 0 
7fae3c001000-7fae3c002000 r--s 00010000 08:03 3153822                    /usr/lib/jvm/java-8-openjdk-amd64/jre/lib/ext/zipfs.jar
7fae3c002000-7fae3c00c000 r--s 00116000 08:03 3153825                    /usr/lib/jvm/java-8-openjdk-amd64/jre/lib/ext/localedata.jar
7fae3c00c000-7fae3c3e6000 rw-p 00000000 00:00 0 
7fae3c3e6000-7fae3c3e7000 ---p 00000000 00:00 0 
7fae3c3e7000-7fae3c4e7000 rw-p 00000000 00:00 0 
7fae3c4e7000-7fae3c4e8000 ---p 00000000 00:00 0 
7fae3c4e8000-7fae3c5e8000 rw-p 00000000 00:00 0 
7fae3c5e8000-7fae3c5e9000 ---p 00000000 00:00 0 
7fae3c5e9000-7fae3c6e9000 rw-p 00000000 00:00 0 
7fae3c6e9000-7fae3c6ea000 ---p 00000000 00:00 0 
7fae3c6ea000-7fae3c809000 rw-p 00000000 00:00 0 
7fae3c809000-7fae3c940000 ---p 00000000 00:00 0 
7fae3c940000-7fae3c95f000 rw-p 00000000 00:00 0 
7fae3c95f000-7fae3ca95000 ---p 00000000 00:00 0 
7fae3ca95000-7fae3cb09000 rw-p 00000000 00:00 0 
7fae3cb09000-7fae3cb40000 ---p 00000000 00:00 0 
7fae3cb40000-7fae3cb61000 rw-p 00000000 00:00 0 
7fae3cb61000-7fae3cf01000 ---p 00000000 00:00 0 
7fae3cf01000-7fae3cf09000 r-xp 00000000 08:03 3153773                    /usr/lib/jvm/java-8-openjdk-amd64/jre/lib/amd64/libzip.so
7fae3cf09000-7fae3d108000 ---p 00008000 08:03 3153773                    /usr/lib/jvm/java-8-openjdk-amd64/jre/lib/amd64/libzip.so
7fae3d108000-7fae3d109000 r--p 00007000 08:03 3153773                    /usr/lib/jvm/java-8-openjdk-amd64/jre/lib/amd64/libzip.so
7fae3d109000-7fae3d10a000 rw-p 00008000 08:03 3153773                    /usr/lib/jvm/java-8-openjdk-amd64/jre/lib/amd64/libzip.so
7fae3d10a000-7fae3d115000 r-xp 00000000 08:03 398080                     /lib/x86_64-linux-gnu/libnss_files-2.23.so
7fae3d115000-7fae3d314000 ---p 0000b000 08:03 398080                     /lib/x86_64-linux-gnu/libnss_files-2.23.so
7fae3d314000-7fae3d315000 r--p 0000a000 08:03 398080                     /lib/x86_64-linux-gnu/libnss_files-2.23.so
7fae3d315000-7fae3d316000 rw-p 0000b000 08:03 398080                     /lib/x86_64-linux-gnu/libnss_files-2.23.so
7fae3d316000-7fae3d31c000 rw-p 00000000 00:00 0 
7fae3d31c000-7fae3d327000 r-xp 00000000 08:03 398091                     /lib/x86_64-linux-gnu/libnss_nis-2.23.so
7fae3d327000-7fae3d526000 ---p 0000b000 08:03 398091                     /lib/x86_64-linux-gnu/libnss_nis-2.23.so
7fae3d526000-7fae3d527000 r--p 0000a000 08:03 398091                     /lib/x86_64-linux-gnu/libnss_nis-2.23.so
7fae3d527000-7fae3d528000 rw-p 0000b000 08:03 398091                     /lib/x86_64-linux-gnu/libnss_nis-2.23.so
7fae3d528000-7fae3d53e000 r-xp 00000000 08:03 398074                     /lib/x86_64-linux-gnu/libnsl-2.23.so
7fae3d53e000-7fae3d73d000 ---p 00016000 08:03 398074                     /lib/x86_64-linux-gnu/libnsl-2.23.so
7fae3d73d000-7fae3d73e000 r--p 00015000 08:03 398074                     /lib/x86_64-linux-gnu/libnsl-2.23.so
7fae3d73e000-7fae3d73f000 rw-p 00016000 08:03 398074                     /lib/x86_64-linux-gnu/libnsl-2.23.so
7fae3d73f000-7fae3d741000 rw-p 00000000 00:00 0 
7fae3d741000-7fae3d749000 r-xp 00000000 08:03 398076                     /lib/x86_64-linux-gnu/libnss_compat-2.23.so
7fae3d749000-7fae3d948000 ---p 00008000 08:03 398076                     /lib/x86_64-linux-gnu/libnss_compat-2.23.so
7fae3d948000-7fae3d949000 r--p 00007000 08:03 398076                     /lib/x86_64-linux-gnu/libnss_compat-2.23.so
7fae3d949000-7fae3d94a000 rw-p 00008000 08:03 398076                     /lib/x86_64-linux-gnu/libnss_compat-2.23.so
7fae3d94a000-7fae3d977000 r-xp 00000000 08:03 3153758                    /usr/lib/jvm/java-8-openjdk-amd64/jre/lib/amd64/libjava.so
7fae3d977000-7fae3db76000 ---p 0002d000 08:03 3153758                    /usr/lib/jvm/java-8-openjdk-amd64/jre/lib/amd64/libjava.so
7fae3db76000-7fae3db77000 r--p 0002c000 08:03 3153758                    /usr/lib/jvm/java-8-openjdk-amd64/jre/lib/amd64/libjava.so
7fae3db77000-7fae3db79000 rw-p 0002d000 08:03 3153758                    /usr/lib/jvm/java-8-openjdk-amd64/jre/lib/amd64/libjava.so
7fae3db79000-7fae3db88000 r-xp 00000000 08:03 3153759                    /usr/lib/jvm/java-8-openjdk-amd64/jre/lib/amd64/libverify.so
7fae3db88000-7fae3dd87000 ---p 0000f000 08:03 3153759                    /usr/lib/jvm/java-8-openjdk-amd64/jre/lib/amd64/libverify.so
7fae3dd87000-7fae3dd89000 r--p 0000e000 08:03 3153759                    /usr/lib/jvm/java-8-openjdk-amd64/jre/lib/amd64/libverify.so
7fae3dd89000-7fae3dd8a000 rw-p 00010000 08:03 3153759                    /usr/lib/jvm/java-8-openjdk-amd64/jre/lib/amd64/libverify.so
7fae3dd8a000-7fae3dd91000 r-xp 00000000 08:03 398136                     /lib/x86_64-linux-gnu/librt-2.23.so
7fae3dd91000-7fae3df90000 ---p 00007000 08:03 398136                     /lib/x86_64-linux-gnu/librt-2.23.so
7fae3df90000-7fae3df91000 r--p 00006000 08:03 398136                     /lib/x86_64-linux-gnu/librt-2.23.so
7fae3df91000-7fae3df92000 rw-p 00007000 08:03 398136                     /lib/x86_64-linux-gnu/librt-2.23.so
7fae3df92000-7fae3dfa8000 r-xp 00000000 08:03 398021                     /lib/x86_64-linux-gnu/libgcc_s.so.1
7fae3dfa8000-7fae3e1a7000 ---p 00016000 08:03 398021                     /lib/x86_64-linux-gnu/libgcc_s.so.1
7fae3e1a7000-7fae3e1a8000 rw-p 00015000 08:03 398021                     /lib/x86_64-linux-gnu/libgcc_s.so.1
7fae3e1a8000-7fae3e2b0000 r-xp 00000000 08:03 398053                     /lib/x86_64-linux-gnu/libm-2.23.so
7fae3e2b0000-7fae3e4af000 ---p 00108000 08:03 398053                     /lib/x86_64-linux-gnu/libm-2.23.so
7fae3e4af000-7fae3e4b0000 r--p 00107000 08:03 398053                     /lib/x86_64-linux-gnu/libm-2.23.so
7fae3e4b0000-7fae3e4b1000 rw-p 00108000 08:03 398053                     /lib/x86_64-linux-gnu/libm-2.23.so
7fae3e4b1000-7fae3e623000 r-xp 00000000 08:03 2896151                    /usr/lib/x86_64-linux-gnu/libstdc++.so.6.0.21
7fae3e623000-7fae3e823000 ---p 00172000 08:03 2896151                    /usr/lib/x86_64-linux-gnu/libstdc++.so.6.0.21
7fae3e823000-7fae3e82d000 r--p 00172000 08:03 2896151                    /usr/lib/x86_64-linux-gnu/libstdc++.so.6.0.21
7fae3e82d000-7fae3e82f000 rw-p 0017c000 08:03 2896151                    /usr/lib/x86_64-linux-gnu/libstdc++.so.6.0.21
7fae3e82f000-7fae3e833000 rw-p 00000000 00:00 0 
7fae3e833000-7fae3f479000 r-xp 00000000 08:03 3153771                    /usr/lib/jvm/java-8-openjdk-amd64/jre/lib/amd64/server/libjvm.so
7fae3f479000-7fae3f679000 ---p 00c46000 08:03 3153771                    /usr/lib/jvm/java-8-openjdk-amd64/jre/lib/amd64/server/libjvm.so
7fae3f679000-7fae3f70c000 r--p 00c46000 08:03 3153771                    /usr/lib/jvm/java-8-openjdk-amd64/jre/lib/amd64/server/libjvm.so
7fae3f70c000-7fae3f734000 rw-p 00cd9000 08:03 3153771                    /usr/lib/jvm/java-8-openjdk-amd64/jre/lib/amd64/server/libjvm.so
7fae3f734000-7fae3f764000 rw-p 00000000 00:00 0 
7fae3f764000-7fae3f77c000 r-xp 00000000 08:03 398128                     /lib/x86_64-linux-gnu/libpthread-2.23.so
7fae3f77c000-7fae3f97b000 ---p 00018000 08:03 398128                     /lib/x86_64-linux-gnu/libpthread-2.23.so
7fae3f97b000-7fae3f97c000 r--p 00017000 08:03 398128                     /lib/x86_64-linux-gnu/libpthread-2.23.so
7fae3f97c000-7fae3f97d000 rw-p 00018000 08:03 398128                     /lib/x86_64-linux-gnu/libpthread-2.23.so
7fae3f97d000-7fae3f981000 rw-p 00000000 00:00 0 
7fae3f981000-7fae3f984000 r-xp 00000000 08:03 398007                     /lib/x86_64-linux-gnu/libdl-2.23.so
7fae3f984000-7fae3fb83000 ---p 00003000 08:03 398007                     /lib/x86_64-linux-gnu/libdl-2.23.so
7fae3fb83000-7fae3fb84000 r--p 00002000 08:03 398007                     /lib/x86_64-linux-gnu/libdl-2.23.so
7fae3fb84000-7fae3fb85000 rw-p 00003000 08:03 398007                     /lib/x86_64-linux-gnu/libdl-2.23.so
7fae3fb85000-7fae3fb9e000 r-xp 00000000 08:03 398172                     /lib/x86_64-linux-gnu/libz.so.1.2.8
7fae3fb9e000-7fae3fd9d000 ---p 00019000 08:03 398172                     /lib/x86_64-linux-gnu/libz.so.1.2.8
7fae3fd9d000-7fae3fd9e000 r--p 00018000 08:03 398172                     /lib/x86_64-linux-gnu/libz.so.1.2.8
7fae3fd9e000-7fae3fd9f000 rw-p 00019000 08:03 398172                     /lib/x86_64-linux-gnu/libz.so.1.2.8
7fae3fd9f000-7fae3ff5f000 r-xp 00000000 08:03 397985                     /lib/x86_64-linux-gnu/libc-2.23.so
7fae3ff5f000-7fae4015e000 ---p 001c0000 08:03 397985                     /lib/x86_64-linux-gnu/libc-2.23.so
7fae4015e000-7fae40162000 r--p 001bf000 08:03 397985                     /lib/x86_64-linux-gnu/libc-2.23.so
7fae40162000-7fae40164000 rw-p 001c3000 08:03 397985                     /lib/x86_64-linux-gnu/libc-2.23.so
7fae40164000-7fae40168000 rw-p 00000000 00:00 0 
7fae40168000-7fae40175000 r-xp 00000000 08:03 3153787                    /usr/lib/jvm/java-8-openjdk-amd64/jre/lib/amd64/jli/libjli.so
7fae40175000-7fae40375000 ---p 0000d000 08:03 3153787                    /usr/lib/jvm/java-8-openjdk-amd64/jre/lib/amd64/jli/libjli.so
7fae40375000-7fae40376000 r--p 0000d000 08:03 3153787                    /usr/lib/jvm/java-8-openjdk-amd64/jre/lib/amd64/jli/libjli.so
7fae40376000-7fae40377000 rw-p 0000e000 08:03 3153787                    /usr/lib/jvm/java-8-openjdk-amd64/jre/lib/amd64/jli/libjli.so
7fae40377000-7fae4039d000 r-xp 00000000 08:03 397957                     /lib/x86_64-linux-gnu/ld-2.23.so
7fae4039d000-7fae4039e000 r--s 0000a000 08:03 3153821                    /usr/lib/jvm/java-8-openjdk-amd64/jre/lib/ext/jaccess.jar
7fae4039e000-7fae403a0000 r--s 00001000 08:03 3153818                    /usr/lib/jvm/java-8-openjdk-amd64/jre/lib/ext/dnsns.jar
7fae403a0000-7fae403a5000 r--s 0003b000 08:03 3153823                    /usr/lib/jvm/java-8-openjdk-amd64/jre/lib/ext/sunjce_provider.jar
7fae403a5000-7fae403a6000 r--s 00008000 08:03 3153820                    /usr/lib/jvm/java-8-openjdk-amd64/jre/lib/ext/sunec.jar
7fae403a6000-7fae40476000 rw-p 00000000 00:00 0 
7fae40476000-7fae40479000 ---p 00000000 00:00 0 
7fae40479000-7fae40590000 rw-p 00000000 00:00 0 
7fae40590000-7fae40598000 rw-s 00000000 08:03 663348                     /tmp/hsperfdata_alejandro/18402
7fae40598000-7fae40599000 rw-p 00000000 00:00 0 
7fae40599000-7fae4059a000 ---p 00000000 00:00 0 
7fae4059a000-7fae4059c000 rw-p 00000000 00:00 0 
7fae4059c000-7fae4059d000 r--p 00025000 08:03 397957                     /lib/x86_64-linux-gnu/ld-2.23.so
7fae4059d000-7fae4059e000 rw-p 00026000 08:03 397957                     /lib/x86_64-linux-gnu/ld-2.23.so
7fae4059e000-7fae4059f000 rw-p 00000000 00:00 0 
7ffdfd064000-7ffdfd085000 rw-p 00000000 00:00 0                          [stack]
7ffdfd0ef000-7ffdfd0f1000 r--p 00000000 00:00 0                          [vvar]
7ffdfd0f1000-7ffdfd0f3000 r-xp 00000000 00:00 0                          [vdso]
ffffffffff600000-ffffffffff601000 r-xp 00000000 00:00 0                  [vsyscall]

VM Arguments:
jvm_args: -Djava.awt.headless=true -Xmx1024M -Dfile.encoding=UTF-8 -Duser.country=US -Duser.language=en -Duser.variant 
java_command: com.android.dx.command.Main --dex --force-jumbo --num-threads=4 --output /home/alejandro/AndroidStudioProjects/Raihere/app/build/intermediates/pre-dexed/debug/com.android.support-support-v4-23.4.0_a5d6d00ec94674449f8ad479203ddc9f31dae4d3.jar /home/alejandro/AndroidStudioProjects/Raihere/app/build/intermediates/exploded-aar/com.android.support/support-v4/23.4.0/jars/classes.jar
java_class_path (initial): /home/alejandro/Android/Sdk/build-tools/23.0.1/lib/dx.jar
Launcher Type: SUN_STANDARD

Environment Variables:
PATH=/home/alejandro/bin:/home/alejandro/.local/bin:/usr/local/sbin:/usr/local/bin:/usr/sbin:/usr/bin:/sbin:/bin:/usr/games:/usr/local/games:/snap/bin
USERNAME=alejandro
LD_LIBRARY_PATH=/home/alejandro/android-studio/bin:
SHELL=/bin/bash
DISPLAY=:0

Signal Handlers:
SIGSEGV: [libjvm.so+0xa5e970], sa_mask[0]=11111111011111111101111111111110, sa_flags=SA_RESTART|SA_SIGINFO
SIGBUS: [libjvm.so+0xa5e970], sa_mask[0]=11111111011111111101111111111110, sa_flags=SA_RESTART|SA_SIGINFO
SIGFPE: [libjvm.so+0x8a9ff0], sa_mask[0]=11111111011111111101111111111110, sa_flags=SA_RESTART|SA_SIGINFO
SIGPIPE: [libjvm.so+0x8a9ff0], sa_mask[0]=11111111011111111101111111111110, sa_flags=SA_RESTART|SA_SIGINFO
SIGXFSZ: [libjvm.so+0x8a9ff0], sa_mask[0]=11111111011111111101111111111110, sa_flags=SA_RESTART|SA_SIGINFO
SIGILL: [libjvm.so+0x8a9ff0], sa_mask[0]=11111111011111111101111111111110, sa_flags=SA_RESTART|SA_SIGINFO
SIGUSR1: SIG_DFL, sa_mask[0]=00000000000000000000000000000000, sa_flags=none
SIGUSR2: [libjvm.so+0x8a9ea0], sa_mask[0]=00100000000000000000000000000000, sa_flags=SA_RESTART|SA_SIGINFO
SIGHUP: [libjvm.so+0x8aa370], sa_mask[0]=11111111011111111101111111111110, sa_flags=SA_RESTART|SA_SIGINFO
SIGINT: [libjvm.so+0x8aa370], sa_mask[0]=11111111011111111101111111111110, sa_flags=SA_RESTART|SA_SIGINFO
SIGTERM: [libjvm.so+0x8aa370], sa_mask[0]=11111111011111111101111111111110, sa_flags=SA_RESTART|SA_SIGINFO
SIGQUIT: [libjvm.so+0x8aa370], sa_mask[0]=11111111011111111101111111111110, sa_flags=SA_RESTART|SA_SIGINFO


---------------  S Y S T E M  ---------------

OS:DISTRIB_ID=Ubuntu
DISTRIB_RELEASE=16.04
DISTRIB_CODENAME=xenial
DISTRIB_DESCRIPTION="Ubuntu 16.04.1 LTS"

uname:Linux 4.4.0-38-generic #57-Ubuntu SMP Tue Sep 6 15:42:33 UTC 2016 x86_64
libc:glibc 2.23 NPTL 2.23 
rlimit: STACK 8192k, CORE 0k, NPROC 23289, NOFILE 65536, AS infinity
load average:8.68 3.75 1.95

/proc/meminfo:
MemTotal:        6000956 kB
MemFree:          113608 kB
MemAvailable:      20868 kB
Buffers:             416 kB
Cached:           278008 kB
SwapCached:            0 kB
Active:          5479944 kB
Inactive:         224052 kB
Active(anon):    5464724 kB
Inactive(anon):   213288 kB
Active(file):      15220 kB
Inactive(file):    10764 kB
Unevictable:          16 kB
Mlocked:              16 kB
SwapTotal:             0 kB
SwapFree:              0 kB
Dirty:                 0 kB
Writeback:             8 kB
AnonPages:       5426524 kB
Mapped:            96536 kB
Shmem:            251700 kB
Slab:              86056 kB
SReclaimable:      47220 kB
SUnreclaim:        38836 kB
KernelStack:       12640 kB
PageTables:        42096 kB
NFS_Unstable:          0 kB
Bounce:                0 kB
WritebackTmp:          0 kB
CommitLimit:     3000476 kB
Committed_AS:    9455848 kB
VmallocTotal:   34359738367 kB
VmallocUsed:           0 kB
VmallocChunk:          0 kB
HardwareCorrupted:     0 kB
AnonHugePages:   3489792 kB
CmaTotal:              0 kB
CmaFree:               0 kB
HugePages_Total:       0
HugePages_Free:        0
HugePages_Rsvd:        0
HugePages_Surp:        0
Hugepagesize:       2048 kB
DirectMap4k:       93952 kB
DirectMap2M:     6088704 kB


CPU:total 4 (2 cores per cpu, 2 threads per core) family 6 model 42 stepping 7, cmov, cx8, fxsr, mmx, sse, sse2, sse3, ssse3, sse4.1, sse4.2, popcnt, avx, clmul, ht, tsc, tscinvbit

/proc/cpuinfo:
processor	: 0
vendor_id	: GenuineIntel
cpu family	: 6
model		: 42
model name	: Intel(R) Core(TM) i3-2348M CPU @ 2.30GHz
stepping	: 7
microcode	: 0x28
cpu MHz		: 2300.000
cache size	: 3072 KB
physical id	: 0
siblings	: 4
core id		: 0
cpu cores	: 2
apicid		: 0
initial apicid	: 0
fpu		: yes
fpu_exception	: yes
cpuid level	: 13
wp		: yes
flags		: fpu vme de pse tsc msr pae mce cx8 apic sep mtrr pge mca cmov pat pse36 clflush dts acpi mmx fxsr sse sse2 ss ht tm pbe syscall nx rdtscp lm constant_tsc arch_perfmon pebs bts rep_good nopl xtopology nonstop_tsc aperfmperf eagerfpu pni pclmulqdq dtes64 monitor ds_cpl vmx est tm2 ssse3 cx16 xtpr pdcm pcid sse4_1 sse4_2 x2apic popcnt tsc_deadline_timer xsave avx lahf_lm epb tpr_shadow vnmi flexpriority ept vpid xsaveopt dtherm arat pln pts
bugs		:
bogomips	: 4589.13
clflush size	: 64
cache_alignment	: 64
address sizes	: 36 bits physical, 48 bits virtual
power management:

processor	: 1
vendor_id	: GenuineIntel
cpu family	: 6
model		: 42
model name	: Intel(R) Core(TM) i3-2348M CPU @ 2.30GHz
stepping	: 7
microcode	: 0x28
cpu MHz		: 2300.000
cache size	: 3072 KB
physical id	: 0
siblings	: 4
core id		: 0
cpu cores	: 2
apicid		: 1
initial apicid	: 1
fpu		: yes
fpu_exception	: yes
cpuid level	: 13
wp		: yes
flags		: fpu vme de pse tsc msr pae mce cx8 apic sep mtrr pge mca cmov pat pse36 clflush dts acpi mmx fxsr sse sse2 ss ht tm pbe syscall nx rdtscp lm constant_tsc arch_perfmon pebs bts rep_good nopl xtopology nonstop_tsc aperfmperf eagerfpu pni pclmulqdq dtes64 monitor ds_cpl vmx est tm2 ssse3 cx16 xtpr pdcm pcid sse4_1 sse4_2 x2apic popcnt tsc_deadline_timer xsave avx lahf_lm epb tpr_shadow vnmi flexpriority ept vpid xsaveopt dtherm arat pln pts
bugs		:
bogomips	: 4589.13
clflush size	: 64
cache_alignment	: 64
address sizes	: 36 bits physical, 48 bits virtual
power management:

processor	: 2
vendor_id	: GenuineIntel
cpu family	: 6
model		: 42
model name	: Intel(R) Core(TM) i3-2348M CPU @ 2.30GHz
stepping	: 7
microcode	: 0x28
cpu MHz		: 2299.910
cache size	: 3072 KB
physical id	: 0
siblings	: 4
core id		: 1
cpu cores	: 2
apicid		: 2
initial apicid	: 2
fpu		: yes
fpu_exception	: yes
cpuid level	: 13
wp		: yes
flags		: fpu vme de pse tsc msr pae mce cx8 apic sep mtrr pge mca cmov pat pse36 clflush dts acpi mmx fxsr sse sse2 ss ht tm pbe syscall nx rdtscp lm constant_tsc arch_perfmon pebs bts rep_good nopl xtopology nonstop_tsc aperfmperf eagerfpu pni pclmulqdq dtes64 monitor ds_cpl vmx est tm2 ssse3 cx16 xtpr pdcm pcid sse4_1 sse4_2 x2apic popcnt tsc_deadline_timer xsave avx lahf_lm epb tpr_shadow vnmi flexpriority ept vpid xsaveopt dtherm arat pln pts
bugs		:
bogomips	: 4589.13
clflush size	: 64
cache_alignment	: 64
address sizes	: 36 bits physical, 48 bits virtual
power management:

processor	: 3
vendor_id	: GenuineIntel
cpu family	: 6
model		: 42
model name	: Intel(R) Core(TM) i3-2348M CPU @ 2.30GHz
stepping	: 7
microcode	: 0x28
cpu MHz		: 2299.910
cache size	: 3072 KB
physical id	: 0
siblings	: 4
core id		: 1
cpu cores	: 2
apicid		: 3
initial apicid	: 3
fpu		: yes
fpu_exception	: yes
cpuid level	: 13
wp		: yes
flags		: fpu vme de pse tsc msr pae mce cx8 apic sep mtrr pge mca cmov pat pse36 clflush dts acpi mmx fxsr sse sse2 ss ht tm pbe syscall nx rdtscp lm constant_tsc arch_perfmon pebs bts rep_good nopl xtopology nonstop_tsc aperfmperf eagerfpu pni pclmulqdq dtes64 monitor ds_cpl vmx est tm2 ssse3 cx16 xtpr pdcm pcid sse4_1 sse4_2 x2apic popcnt tsc_deadline_timer xsave avx lahf_lm epb tpr_shadow vnmi flexpriority ept vpid xsaveopt dtherm arat pln pts
bugs		:
bogomips	: 4589.13
clflush size	: 64
cache_alignment	: 64
address sizes	: 36 bits physical, 48 bits virtual
power management:



Memory: 4k page, physical 6000956k(113608k free), swap 0k(0k free)

vm_info: OpenJDK 64-Bit Server VM (25.91-b14) for linux-amd64 JRE (1.8.0_91-8u91-b14-3ubuntu1~16.04.1-b14), built on Jul 21 2016 04:13:34 by "buildd" with gcc 5.3.1 20160413

time: Wed Sep 21 23:14:39 2016
elapsed time: 12 seconds (0d 0h 0m 12s)

